2020-02-21 09:31:25,349 WARN [http-nio-8080-exec-6] o.a.c.u.SessionIdGeneratorBase [DirectJDKLog.java:173] Creation of SecureRandom instance for session ID generation using [SHA1PRNG] took [849] milliseconds.
2020-02-23 15:07:40,557 WARN [restartedMain] o.s.b.d.a.OptionalLiveReloadServer [OptionalLiveReloadServer.java:61] Unable to start LiveReload server
2020-02-23 15:08:17,944 WARN [restartedMain] o.s.b.d.a.OptionalLiveReloadServer [OptionalLiveReloadServer.java:61] Unable to start LiveReload server
2020-02-23 15:19:20,911 WARN [http-nio-8080-exec-6] o.a.c.u.SessionIdGeneratorBase [DirectJDKLog.java:173] Creation of SecureRandom instance for session ID generation using [SHA1PRNG] took [772] milliseconds.
2020-02-23 15:26:18,272 WARN [main] o.a.k.c.NetworkClient [NetworkClient.java:671] [Consumer clientId=consumer-1, groupId=test-consumer-group] Connection to node -1 could not be established. Broker may not be available.
2020-02-23 15:26:20,404 WARN [main] o.a.k.c.NetworkClient [NetworkClient.java:671] [Consumer clientId=consumer-1, groupId=test-consumer-group] Connection to node -1 could not be established. Broker may not be available.
2020-02-23 15:26:22,509 WARN [main] o.a.k.c.NetworkClient [NetworkClient.java:671] [Consumer clientId=consumer-1, groupId=test-consumer-group] Connection to node -1 could not be established. Broker may not be available.
2020-02-23 15:26:24,823 WARN [main] o.a.k.c.NetworkClient [NetworkClient.java:671] [Consumer clientId=consumer-1, groupId=test-consumer-group] Connection to node -1 could not be established. Broker may not be available.
2020-02-23 15:26:27,334 WARN [main] o.a.k.c.NetworkClient [NetworkClient.java:671] [Consumer clientId=consumer-1, groupId=test-consumer-group] Connection to node -1 could not be established. Broker may not be available.
2020-02-23 15:26:30,145 WARN [main] o.a.k.c.NetworkClient [NetworkClient.java:671] [Consumer clientId=consumer-1, groupId=test-consumer-group] Connection to node -1 could not be established. Broker may not be available.
2020-02-23 15:26:33,359 WARN [main] o.a.k.c.NetworkClient [NetworkClient.java:671] [Consumer clientId=consumer-1, groupId=test-consumer-group] Connection to node -1 could not be established. Broker may not be available.
2020-02-23 15:26:36,369 WARN [main] o.a.k.c.NetworkClient [NetworkClient.java:671] [Consumer clientId=consumer-1, groupId=test-consumer-group] Connection to node -1 could not be established. Broker may not be available.
2020-02-23 15:26:39,279 WARN [main] o.a.k.c.NetworkClient [NetworkClient.java:671] [Consumer clientId=consumer-1, groupId=test-consumer-group] Connection to node -1 could not be established. Broker may not be available.
2020-02-23 15:26:42,292 WARN [main] o.a.k.c.NetworkClient [NetworkClient.java:671] [Consumer clientId=consumer-1, groupId=test-consumer-group] Connection to node -1 could not be established. Broker may not be available.
2020-02-23 15:26:45,304 WARN [main] o.a.k.c.NetworkClient [NetworkClient.java:671] [Consumer clientId=consumer-1, groupId=test-consumer-group] Connection to node -1 could not be established. Broker may not be available.
2020-02-23 15:26:48,419 WARN [main] o.a.k.c.NetworkClient [NetworkClient.java:671] [Consumer clientId=consumer-1, groupId=test-consumer-group] Connection to node -1 could not be established. Broker may not be available.
2020-02-23 15:26:51,330 WARN [main] o.a.k.c.NetworkClient [NetworkClient.java:671] [Consumer clientId=consumer-1, groupId=test-consumer-group] Connection to node -1 could not be established. Broker may not be available.
2020-02-23 15:26:54,343 WARN [main] o.a.k.c.NetworkClient [NetworkClient.java:671] [Consumer clientId=consumer-1, groupId=test-consumer-group] Connection to node -1 could not be established. Broker may not be available.
2020-02-23 15:26:57,457 WARN [main] o.a.k.c.NetworkClient [NetworkClient.java:671] [Consumer clientId=consumer-1, groupId=test-consumer-group] Connection to node -1 could not be established. Broker may not be available.
2020-02-23 15:27:00,571 WARN [main] o.a.k.c.NetworkClient [NetworkClient.java:671] [Consumer clientId=consumer-1, groupId=test-consumer-group] Connection to node -1 could not be established. Broker may not be available.
2020-02-23 15:27:03,590 WARN [main] o.a.k.c.NetworkClient [NetworkClient.java:671] [Consumer clientId=consumer-1, groupId=test-consumer-group] Connection to node -1 could not be established. Broker may not be available.
2020-02-23 15:27:26,544 WARN [main] o.a.k.c.NetworkClient [NetworkClient.java:671] [Consumer clientId=consumer-1, groupId=test-consumer-group] Connection to node -1 could not be established. Broker may not be available.
2020-02-23 15:27:28,655 WARN [main] o.a.k.c.NetworkClient [NetworkClient.java:671] [Consumer clientId=consumer-1, groupId=test-consumer-group] Connection to node -1 could not be established. Broker may not be available.
2020-02-23 15:27:30,761 WARN [main] o.a.k.c.NetworkClient [NetworkClient.java:671] [Consumer clientId=consumer-1, groupId=test-consumer-group] Connection to node -1 could not be established. Broker may not be available.
2020-02-23 15:27:32,969 WARN [main] o.a.k.c.NetworkClient [NetworkClient.java:671] [Consumer clientId=consumer-1, groupId=test-consumer-group] Connection to node -1 could not be established. Broker may not be available.
2020-02-23 19:24:29,244 WARN [main] o.a.k.c.NetworkClient [NetworkClient.java:671] [Consumer clientId=consumer-1, groupId=test-consumer-group] Connection to node -1 could not be established. Broker may not be available.
2020-02-23 19:24:31,351 WARN [main] o.a.k.c.NetworkClient [NetworkClient.java:671] [Consumer clientId=consumer-1, groupId=test-consumer-group] Connection to node -1 could not be established. Broker may not be available.
2020-02-23 19:24:33,459 WARN [main] o.a.k.c.NetworkClient [NetworkClient.java:671] [Consumer clientId=consumer-1, groupId=test-consumer-group] Connection to node -1 could not be established. Broker may not be available.
2020-02-23 19:24:35,765 WARN [main] o.a.k.c.NetworkClient [NetworkClient.java:671] [Consumer clientId=consumer-1, groupId=test-consumer-group] Connection to node -1 could not be established. Broker may not be available.
2020-02-23 19:24:38,273 WARN [main] o.a.k.c.NetworkClient [NetworkClient.java:671] [Consumer clientId=consumer-1, groupId=test-consumer-group] Connection to node -1 could not be established. Broker may not be available.
2020-02-23 19:24:40,989 WARN [main] o.a.k.c.NetworkClient [NetworkClient.java:671] [Consumer clientId=consumer-1, groupId=test-consumer-group] Connection to node -1 could not be established. Broker may not be available.
2020-02-23 19:24:44,002 WARN [main] o.a.k.c.NetworkClient [NetworkClient.java:671] [Consumer clientId=consumer-1, groupId=test-consumer-group] Connection to node -1 could not be established. Broker may not be available.
2020-02-23 19:24:47,218 WARN [main] o.a.k.c.NetworkClient [NetworkClient.java:671] [Consumer clientId=consumer-1, groupId=test-consumer-group] Connection to node -1 could not be established. Broker may not be available.
2020-02-23 19:24:50,129 WARN [main] o.a.k.c.NetworkClient [NetworkClient.java:671] [Consumer clientId=consumer-1, groupId=test-consumer-group] Connection to node -1 could not be established. Broker may not be available.
2020-02-23 19:24:53,142 WARN [main] o.a.k.c.NetworkClient [NetworkClient.java:671] [Consumer clientId=consumer-1, groupId=test-consumer-group] Connection to node -1 could not be established. Broker may not be available.
2020-02-23 19:24:56,054 WARN [main] o.a.k.c.NetworkClient [NetworkClient.java:671] [Consumer clientId=consumer-1, groupId=test-consumer-group] Connection to node -1 could not be established. Broker may not be available.
2020-02-23 19:24:58,869 WARN [main] o.a.k.c.NetworkClient [NetworkClient.java:671] [Consumer clientId=consumer-1, groupId=test-consumer-group] Connection to node -1 could not be established. Broker may not be available.
2020-02-23 19:25:01,783 WARN [main] o.a.k.c.NetworkClient [NetworkClient.java:671] [Consumer clientId=consumer-1, groupId=test-consumer-group] Connection to node -1 could not be established. Broker may not be available.
2020-02-23 19:25:04,915 WARN [main] o.a.k.c.NetworkClient [NetworkClient.java:671] [Consumer clientId=consumer-1, groupId=test-consumer-group] Connection to node -1 could not be established. Broker may not be available.
2020-02-23 19:25:07,824 WARN [main] o.a.k.c.NetworkClient [NetworkClient.java:671] [Consumer clientId=consumer-1, groupId=test-consumer-group] Connection to node -1 could not be established. Broker may not be available.
2020-02-23 19:25:10,940 WARN [main] o.a.k.c.NetworkClient [NetworkClient.java:671] [Consumer clientId=consumer-1, groupId=test-consumer-group] Connection to node -1 could not be established. Broker may not be available.
2020-02-23 19:25:14,154 WARN [main] o.a.k.c.NetworkClient [NetworkClient.java:671] [Consumer clientId=consumer-1, groupId=test-consumer-group] Connection to node -1 could not be established. Broker may not be available.
2020-02-23 19:25:17,066 WARN [main] o.a.k.c.NetworkClient [NetworkClient.java:671] [Consumer clientId=consumer-1, groupId=test-consumer-group] Connection to node -1 could not be established. Broker may not be available.
2020-02-23 19:25:20,180 WARN [main] o.a.k.c.NetworkClient [NetworkClient.java:671] [Consumer clientId=consumer-1, groupId=test-consumer-group] Connection to node -1 could not be established. Broker may not be available.
2020-02-23 19:25:23,192 WARN [main] o.a.k.c.NetworkClient [NetworkClient.java:671] [Consumer clientId=consumer-1, groupId=test-consumer-group] Connection to node -1 could not be established. Broker may not be available.
2020-02-23 19:25:26,205 WARN [main] o.a.k.c.NetworkClient [NetworkClient.java:671] [Consumer clientId=consumer-1, groupId=test-consumer-group] Connection to node -1 could not be established. Broker may not be available.
2020-02-23 19:25:27,215 WARN [main] o.s.w.c.s.GenericWebApplicationContext [AbstractApplicationContext.java:557] Exception encountered during context initialization - cancelling refresh attempt: org.springframework.context.ApplicationContextException: Failed to start bean 'org.springframework.kafka.config.internalKafkaListenerEndpointRegistry'; nested exception is org.apache.kafka.common.errors.TimeoutException: Timeout expired while fetching topic metadata
2020-02-23 19:27:17,432 WARN [main] o.a.k.c.NetworkClient [NetworkClient.java:671] [Consumer clientId=consumer-1, groupId=test-consumer-group] Connection to node -1 could not be established. Broker may not be available.
2020-02-23 19:27:19,543 WARN [main] o.a.k.c.NetworkClient [NetworkClient.java:671] [Consumer clientId=consumer-1, groupId=test-consumer-group] Connection to node -1 could not be established. Broker may not be available.
2020-02-23 19:27:21,749 WARN [main] o.a.k.c.NetworkClient [NetworkClient.java:671] [Consumer clientId=consumer-1, groupId=test-consumer-group] Connection to node -1 could not be established. Broker may not be available.
2020-02-23 19:27:23,958 WARN [main] o.a.k.c.NetworkClient [NetworkClient.java:671] [Consumer clientId=consumer-1, groupId=test-consumer-group] Connection to node -1 could not be established. Broker may not be available.
2020-02-23 19:27:26,468 WARN [main] o.a.k.c.NetworkClient [NetworkClient.java:671] [Consumer clientId=consumer-1, groupId=test-consumer-group] Connection to node -1 could not be established. Broker may not be available.
2020-02-23 19:27:29,480 WARN [main] o.a.k.c.NetworkClient [NetworkClient.java:671] [Consumer clientId=consumer-1, groupId=test-consumer-group] Connection to node -1 could not be established. Broker may not be available.
2020-02-23 19:27:32,390 WARN [main] o.a.k.c.NetworkClient [NetworkClient.java:671] [Consumer clientId=consumer-1, groupId=test-consumer-group] Connection to node -1 could not be established. Broker may not be available.
2020-02-23 19:27:35,402 WARN [main] o.a.k.c.NetworkClient [NetworkClient.java:671] [Consumer clientId=consumer-1, groupId=test-consumer-group] Connection to node -1 could not be established. Broker may not be available.
2020-02-23 19:27:38,314 WARN [main] o.a.k.c.NetworkClient [NetworkClient.java:671] [Consumer clientId=consumer-1, groupId=test-consumer-group] Connection to node -1 could not be established. Broker may not be available.
2020-02-23 19:27:41,239 WARN [main] o.a.k.c.NetworkClient [NetworkClient.java:671] [Consumer clientId=consumer-1, groupId=test-consumer-group] Connection to node -1 could not be established. Broker may not be available.
2020-02-23 19:27:44,452 WARN [main] o.a.k.c.NetworkClient [NetworkClient.java:671] [Consumer clientId=consumer-1, groupId=test-consumer-group] Connection to node -1 could not be established. Broker may not be available.
2020-02-23 19:27:47,368 WARN [main] o.a.k.c.NetworkClient [NetworkClient.java:671] [Consumer clientId=consumer-1, groupId=test-consumer-group] Connection to node -1 could not be established. Broker may not be available.
2020-02-23 19:27:50,482 WARN [main] o.a.k.c.NetworkClient [NetworkClient.java:671] [Consumer clientId=consumer-1, groupId=test-consumer-group] Connection to node -1 could not be established. Broker may not be available.
2020-02-23 19:27:53,595 WARN [main] o.a.k.c.NetworkClient [NetworkClient.java:671] [Consumer clientId=consumer-1, groupId=test-consumer-group] Connection to node -1 could not be established. Broker may not be available.
2020-02-23 19:27:56,709 WARN [main] o.a.k.c.NetworkClient [NetworkClient.java:671] [Consumer clientId=consumer-1, groupId=test-consumer-group] Connection to node -1 could not be established. Broker may not be available.
2020-02-23 19:27:59,832 WARN [main] o.a.k.c.NetworkClient [NetworkClient.java:671] [Consumer clientId=consumer-1, groupId=test-consumer-group] Connection to node -1 could not be established. Broker may not be available.
2020-02-23 19:28:03,045 WARN [main] o.a.k.c.NetworkClient [NetworkClient.java:671] [Consumer clientId=consumer-1, groupId=test-consumer-group] Connection to node -1 could not be established. Broker may not be available.
2020-02-23 19:28:06,161 WARN [main] o.a.k.c.NetworkClient [NetworkClient.java:671] [Consumer clientId=consumer-1, groupId=test-consumer-group] Connection to node -1 could not be established. Broker may not be available.
2020-02-23 19:28:09,390 WARN [main] o.a.k.c.NetworkClient [NetworkClient.java:671] [Consumer clientId=consumer-1, groupId=test-consumer-group] Connection to node -1 could not be established. Broker may not be available.
2020-02-23 19:28:12,301 WARN [main] o.a.k.c.NetworkClient [NetworkClient.java:671] [Consumer clientId=consumer-1, groupId=test-consumer-group] Connection to node -1 could not be established. Broker may not be available.
2020-02-23 19:28:15,218 WARN [main] o.a.k.c.NetworkClient [NetworkClient.java:671] [Consumer clientId=consumer-1, groupId=test-consumer-group] Connection to node -1 could not be established. Broker may not be available.
2020-02-23 19:28:15,427 WARN [main] o.s.w.c.s.GenericWebApplicationContext [AbstractApplicationContext.java:557] Exception encountered during context initialization - cancelling refresh attempt: org.springframework.context.ApplicationContextException: Failed to start bean 'org.springframework.kafka.config.internalKafkaListenerEndpointRegistry'; nested exception is org.apache.kafka.common.errors.TimeoutException: Timeout expired while fetching topic metadata
2020-02-23 19:30:08,781 WARN [main] o.a.k.c.NetworkClient [NetworkClient.java:671] [Consumer clientId=consumer-1, groupId=test-consumer-group] Connection to node -1 could not be established. Broker may not be available.
2020-02-23 19:30:10,891 WARN [main] o.a.k.c.NetworkClient [NetworkClient.java:671] [Consumer clientId=consumer-1, groupId=test-consumer-group] Connection to node -1 could not be established. Broker may not be available.
2020-02-23 19:30:12,999 WARN [main] o.a.k.c.NetworkClient [NetworkClient.java:671] [Consumer clientId=consumer-1, groupId=test-consumer-group] Connection to node -1 could not be established. Broker may not be available.
2020-02-23 19:30:15,205 WARN [main] o.a.k.c.NetworkClient [NetworkClient.java:671] [Consumer clientId=consumer-1, groupId=test-consumer-group] Connection to node -1 could not be established. Broker may not be available.
2020-02-23 19:30:17,714 WARN [main] o.a.k.c.NetworkClient [NetworkClient.java:671] [Consumer clientId=consumer-1, groupId=test-consumer-group] Connection to node -1 could not be established. Broker may not be available.
2020-02-23 19:30:20,626 WARN [main] o.a.k.c.NetworkClient [NetworkClient.java:671] [Consumer clientId=consumer-1, groupId=test-consumer-group] Connection to node -1 could not be established. Broker may not be available.
2020-02-23 19:30:23,441 WARN [main] o.a.k.c.NetworkClient [NetworkClient.java:671] [Consumer clientId=consumer-1, groupId=test-consumer-group] Connection to node -1 could not be established. Broker may not be available.
2020-02-23 19:30:26,553 WARN [main] o.a.k.c.NetworkClient [NetworkClient.java:671] [Consumer clientId=consumer-1, groupId=test-consumer-group] Connection to node -1 could not be established. Broker may not be available.
2020-02-23 19:31:31,962 WARN [main] o.a.k.c.NetworkClient [NetworkClient.java:671] [Consumer clientId=consumer-1, groupId=test-consumer-group] Connection to node -1 could not be established. Broker may not be available.
2020-02-23 19:31:34,068 WARN [main] o.a.k.c.NetworkClient [NetworkClient.java:671] [Consumer clientId=consumer-1, groupId=test-consumer-group] Connection to node -1 could not be established. Broker may not be available.
2020-02-23 19:31:36,278 WARN [main] o.a.k.c.NetworkClient [NetworkClient.java:671] [Consumer clientId=consumer-1, groupId=test-consumer-group] Connection to node -1 could not be established. Broker may not be available.
2020-02-23 19:32:00,451 WARN [main] o.a.k.c.NetworkClient [NetworkClient.java:671] [Consumer clientId=consumer-1, groupId=test-consumer-group] Connection to node -1 could not be established. Broker may not be available.
2020-02-23 19:32:02,558 WARN [main] o.a.k.c.NetworkClient [NetworkClient.java:671] [Consumer clientId=consumer-1, groupId=test-consumer-group] Connection to node -1 could not be established. Broker may not be available.
2020-02-23 19:32:04,662 WARN [main] o.a.k.c.NetworkClient [NetworkClient.java:671] [Consumer clientId=consumer-1, groupId=test-consumer-group] Connection to node -1 could not be established. Broker may not be available.
2020-02-23 19:32:06,970 WARN [main] o.a.k.c.NetworkClient [NetworkClient.java:671] [Consumer clientId=consumer-1, groupId=test-consumer-group] Connection to node -1 could not be established. Broker may not be available.
2020-02-23 19:32:09,379 WARN [main] o.a.k.c.NetworkClient [NetworkClient.java:671] [Consumer clientId=consumer-1, groupId=test-consumer-group] Connection to node -1 could not be established. Broker may not be available.
2020-02-23 19:32:12,091 WARN [main] o.a.k.c.NetworkClient [NetworkClient.java:671] [Consumer clientId=consumer-1, groupId=test-consumer-group] Connection to node -1 could not be established. Broker may not be available.
2020-02-23 19:32:15,109 WARN [main] o.a.k.c.NetworkClient [NetworkClient.java:671] [Consumer clientId=consumer-1, groupId=test-consumer-group] Connection to node -1 could not be established. Broker may not be available.
2020-02-23 19:32:18,224 WARN [main] o.a.k.c.NetworkClient [NetworkClient.java:671] [Consumer clientId=consumer-1, groupId=test-consumer-group] Connection to node -1 could not be established. Broker may not be available.
2020-02-23 19:32:21,234 WARN [main] o.a.k.c.NetworkClient [NetworkClient.java:671] [Consumer clientId=consumer-1, groupId=test-consumer-group] Connection to node -1 could not be established. Broker may not be available.
2020-02-23 19:32:24,045 WARN [main] o.a.k.c.NetworkClient [NetworkClient.java:671] [Consumer clientId=consumer-1, groupId=test-consumer-group] Connection to node -1 could not be established. Broker may not be available.
2020-02-23 19:32:27,057 WARN [main] o.a.k.c.NetworkClient [NetworkClient.java:671] [Consumer clientId=consumer-1, groupId=test-consumer-group] Connection to node -1 could not be established. Broker may not be available.
2020-02-23 19:32:30,169 WARN [main] o.a.k.c.NetworkClient [NetworkClient.java:671] [Consumer clientId=consumer-1, groupId=test-consumer-group] Connection to node -1 could not be established. Broker may not be available.
2020-02-23 19:32:33,080 WARN [main] o.a.k.c.NetworkClient [NetworkClient.java:671] [Consumer clientId=consumer-1, groupId=test-consumer-group] Connection to node -1 could not be established. Broker may not be available.
2020-02-23 19:32:36,193 WARN [main] o.a.k.c.NetworkClient [NetworkClient.java:671] [Consumer clientId=consumer-1, groupId=test-consumer-group] Connection to node -1 could not be established. Broker may not be available.
2020-02-23 19:32:39,408 WARN [main] o.a.k.c.NetworkClient [NetworkClient.java:671] [Consumer clientId=consumer-1, groupId=test-consumer-group] Connection to node -1 could not be established. Broker may not be available.
2020-02-23 19:32:42,317 WARN [main] o.a.k.c.NetworkClient [NetworkClient.java:671] [Consumer clientId=consumer-1, groupId=test-consumer-group] Connection to node -1 could not be established. Broker may not be available.
2020-02-23 19:32:45,438 WARN [main] o.a.k.c.NetworkClient [NetworkClient.java:671] [Consumer clientId=consumer-1, groupId=test-consumer-group] Connection to node -1 could not be established. Broker may not be available.
2020-02-23 19:32:48,654 WARN [main] o.a.k.c.NetworkClient [NetworkClient.java:671] [Consumer clientId=consumer-1, groupId=test-consumer-group] Connection to node -1 could not be established. Broker may not be available.
2020-02-23 19:32:51,765 WARN [main] o.a.k.c.NetworkClient [NetworkClient.java:671] [Consumer clientId=consumer-1, groupId=test-consumer-group] Connection to node -1 could not be established. Broker may not be available.
2020-02-23 19:32:54,677 WARN [main] o.a.k.c.NetworkClient [NetworkClient.java:671] [Consumer clientId=consumer-1, groupId=test-consumer-group] Connection to node -1 could not be established. Broker may not be available.
2020-02-23 19:32:57,791 WARN [main] o.a.k.c.NetworkClient [NetworkClient.java:671] [Consumer clientId=consumer-1, groupId=test-consumer-group] Connection to node -1 could not be established. Broker may not be available.
2020-02-23 19:32:58,465 WARN [main] o.s.w.c.s.GenericWebApplicationContext [AbstractApplicationContext.java:557] Exception encountered during context initialization - cancelling refresh attempt: org.springframework.context.ApplicationContextException: Failed to start bean 'org.springframework.kafka.config.internalKafkaListenerEndpointRegistry'; nested exception is org.apache.kafka.common.errors.TimeoutException: Timeout expired while fetching topic metadata
2020-02-23 19:36:09,627 WARN [main] o.a.k.c.NetworkClient [NetworkClient.java:671] [Consumer clientId=consumer-1, groupId=test-consumer-group] Connection to node -1 could not be established. Broker may not be available.
2020-02-23 19:36:11,780 WARN [main] o.a.k.c.NetworkClient [NetworkClient.java:671] [Consumer clientId=consumer-1, groupId=test-consumer-group] Connection to node -1 could not be established. Broker may not be available.
2020-02-23 19:36:13,986 WARN [main] o.a.k.c.NetworkClient [NetworkClient.java:671] [Consumer clientId=consumer-1, groupId=test-consumer-group] Connection to node -1 could not be established. Broker may not be available.
2020-02-23 19:36:16,202 WARN [main] o.a.k.c.NetworkClient [NetworkClient.java:671] [Consumer clientId=consumer-1, groupId=test-consumer-group] Connection to node -1 could not be established. Broker may not be available.
2020-02-23 19:36:18,614 WARN [main] o.a.k.c.NetworkClient [NetworkClient.java:671] [Consumer clientId=consumer-1, groupId=test-consumer-group] Connection to node -1 could not be established. Broker may not be available.
2020-02-23 19:36:21,424 WARN [main] o.a.k.c.NetworkClient [NetworkClient.java:671] [Consumer clientId=consumer-1, groupId=test-consumer-group] Connection to node -1 could not be established. Broker may not be available.
2020-02-23 19:36:24,638 WARN [main] o.a.k.c.NetworkClient [NetworkClient.java:671] [Consumer clientId=consumer-1, groupId=test-consumer-group] Connection to node -1 could not be established. Broker may not be available.
2020-02-23 19:36:27,851 WARN [main] o.a.k.c.NetworkClient [NetworkClient.java:671] [Consumer clientId=consumer-1, groupId=test-consumer-group] Connection to node -1 could not be established. Broker may not be available.
2020-02-23 19:36:30,864 WARN [main] o.a.k.c.NetworkClient [NetworkClient.java:671] [Consumer clientId=consumer-1, groupId=test-consumer-group] Connection to node -1 could not be established. Broker may not be available.
2020-02-23 19:36:34,080 WARN [main] o.a.k.c.NetworkClient [NetworkClient.java:671] [Consumer clientId=consumer-1, groupId=test-consumer-group] Connection to node -1 could not be established. Broker may not be available.
2020-02-23 19:37:03,069 WARN [main] o.a.k.c.NetworkClient [NetworkClient.java:671] [Consumer clientId=consumer-1, groupId=test-consumer-group] Connection to node -1 could not be established. Broker may not be available.
2020-02-23 19:37:05,179 WARN [main] o.a.k.c.NetworkClient [NetworkClient.java:671] [Consumer clientId=consumer-1, groupId=test-consumer-group] Connection to node -1 could not be established. Broker may not be available.
2020-02-23 19:37:07,286 WARN [main] o.a.k.c.NetworkClient [NetworkClient.java:671] [Consumer clientId=consumer-1, groupId=test-consumer-group] Connection to node -1 could not be established. Broker may not be available.
2020-02-23 19:37:09,593 WARN [main] o.a.k.c.NetworkClient [NetworkClient.java:671] [Consumer clientId=consumer-1, groupId=test-consumer-group] Connection to node -1 could not be established. Broker may not be available.
2020-02-23 19:37:12,003 WARN [main] o.a.k.c.NetworkClient [NetworkClient.java:671] [Consumer clientId=consumer-1, groupId=test-consumer-group] Connection to node -1 could not be established. Broker may not be available.
2020-02-23 19:37:14,712 WARN [main] o.a.k.c.NetworkClient [NetworkClient.java:671] [Consumer clientId=consumer-1, groupId=test-consumer-group] Connection to node -1 could not be established. Broker may not be available.
2020-02-23 19:37:17,725 WARN [main] o.a.k.c.NetworkClient [NetworkClient.java:671] [Consumer clientId=consumer-1, groupId=test-consumer-group] Connection to node -1 could not be established. Broker may not be available.
2020-02-23 19:37:20,636 WARN [main] o.a.k.c.NetworkClient [NetworkClient.java:671] [Consumer clientId=consumer-1, groupId=test-consumer-group] Connection to node -1 could not be established. Broker may not be available.
2020-02-23 19:37:23,749 WARN [main] o.a.k.c.NetworkClient [NetworkClient.java:671] [Consumer clientId=consumer-1, groupId=test-consumer-group] Connection to node -1 could not be established. Broker may not be available.
2020-02-23 19:37:26,762 WARN [main] o.a.k.c.NetworkClient [NetworkClient.java:671] [Consumer clientId=consumer-1, groupId=test-consumer-group] Connection to node -1 could not be established. Broker may not be available.
2020-02-23 19:37:29,671 WARN [main] o.a.k.c.NetworkClient [NetworkClient.java:671] [Consumer clientId=consumer-1, groupId=test-consumer-group] Connection to node -1 could not be established. Broker may not be available.
2020-02-23 19:37:32,683 WARN [main] o.a.k.c.NetworkClient [NetworkClient.java:671] [Consumer clientId=consumer-1, groupId=test-consumer-group] Connection to node -1 could not be established. Broker may not be available.
2020-02-23 19:37:35,796 WARN [main] o.a.k.c.NetworkClient [NetworkClient.java:671] [Consumer clientId=consumer-1, groupId=test-consumer-group] Connection to node -1 could not be established. Broker may not be available.
2020-02-23 19:37:38,809 WARN [main] o.a.k.c.NetworkClient [NetworkClient.java:671] [Consumer clientId=consumer-1, groupId=test-consumer-group] Connection to node -1 could not be established. Broker may not be available.
2020-02-23 19:37:41,820 WARN [main] o.a.k.c.NetworkClient [NetworkClient.java:671] [Consumer clientId=consumer-1, groupId=test-consumer-group] Connection to node -1 could not be established. Broker may not be available.
2020-02-23 19:37:44,832 WARN [main] o.a.k.c.NetworkClient [NetworkClient.java:671] [Consumer clientId=consumer-1, groupId=test-consumer-group] Connection to node -1 could not be established. Broker may not be available.
2020-02-23 19:37:47,844 WARN [main] o.a.k.c.NetworkClient [NetworkClient.java:671] [Consumer clientId=consumer-1, groupId=test-consumer-group] Connection to node -1 could not be established. Broker may not be available.
2020-02-23 19:37:50,960 WARN [main] o.a.k.c.NetworkClient [NetworkClient.java:671] [Consumer clientId=consumer-1, groupId=test-consumer-group] Connection to node -1 could not be established. Broker may not be available.
2020-02-23 19:37:53,970 WARN [main] o.a.k.c.NetworkClient [NetworkClient.java:671] [Consumer clientId=consumer-1, groupId=test-consumer-group] Connection to node -1 could not be established. Broker may not be available.
2020-02-23 19:37:56,881 WARN [main] o.a.k.c.NetworkClient [NetworkClient.java:671] [Consumer clientId=consumer-1, groupId=test-consumer-group] Connection to node -1 could not be established. Broker may not be available.
2020-02-23 19:37:59,895 WARN [main] o.a.k.c.NetworkClient [NetworkClient.java:671] [Consumer clientId=consumer-1, groupId=test-consumer-group] Connection to node -1 could not be established. Broker may not be available.
2020-02-23 19:38:01,060 WARN [main] o.s.w.c.s.GenericWebApplicationContext [AbstractApplicationContext.java:557] Exception encountered during context initialization - cancelling refresh attempt: org.springframework.context.ApplicationContextException: Failed to start bean 'org.springframework.kafka.config.internalKafkaListenerEndpointRegistry'; nested exception is org.apache.kafka.common.errors.TimeoutException: Timeout expired while fetching topic metadata
2020-02-23 19:39:49,896 WARN [http-nio-8080-exec-2] o.s.w.s.m.s.DefaultHandlerExceptionResolver [AbstractHandlerExceptionResolver.java:198] Resolved [org.springframework.web.method.annotation.MethodArgumentTypeMismatchException: Failed to convert value of type 'java.lang.String' to required type 'int'; nested exception is java.lang.NumberFormatException: For input string: "my-post.html"]
2020-02-23 19:40:02,818 WARN [http-nio-8080-exec-2] o.a.c.u.SessionIdGeneratorBase [DirectJDKLog.java:173] Creation of SecureRandom instance for session ID generation using [SHA1PRNG] took [824] milliseconds.
2020-02-23 20:11:15,879 WARN [HikariPool-1 housekeeper] c.z.h.p.HikariPool [HikariPool.java:766] HikariPool-1 - Thread starvation or clock leap detected (housekeeper delta=3m838ms619µs100ns).
2020-02-23 20:13:34,608 WARN [http-nio-8080-exec-5] o.a.c.u.SessionIdGeneratorBase [DirectJDKLog.java:173] Creation of SecureRandom instance for session ID generation using [SHA1PRNG] took [861] milliseconds.
2020-02-23 21:04:50,868 WARN [main] o.a.k.c.NetworkClient [NetworkClient.java:671] [Consumer clientId=consumer-1, groupId=test-consumer-group] Connection to node -1 could not be established. Broker may not be available.
2020-02-23 21:04:53,020 WARN [main] o.a.k.c.NetworkClient [NetworkClient.java:671] [Consumer clientId=consumer-1, groupId=test-consumer-group] Connection to node -1 could not be established. Broker may not be available.
2020-02-23 21:04:55,128 WARN [main] o.a.k.c.NetworkClient [NetworkClient.java:671] [Consumer clientId=consumer-1, groupId=test-consumer-group] Connection to node -1 could not be established. Broker may not be available.
2020-02-23 21:04:57,436 WARN [main] o.a.k.c.NetworkClient [NetworkClient.java:671] [Consumer clientId=consumer-1, groupId=test-consumer-group] Connection to node -1 could not be established. Broker may not be available.
2020-02-23 21:04:59,846 WARN [main] o.a.k.c.NetworkClient [NetworkClient.java:671] [Consumer clientId=consumer-1, groupId=test-consumer-group] Connection to node -1 could not be established. Broker may not be available.
2020-02-23 21:05:02,657 WARN [main] o.a.k.c.NetworkClient [NetworkClient.java:671] [Consumer clientId=consumer-1, groupId=test-consumer-group] Connection to node -1 could not be established. Broker may not be available.
2020-02-23 21:05:05,872 WARN [main] o.a.k.c.NetworkClient [NetworkClient.java:671] [Consumer clientId=consumer-1, groupId=test-consumer-group] Connection to node -1 could not be established. Broker may not be available.
2020-02-23 21:17:12,612 WARN [main] o.a.k.c.NetworkClient [NetworkClient.java:671] [Consumer clientId=consumer-1, groupId=test-consumer-group] Connection to node -1 could not be established. Broker may not be available.
2020-02-23 21:17:14,749 WARN [main] o.a.k.c.NetworkClient [NetworkClient.java:671] [Consumer clientId=consumer-1, groupId=test-consumer-group] Connection to node -1 could not be established. Broker may not be available.
2020-02-23 21:17:16,854 WARN [main] o.a.k.c.NetworkClient [NetworkClient.java:671] [Consumer clientId=consumer-1, groupId=test-consumer-group] Connection to node -1 could not be established. Broker may not be available.
2020-02-23 21:17:19,160 WARN [main] o.a.k.c.NetworkClient [NetworkClient.java:671] [Consumer clientId=consumer-1, groupId=test-consumer-group] Connection to node -1 could not be established. Broker may not be available.
2020-02-23 21:17:21,670 WARN [main] o.a.k.c.NetworkClient [NetworkClient.java:671] [Consumer clientId=consumer-1, groupId=test-consumer-group] Connection to node -1 could not be established. Broker may not be available.
2020-02-23 21:17:24,581 WARN [main] o.a.k.c.NetworkClient [NetworkClient.java:671] [Consumer clientId=consumer-1, groupId=test-consumer-group] Connection to node -1 could not be established. Broker may not be available.
2020-02-23 21:17:27,694 WARN [main] o.a.k.c.NetworkClient [NetworkClient.java:671] [Consumer clientId=consumer-1, groupId=test-consumer-group] Connection to node -1 could not be established. Broker may not be available.
2020-02-23 21:17:30,606 WARN [main] o.a.k.c.NetworkClient [NetworkClient.java:671] [Consumer clientId=consumer-1, groupId=test-consumer-group] Connection to node -1 could not be established. Broker may not be available.
2020-02-23 21:17:33,819 WARN [main] o.a.k.c.NetworkClient [NetworkClient.java:671] [Consumer clientId=consumer-1, groupId=test-consumer-group] Connection to node -1 could not be established. Broker may not be available.
2020-02-23 21:17:36,733 WARN [main] o.a.k.c.NetworkClient [NetworkClient.java:671] [Consumer clientId=consumer-1, groupId=test-consumer-group] Connection to node -1 could not be established. Broker may not be available.
