2020-02-25 17:01:29,822 INFO [main] c.n.c.MessageMapperTest [StartupInfoLogger.java:50] Starting MessageMapperTest on DESKTOP-G9KOJV6 with PID 63652 (started by 59842 in F:\javaproject\community)
2020-02-25 17:01:29,875 INFO [main] c.n.c.MessageMapperTest [SpringApplication.java:675] No active profile set, falling back to default profiles: default
2020-02-25 17:01:35,617 INFO [main] o.s.d.r.c.RepositoryConfigurationDelegate [RepositoryConfigurationDelegate.java:244] Multiple Spring Data modules found, entering strict repository configuration mode!
2020-02-25 17:01:35,622 INFO [main] o.s.d.r.c.RepositoryConfigurationDelegate [RepositoryConfigurationDelegate.java:126] Bootstrapping Spring Data repositories in DEFAULT mode.
2020-02-25 17:01:35,665 INFO [main] o.s.d.r.c.RepositoryConfigurationDelegate [RepositoryConfigurationDelegate.java:182] Finished Spring Data repository scanning in 18ms. Found 0 repository interfaces.
2020-02-25 17:01:37,336 INFO [main] o.s.c.s.PostProcessorRegistrationDelegate$BeanPostProcessorChecker [PostProcessorRegistrationDelegate.java:330] Bean 'org.springframework.kafka.annotation.KafkaBootstrapConfiguration' of type [org.springframework.kafka.annotation.KafkaBootstrapConfiguration$$EnhancerBySpringCGLIB$$3b89e497] is not eligible for getting processed by all BeanPostProcessors (for example: not eligible for auto-proxying)
2020-02-25 17:01:37,440 INFO [main] o.s.c.s.PostProcessorRegistrationDelegate$BeanPostProcessorChecker [PostProcessorRegistrationDelegate.java:330] Bean 'org.springframework.transaction.annotation.ProxyTransactionManagementConfiguration' of type [org.springframework.transaction.annotation.ProxyTransactionManagementConfiguration$$EnhancerBySpringCGLIB$$67d7d314] is not eligible for getting processed by all BeanPostProcessors (for example: not eligible for auto-proxying)
2020-02-25 17:01:43,982 INFO [main] o.s.s.c.ThreadPoolTaskExecutor [ExecutorConfigurationSupport.java:171] Initializing ExecutorService 'applicationTaskExecutor'
2020-02-25 17:01:44,873 INFO [main] o.s.b.a.w.s.WelcomePageHandlerMapping [WelcomePageHandlerMapping.java:61] Adding welcome page template: index
2020-02-25 17:01:47,014 INFO [main] o.a.k.c.c.ConsumerConfig [AbstractConfig.java:279] ConsumerConfig values: 
	auto.commit.interval.ms = 5000
	auto.offset.reset = latest
	bootstrap.servers = [localhost:9092]
	check.crcs = true
	client.id = 
	connections.max.idle.ms = 540000
	default.api.timeout.ms = 60000
	enable.auto.commit = true
	exclude.internal.topics = true
	fetch.max.bytes = 52428800
	fetch.max.wait.ms = 500
	fetch.min.bytes = 1
	group.id = test-consumer-group
	heartbeat.interval.ms = 3000
	interceptor.classes = []
	internal.leave.group.on.close = true
	isolation.level = read_uncommitted
	key.deserializer = class org.apache.kafka.common.serialization.StringDeserializer
	max.partition.fetch.bytes = 1048576
	max.poll.interval.ms = 300000
	max.poll.records = 500
	metadata.max.age.ms = 300000
	metric.reporters = []
	metrics.num.samples = 2
	metrics.recording.level = INFO
	metrics.sample.window.ms = 30000
	partition.assignment.strategy = [class org.apache.kafka.clients.consumer.RangeAssignor]
	receive.buffer.bytes = 65536
	reconnect.backoff.max.ms = 1000
	reconnect.backoff.ms = 50
	request.timeout.ms = 30000
	retry.backoff.ms = 100
	sasl.client.callback.handler.class = null
	sasl.jaas.config = null
	sasl.kerberos.kinit.cmd = /usr/bin/kinit
	sasl.kerberos.min.time.before.relogin = 60000
	sasl.kerberos.service.name = null
	sasl.kerberos.ticket.renew.jitter = 0.05
	sasl.kerberos.ticket.renew.window.factor = 0.8
	sasl.login.callback.handler.class = null
	sasl.login.class = null
	sasl.login.refresh.buffer.seconds = 300
	sasl.login.refresh.min.period.seconds = 60
	sasl.login.refresh.window.factor = 0.8
	sasl.login.refresh.window.jitter = 0.05
	sasl.mechanism = GSSAPI
	security.protocol = PLAINTEXT
	send.buffer.bytes = 131072
	session.timeout.ms = 10000
	ssl.cipher.suites = null
	ssl.enabled.protocols = [TLSv1.2, TLSv1.1, TLSv1]
	ssl.endpoint.identification.algorithm = https
	ssl.key.password = null
	ssl.keymanager.algorithm = SunX509
	ssl.keystore.location = null
	ssl.keystore.password = null
	ssl.keystore.type = JKS
	ssl.protocol = TLS
	ssl.provider = null
	ssl.secure.random.implementation = null
	ssl.trustmanager.algorithm = PKIX
	ssl.truststore.location = null
	ssl.truststore.password = null
	ssl.truststore.type = JKS
	value.deserializer = class org.apache.kafka.common.serialization.StringDeserializer

2020-02-25 17:01:48,015 INFO [main] o.a.k.c.u.AppInfoParser [AppInfoParser.java:109] Kafka version : 2.0.1
2020-02-25 17:01:48,016 INFO [main] o.a.k.c.u.AppInfoParser [AppInfoParser.java:110] Kafka commitId : fa14705e51bd2ce5
2020-02-25 17:01:53,964 INFO [main] o.a.k.c.Metadata [Metadata.java:285] Cluster ID: 2-lcMegGRuqMVEJVM3Dr_w
2020-02-25 17:01:54,816 INFO [main] o.a.k.c.c.ConsumerConfig [AbstractConfig.java:279] ConsumerConfig values: 
	auto.commit.interval.ms = 5000
	auto.offset.reset = latest
	bootstrap.servers = [localhost:9092]
	check.crcs = true
	client.id = 
	connections.max.idle.ms = 540000
	default.api.timeout.ms = 60000
	enable.auto.commit = true
	exclude.internal.topics = true
	fetch.max.bytes = 52428800
	fetch.max.wait.ms = 500
	fetch.min.bytes = 1
	group.id = test-consumer-group
	heartbeat.interval.ms = 3000
	interceptor.classes = []
	internal.leave.group.on.close = true
	isolation.level = read_uncommitted
	key.deserializer = class org.apache.kafka.common.serialization.StringDeserializer
	max.partition.fetch.bytes = 1048576
	max.poll.interval.ms = 300000
	max.poll.records = 500
	metadata.max.age.ms = 300000
	metric.reporters = []
	metrics.num.samples = 2
	metrics.recording.level = INFO
	metrics.sample.window.ms = 30000
	partition.assignment.strategy = [class org.apache.kafka.clients.consumer.RangeAssignor]
	receive.buffer.bytes = 65536
	reconnect.backoff.max.ms = 1000
	reconnect.backoff.ms = 50
	request.timeout.ms = 30000
	retry.backoff.ms = 100
	sasl.client.callback.handler.class = null
	sasl.jaas.config = null
	sasl.kerberos.kinit.cmd = /usr/bin/kinit
	sasl.kerberos.min.time.before.relogin = 60000
	sasl.kerberos.service.name = null
	sasl.kerberos.ticket.renew.jitter = 0.05
	sasl.kerberos.ticket.renew.window.factor = 0.8
	sasl.login.callback.handler.class = null
	sasl.login.class = null
	sasl.login.refresh.buffer.seconds = 300
	sasl.login.refresh.min.period.seconds = 60
	sasl.login.refresh.window.factor = 0.8
	sasl.login.refresh.window.jitter = 0.05
	sasl.mechanism = GSSAPI
	security.protocol = PLAINTEXT
	send.buffer.bytes = 131072
	session.timeout.ms = 10000
	ssl.cipher.suites = null
	ssl.enabled.protocols = [TLSv1.2, TLSv1.1, TLSv1]
	ssl.endpoint.identification.algorithm = https
	ssl.key.password = null
	ssl.keymanager.algorithm = SunX509
	ssl.keystore.location = null
	ssl.keystore.password = null
	ssl.keystore.type = JKS
	ssl.protocol = TLS
	ssl.provider = null
	ssl.secure.random.implementation = null
	ssl.trustmanager.algorithm = PKIX
	ssl.truststore.location = null
	ssl.truststore.password = null
	ssl.truststore.type = JKS
	value.deserializer = class org.apache.kafka.common.serialization.StringDeserializer

2020-02-25 17:01:54,822 INFO [main] o.a.k.c.u.AppInfoParser [AppInfoParser.java:109] Kafka version : 2.0.1
2020-02-25 17:01:54,823 INFO [main] o.a.k.c.u.AppInfoParser [AppInfoParser.java:110] Kafka commitId : fa14705e51bd2ce5
2020-02-25 17:01:54,828 INFO [main] o.s.s.c.ThreadPoolTaskScheduler [ExecutorConfigurationSupport.java:171] Initializing ExecutorService
2020-02-25 17:01:54,834 INFO [main] o.a.k.c.c.ConsumerConfig [AbstractConfig.java:279] ConsumerConfig values: 
	auto.commit.interval.ms = 5000
	auto.offset.reset = latest
	bootstrap.servers = [localhost:9092]
	check.crcs = true
	client.id = 
	connections.max.idle.ms = 540000
	default.api.timeout.ms = 60000
	enable.auto.commit = true
	exclude.internal.topics = true
	fetch.max.bytes = 52428800
	fetch.max.wait.ms = 500
	fetch.min.bytes = 1
	group.id = test-consumer-group
	heartbeat.interval.ms = 3000
	interceptor.classes = []
	internal.leave.group.on.close = true
	isolation.level = read_uncommitted
	key.deserializer = class org.apache.kafka.common.serialization.StringDeserializer
	max.partition.fetch.bytes = 1048576
	max.poll.interval.ms = 300000
	max.poll.records = 500
	metadata.max.age.ms = 300000
	metric.reporters = []
	metrics.num.samples = 2
	metrics.recording.level = INFO
	metrics.sample.window.ms = 30000
	partition.assignment.strategy = [class org.apache.kafka.clients.consumer.RangeAssignor]
	receive.buffer.bytes = 65536
	reconnect.backoff.max.ms = 1000
	reconnect.backoff.ms = 50
	request.timeout.ms = 30000
	retry.backoff.ms = 100
	sasl.client.callback.handler.class = null
	sasl.jaas.config = null
	sasl.kerberos.kinit.cmd = /usr/bin/kinit
	sasl.kerberos.min.time.before.relogin = 60000
	sasl.kerberos.service.name = null
	sasl.kerberos.ticket.renew.jitter = 0.05
	sasl.kerberos.ticket.renew.window.factor = 0.8
	sasl.login.callback.handler.class = null
	sasl.login.class = null
	sasl.login.refresh.buffer.seconds = 300
	sasl.login.refresh.min.period.seconds = 60
	sasl.login.refresh.window.factor = 0.8
	sasl.login.refresh.window.jitter = 0.05
	sasl.mechanism = GSSAPI
	security.protocol = PLAINTEXT
	send.buffer.bytes = 131072
	session.timeout.ms = 10000
	ssl.cipher.suites = null
	ssl.enabled.protocols = [TLSv1.2, TLSv1.1, TLSv1]
	ssl.endpoint.identification.algorithm = https
	ssl.key.password = null
	ssl.keymanager.algorithm = SunX509
	ssl.keystore.location = null
	ssl.keystore.password = null
	ssl.keystore.type = JKS
	ssl.protocol = TLS
	ssl.provider = null
	ssl.secure.random.implementation = null
	ssl.trustmanager.algorithm = PKIX
	ssl.truststore.location = null
	ssl.truststore.password = null
	ssl.truststore.type = JKS
	value.deserializer = class org.apache.kafka.common.serialization.StringDeserializer

2020-02-25 17:01:54,843 INFO [main] o.a.k.c.u.AppInfoParser [AppInfoParser.java:109] Kafka version : 2.0.1
2020-02-25 17:01:54,844 INFO [main] o.a.k.c.u.AppInfoParser [AppInfoParser.java:110] Kafka commitId : fa14705e51bd2ce5
2020-02-25 17:01:55,005 INFO [main] o.a.k.c.Metadata [Metadata.java:285] Cluster ID: 2-lcMegGRuqMVEJVM3Dr_w
2020-02-25 17:01:55,414 INFO [org.springframework.kafka.KafkaListenerEndpointContainer#0-0-C-1] o.a.k.c.Metadata [Metadata.java:285] Cluster ID: 2-lcMegGRuqMVEJVM3Dr_w
2020-02-25 17:01:55,753 INFO [org.springframework.kafka.KafkaListenerEndpointContainer#0-0-C-1] o.a.k.c.c.i.AbstractCoordinator [AbstractCoordinator.java:677] [Consumer clientId=consumer-2, groupId=test-consumer-group] Discovered group coordinator DESKTOP-G9KOJV6:9092 (id: 2147483647 rack: null)
2020-02-25 17:01:55,758 INFO [org.springframework.kafka.KafkaListenerEndpointContainer#0-0-C-1] o.a.k.c.c.i.ConsumerCoordinator [ConsumerCoordinator.java:472] [Consumer clientId=consumer-2, groupId=test-consumer-group] Revoking previously assigned partitions []
2020-02-25 17:01:55,759 INFO [org.springframework.kafka.KafkaListenerEndpointContainer#0-0-C-1] o.s.k.l.KafkaMessageListenerContainer [AbstractMessageListenerContainer.java:375] partitions revoked: []
2020-02-25 17:01:55,760 INFO [org.springframework.kafka.KafkaListenerEndpointContainer#0-0-C-1] o.a.k.c.c.i.AbstractCoordinator [AbstractCoordinator.java:509] [Consumer clientId=consumer-2, groupId=test-consumer-group] (Re-)joining group
2020-02-25 17:02:00,413 INFO [org.springframework.kafka.KafkaListenerEndpointContainer#0-0-C-1] o.a.k.c.c.i.AbstractCoordinator [AbstractCoordinator.java:473] [Consumer clientId=consumer-2, groupId=test-consumer-group] Successfully joined group with generation 1
2020-02-25 17:02:00,421 INFO [org.springframework.kafka.KafkaListenerEndpointContainer#0-0-C-1] o.a.k.c.c.i.ConsumerCoordinator [ConsumerCoordinator.java:280] [Consumer clientId=consumer-2, groupId=test-consumer-group] Setting newly assigned partitions [test-0]
2020-02-25 17:02:01,065 INFO [kafka-coordinator-heartbeat-thread | test-consumer-group] o.a.k.c.c.i.Fetcher [Fetcher.java:601] [Consumer clientId=consumer-2, groupId=test-consumer-group] Resetting offset for partition test-0 to offset 6.
2020-02-25 17:02:01,066 INFO [org.springframework.kafka.KafkaListenerEndpointContainer#0-0-C-1] o.s.k.l.KafkaMessageListenerContainer [AbstractMessageListenerContainer.java:380] partitions assigned: [test-0]
2020-02-25 17:02:18,939 INFO [main] o.a.k.c.c.ConsumerConfig [AbstractConfig.java:279] ConsumerConfig values: 
	auto.commit.interval.ms = 5000
	auto.offset.reset = latest
	bootstrap.servers = [localhost:9092]
	check.crcs = true
	client.id = 
	connections.max.idle.ms = 540000
	default.api.timeout.ms = 60000
	enable.auto.commit = true
	exclude.internal.topics = true
	fetch.max.bytes = 52428800
	fetch.max.wait.ms = 500
	fetch.min.bytes = 1
	group.id = test-consumer-group
	heartbeat.interval.ms = 3000
	interceptor.classes = []
	internal.leave.group.on.close = true
	isolation.level = read_uncommitted
	key.deserializer = class org.apache.kafka.common.serialization.StringDeserializer
	max.partition.fetch.bytes = 1048576
	max.poll.interval.ms = 300000
	max.poll.records = 500
	metadata.max.age.ms = 300000
	metric.reporters = []
	metrics.num.samples = 2
	metrics.recording.level = INFO
	metrics.sample.window.ms = 30000
	partition.assignment.strategy = [class org.apache.kafka.clients.consumer.RangeAssignor]
	receive.buffer.bytes = 65536
	reconnect.backoff.max.ms = 1000
	reconnect.backoff.ms = 50
	request.timeout.ms = 30000
	retry.backoff.ms = 100
	sasl.client.callback.handler.class = null
	sasl.jaas.config = null
	sasl.kerberos.kinit.cmd = /usr/bin/kinit
	sasl.kerberos.min.time.before.relogin = 60000
	sasl.kerberos.service.name = null
	sasl.kerberos.ticket.renew.jitter = 0.05
	sasl.kerberos.ticket.renew.window.factor = 0.8
	sasl.login.callback.handler.class = null
	sasl.login.class = null
	sasl.login.refresh.buffer.seconds = 300
	sasl.login.refresh.min.period.seconds = 60
	sasl.login.refresh.window.factor = 0.8
	sasl.login.refresh.window.jitter = 0.05
	sasl.mechanism = GSSAPI
	security.protocol = PLAINTEXT
	send.buffer.bytes = 131072
	session.timeout.ms = 10000
	ssl.cipher.suites = null
	ssl.enabled.protocols = [TLSv1.2, TLSv1.1, TLSv1]
	ssl.endpoint.identification.algorithm = https
	ssl.key.password = null
	ssl.keymanager.algorithm = SunX509
	ssl.keystore.location = null
	ssl.keystore.password = null
	ssl.keystore.type = JKS
	ssl.protocol = TLS
	ssl.provider = null
	ssl.secure.random.implementation = null
	ssl.trustmanager.algorithm = PKIX
	ssl.truststore.location = null
	ssl.truststore.password = null
	ssl.truststore.type = JKS
	value.deserializer = class org.apache.kafka.common.serialization.StringDeserializer

2020-02-25 17:02:18,947 INFO [main] o.a.k.c.u.AppInfoParser [AppInfoParser.java:109] Kafka version : 2.0.1
2020-02-25 17:02:18,948 INFO [main] o.a.k.c.u.AppInfoParser [AppInfoParser.java:110] Kafka commitId : fa14705e51bd2ce5
2020-02-25 17:02:18,949 INFO [main] o.s.s.c.ThreadPoolTaskScheduler [ExecutorConfigurationSupport.java:171] Initializing ExecutorService
2020-02-25 17:02:18,956 INFO [org.springframework.kafka.KafkaListenerEndpointContainer#1-0-C-1] o.a.k.c.Metadata [Metadata.java:285] Cluster ID: 2-lcMegGRuqMVEJVM3Dr_w
2020-02-25 17:02:18,958 INFO [org.springframework.kafka.KafkaListenerEndpointContainer#1-0-C-1] o.a.k.c.c.i.AbstractCoordinator [AbstractCoordinator.java:677] [Consumer clientId=consumer-4, groupId=test-consumer-group] Discovered group coordinator DESKTOP-G9KOJV6:9092 (id: 2147483647 rack: null)
2020-02-25 17:02:18,960 INFO [org.springframework.kafka.KafkaListenerEndpointContainer#1-0-C-1] o.a.k.c.c.i.ConsumerCoordinator [ConsumerCoordinator.java:472] [Consumer clientId=consumer-4, groupId=test-consumer-group] Revoking previously assigned partitions []
2020-02-25 17:02:18,961 INFO [org.springframework.kafka.KafkaListenerEndpointContainer#1-0-C-1] o.s.k.l.KafkaMessageListenerContainer [AbstractMessageListenerContainer.java:375] partitions revoked: []
2020-02-25 17:02:18,962 INFO [org.springframework.kafka.KafkaListenerEndpointContainer#1-0-C-1] o.a.k.c.c.i.AbstractCoordinator [AbstractCoordinator.java:509] [Consumer clientId=consumer-4, groupId=test-consumer-group] (Re-)joining group
2020-02-25 17:02:18,965 INFO [main] c.n.c.MessageMapperTest [StartupInfoLogger.java:59] Started MessageMapperTest in 52.539 seconds (JVM running for 58.104)
2020-02-25 17:02:20,559 INFO [main] c.z.h.HikariDataSource [HikariDataSource.java:110] HikariPool-1 - Starting...
2020-02-25 17:02:21,157 INFO [main] c.z.h.HikariDataSource [HikariDataSource.java:123] HikariPool-1 - Start completed.
2020-02-25 17:02:21,289 INFO [org.springframework.kafka.KafkaListenerEndpointContainer#1-0-C-1] o.s.s.c.ThreadPoolTaskScheduler [ExecutorConfigurationSupport.java:208] Shutting down ExecutorService
2020-02-25 17:02:21,290 INFO [org.springframework.kafka.KafkaListenerEndpointContainer#0-0-C-1] o.s.s.c.ThreadPoolTaskScheduler [ExecutorConfigurationSupport.java:208] Shutting down ExecutorService
2020-02-25 17:02:21,403 INFO [org.springframework.kafka.KafkaListenerEndpointContainer#0-0-C-1] o.s.k.l.KafkaMessageListenerContainer$ListenerConsumer [KafkaMessageListenerContainer.java:840] Consumer stopped
2020-02-25 17:02:21,413 INFO [org.springframework.kafka.KafkaListenerEndpointContainer#1-0-C-1] o.s.k.l.KafkaMessageListenerContainer$ListenerConsumer [KafkaMessageListenerContainer.java:840] Consumer stopped
2020-02-25 17:02:21,421 INFO [Thread-2] o.s.s.c.ThreadPoolTaskExecutor [ExecutorConfigurationSupport.java:208] Shutting down ExecutorService 'applicationTaskExecutor'
2020-02-25 17:02:21,645 INFO [Thread-2] c.z.h.HikariDataSource [HikariDataSource.java:350] HikariPool-1 - Shutdown initiated...
2020-02-25 17:02:21,723 INFO [Thread-2] c.z.h.HikariDataSource [HikariDataSource.java:352] HikariPool-1 - Shutdown completed.
2020-02-25 17:07:53,393 INFO [main] c.n.c.MessageMapperTest [StartupInfoLogger.java:50] Starting MessageMapperTest on DESKTOP-G9KOJV6 with PID 43400 (started by 59842 in F:\javaproject\community)
2020-02-25 17:07:53,395 INFO [main] c.n.c.MessageMapperTest [SpringApplication.java:675] No active profile set, falling back to default profiles: default
2020-02-25 17:07:55,507 INFO [main] o.s.d.r.c.RepositoryConfigurationDelegate [RepositoryConfigurationDelegate.java:244] Multiple Spring Data modules found, entering strict repository configuration mode!
2020-02-25 17:07:55,512 INFO [main] o.s.d.r.c.RepositoryConfigurationDelegate [RepositoryConfigurationDelegate.java:126] Bootstrapping Spring Data repositories in DEFAULT mode.
2020-02-25 17:07:55,559 INFO [main] o.s.d.r.c.RepositoryConfigurationDelegate [RepositoryConfigurationDelegate.java:182] Finished Spring Data repository scanning in 23ms. Found 0 repository interfaces.
2020-02-25 17:07:56,255 INFO [main] o.s.c.s.PostProcessorRegistrationDelegate$BeanPostProcessorChecker [PostProcessorRegistrationDelegate.java:330] Bean 'org.springframework.kafka.annotation.KafkaBootstrapConfiguration' of type [org.springframework.kafka.annotation.KafkaBootstrapConfiguration$$EnhancerBySpringCGLIB$$b050787e] is not eligible for getting processed by all BeanPostProcessors (for example: not eligible for auto-proxying)
2020-02-25 17:07:56,303 INFO [main] o.s.c.s.PostProcessorRegistrationDelegate$BeanPostProcessorChecker [PostProcessorRegistrationDelegate.java:330] Bean 'org.springframework.transaction.annotation.ProxyTransactionManagementConfiguration' of type [org.springframework.transaction.annotation.ProxyTransactionManagementConfiguration$$EnhancerBySpringCGLIB$$dc9e66fb] is not eligible for getting processed by all BeanPostProcessors (for example: not eligible for auto-proxying)
2020-02-25 17:07:58,875 INFO [main] o.s.s.c.ThreadPoolTaskExecutor [ExecutorConfigurationSupport.java:171] Initializing ExecutorService 'applicationTaskExecutor'
2020-02-25 17:07:59,139 INFO [main] o.s.b.a.w.s.WelcomePageHandlerMapping [WelcomePageHandlerMapping.java:61] Adding welcome page template: index
2020-02-25 17:07:59,770 INFO [main] o.a.k.c.c.ConsumerConfig [AbstractConfig.java:279] ConsumerConfig values: 
	auto.commit.interval.ms = 5000
	auto.offset.reset = latest
	bootstrap.servers = [localhost:9092]
	check.crcs = true
	client.id = 
	connections.max.idle.ms = 540000
	default.api.timeout.ms = 60000
	enable.auto.commit = true
	exclude.internal.topics = true
	fetch.max.bytes = 52428800
	fetch.max.wait.ms = 500
	fetch.min.bytes = 1
	group.id = test-consumer-group
	heartbeat.interval.ms = 3000
	interceptor.classes = []
	internal.leave.group.on.close = true
	isolation.level = read_uncommitted
	key.deserializer = class org.apache.kafka.common.serialization.StringDeserializer
	max.partition.fetch.bytes = 1048576
	max.poll.interval.ms = 300000
	max.poll.records = 500
	metadata.max.age.ms = 300000
	metric.reporters = []
	metrics.num.samples = 2
	metrics.recording.level = INFO
	metrics.sample.window.ms = 30000
	partition.assignment.strategy = [class org.apache.kafka.clients.consumer.RangeAssignor]
	receive.buffer.bytes = 65536
	reconnect.backoff.max.ms = 1000
	reconnect.backoff.ms = 50
	request.timeout.ms = 30000
	retry.backoff.ms = 100
	sasl.client.callback.handler.class = null
	sasl.jaas.config = null
	sasl.kerberos.kinit.cmd = /usr/bin/kinit
	sasl.kerberos.min.time.before.relogin = 60000
	sasl.kerberos.service.name = null
	sasl.kerberos.ticket.renew.jitter = 0.05
	sasl.kerberos.ticket.renew.window.factor = 0.8
	sasl.login.callback.handler.class = null
	sasl.login.class = null
	sasl.login.refresh.buffer.seconds = 300
	sasl.login.refresh.min.period.seconds = 60
	sasl.login.refresh.window.factor = 0.8
	sasl.login.refresh.window.jitter = 0.05
	sasl.mechanism = GSSAPI
	security.protocol = PLAINTEXT
	send.buffer.bytes = 131072
	session.timeout.ms = 10000
	ssl.cipher.suites = null
	ssl.enabled.protocols = [TLSv1.2, TLSv1.1, TLSv1]
	ssl.endpoint.identification.algorithm = https
	ssl.key.password = null
	ssl.keymanager.algorithm = SunX509
	ssl.keystore.location = null
	ssl.keystore.password = null
	ssl.keystore.type = JKS
	ssl.protocol = TLS
	ssl.provider = null
	ssl.secure.random.implementation = null
	ssl.trustmanager.algorithm = PKIX
	ssl.truststore.location = null
	ssl.truststore.password = null
	ssl.truststore.type = JKS
	value.deserializer = class org.apache.kafka.common.serialization.StringDeserializer

2020-02-25 17:08:00,844 INFO [main] o.a.k.c.u.AppInfoParser [AppInfoParser.java:109] Kafka version : 2.0.1
2020-02-25 17:08:00,845 INFO [main] o.a.k.c.u.AppInfoParser [AppInfoParser.java:110] Kafka commitId : fa14705e51bd2ce5
2020-02-25 17:08:01,047 INFO [main] o.a.k.c.Metadata [Metadata.java:285] Cluster ID: 2-lcMegGRuqMVEJVM3Dr_w
2020-02-25 17:08:01,091 INFO [main] o.a.k.c.c.ConsumerConfig [AbstractConfig.java:279] ConsumerConfig values: 
	auto.commit.interval.ms = 5000
	auto.offset.reset = latest
	bootstrap.servers = [localhost:9092]
	check.crcs = true
	client.id = 
	connections.max.idle.ms = 540000
	default.api.timeout.ms = 60000
	enable.auto.commit = true
	exclude.internal.topics = true
	fetch.max.bytes = 52428800
	fetch.max.wait.ms = 500
	fetch.min.bytes = 1
	group.id = test-consumer-group
	heartbeat.interval.ms = 3000
	interceptor.classes = []
	internal.leave.group.on.close = true
	isolation.level = read_uncommitted
	key.deserializer = class org.apache.kafka.common.serialization.StringDeserializer
	max.partition.fetch.bytes = 1048576
	max.poll.interval.ms = 300000
	max.poll.records = 500
	metadata.max.age.ms = 300000
	metric.reporters = []
	metrics.num.samples = 2
	metrics.recording.level = INFO
	metrics.sample.window.ms = 30000
	partition.assignment.strategy = [class org.apache.kafka.clients.consumer.RangeAssignor]
	receive.buffer.bytes = 65536
	reconnect.backoff.max.ms = 1000
	reconnect.backoff.ms = 50
	request.timeout.ms = 30000
	retry.backoff.ms = 100
	sasl.client.callback.handler.class = null
	sasl.jaas.config = null
	sasl.kerberos.kinit.cmd = /usr/bin/kinit
	sasl.kerberos.min.time.before.relogin = 60000
	sasl.kerberos.service.name = null
	sasl.kerberos.ticket.renew.jitter = 0.05
	sasl.kerberos.ticket.renew.window.factor = 0.8
	sasl.login.callback.handler.class = null
	sasl.login.class = null
	sasl.login.refresh.buffer.seconds = 300
	sasl.login.refresh.min.period.seconds = 60
	sasl.login.refresh.window.factor = 0.8
	sasl.login.refresh.window.jitter = 0.05
	sasl.mechanism = GSSAPI
	security.protocol = PLAINTEXT
	send.buffer.bytes = 131072
	session.timeout.ms = 10000
	ssl.cipher.suites = null
	ssl.enabled.protocols = [TLSv1.2, TLSv1.1, TLSv1]
	ssl.endpoint.identification.algorithm = https
	ssl.key.password = null
	ssl.keymanager.algorithm = SunX509
	ssl.keystore.location = null
	ssl.keystore.password = null
	ssl.keystore.type = JKS
	ssl.protocol = TLS
	ssl.provider = null
	ssl.secure.random.implementation = null
	ssl.trustmanager.algorithm = PKIX
	ssl.truststore.location = null
	ssl.truststore.password = null
	ssl.truststore.type = JKS
	value.deserializer = class org.apache.kafka.common.serialization.StringDeserializer

2020-02-25 17:08:01,100 INFO [main] o.a.k.c.u.AppInfoParser [AppInfoParser.java:109] Kafka version : 2.0.1
2020-02-25 17:08:01,101 INFO [main] o.a.k.c.u.AppInfoParser [AppInfoParser.java:110] Kafka commitId : fa14705e51bd2ce5
2020-02-25 17:08:01,106 INFO [main] o.s.s.c.ThreadPoolTaskScheduler [ExecutorConfigurationSupport.java:171] Initializing ExecutorService
2020-02-25 17:08:01,112 INFO [main] o.a.k.c.c.ConsumerConfig [AbstractConfig.java:279] ConsumerConfig values: 
	auto.commit.interval.ms = 5000
	auto.offset.reset = latest
	bootstrap.servers = [localhost:9092]
	check.crcs = true
	client.id = 
	connections.max.idle.ms = 540000
	default.api.timeout.ms = 60000
	enable.auto.commit = true
	exclude.internal.topics = true
	fetch.max.bytes = 52428800
	fetch.max.wait.ms = 500
	fetch.min.bytes = 1
	group.id = test-consumer-group
	heartbeat.interval.ms = 3000
	interceptor.classes = []
	internal.leave.group.on.close = true
	isolation.level = read_uncommitted
	key.deserializer = class org.apache.kafka.common.serialization.StringDeserializer
	max.partition.fetch.bytes = 1048576
	max.poll.interval.ms = 300000
	max.poll.records = 500
	metadata.max.age.ms = 300000
	metric.reporters = []
	metrics.num.samples = 2
	metrics.recording.level = INFO
	metrics.sample.window.ms = 30000
	partition.assignment.strategy = [class org.apache.kafka.clients.consumer.RangeAssignor]
	receive.buffer.bytes = 65536
	reconnect.backoff.max.ms = 1000
	reconnect.backoff.ms = 50
	request.timeout.ms = 30000
	retry.backoff.ms = 100
	sasl.client.callback.handler.class = null
	sasl.jaas.config = null
	sasl.kerberos.kinit.cmd = /usr/bin/kinit
	sasl.kerberos.min.time.before.relogin = 60000
	sasl.kerberos.service.name = null
	sasl.kerberos.ticket.renew.jitter = 0.05
	sasl.kerberos.ticket.renew.window.factor = 0.8
	sasl.login.callback.handler.class = null
	sasl.login.class = null
	sasl.login.refresh.buffer.seconds = 300
	sasl.login.refresh.min.period.seconds = 60
	sasl.login.refresh.window.factor = 0.8
	sasl.login.refresh.window.jitter = 0.05
	sasl.mechanism = GSSAPI
	security.protocol = PLAINTEXT
	send.buffer.bytes = 131072
	session.timeout.ms = 10000
	ssl.cipher.suites = null
	ssl.enabled.protocols = [TLSv1.2, TLSv1.1, TLSv1]
	ssl.endpoint.identification.algorithm = https
	ssl.key.password = null
	ssl.keymanager.algorithm = SunX509
	ssl.keystore.location = null
	ssl.keystore.password = null
	ssl.keystore.type = JKS
	ssl.protocol = TLS
	ssl.provider = null
	ssl.secure.random.implementation = null
	ssl.trustmanager.algorithm = PKIX
	ssl.truststore.location = null
	ssl.truststore.password = null
	ssl.truststore.type = JKS
	value.deserializer = class org.apache.kafka.common.serialization.StringDeserializer

2020-02-25 17:08:01,126 INFO [main] o.a.k.c.u.AppInfoParser [AppInfoParser.java:109] Kafka version : 2.0.1
2020-02-25 17:08:01,127 INFO [main] o.a.k.c.u.AppInfoParser [AppInfoParser.java:110] Kafka commitId : fa14705e51bd2ce5
2020-02-25 17:08:01,127 INFO [org.springframework.kafka.KafkaListenerEndpointContainer#0-0-C-1] o.a.k.c.Metadata [Metadata.java:285] Cluster ID: 2-lcMegGRuqMVEJVM3Dr_w
2020-02-25 17:08:01,208 INFO [main] o.a.k.c.Metadata [Metadata.java:285] Cluster ID: 2-lcMegGRuqMVEJVM3Dr_w
2020-02-25 17:08:01,419 INFO [org.springframework.kafka.KafkaListenerEndpointContainer#0-0-C-1] o.a.k.c.c.i.AbstractCoordinator [AbstractCoordinator.java:677] [Consumer clientId=consumer-2, groupId=test-consumer-group] Discovered group coordinator DESKTOP-G9KOJV6:9092 (id: 2147483647 rack: null)
2020-02-25 17:08:01,425 INFO [org.springframework.kafka.KafkaListenerEndpointContainer#0-0-C-1] o.a.k.c.c.i.ConsumerCoordinator [ConsumerCoordinator.java:472] [Consumer clientId=consumer-2, groupId=test-consumer-group] Revoking previously assigned partitions []
2020-02-25 17:08:01,426 INFO [org.springframework.kafka.KafkaListenerEndpointContainer#0-0-C-1] o.s.k.l.KafkaMessageListenerContainer [AbstractMessageListenerContainer.java:375] partitions revoked: []
2020-02-25 17:08:01,426 INFO [org.springframework.kafka.KafkaListenerEndpointContainer#0-0-C-1] o.a.k.c.c.i.AbstractCoordinator [AbstractCoordinator.java:509] [Consumer clientId=consumer-2, groupId=test-consumer-group] (Re-)joining group
2020-02-25 17:08:01,431 INFO [main] o.a.k.c.c.ConsumerConfig [AbstractConfig.java:279] ConsumerConfig values: 
	auto.commit.interval.ms = 5000
	auto.offset.reset = latest
	bootstrap.servers = [localhost:9092]
	check.crcs = true
	client.id = 
	connections.max.idle.ms = 540000
	default.api.timeout.ms = 60000
	enable.auto.commit = true
	exclude.internal.topics = true
	fetch.max.bytes = 52428800
	fetch.max.wait.ms = 500
	fetch.min.bytes = 1
	group.id = test-consumer-group
	heartbeat.interval.ms = 3000
	interceptor.classes = []
	internal.leave.group.on.close = true
	isolation.level = read_uncommitted
	key.deserializer = class org.apache.kafka.common.serialization.StringDeserializer
	max.partition.fetch.bytes = 1048576
	max.poll.interval.ms = 300000
	max.poll.records = 500
	metadata.max.age.ms = 300000
	metric.reporters = []
	metrics.num.samples = 2
	metrics.recording.level = INFO
	metrics.sample.window.ms = 30000
	partition.assignment.strategy = [class org.apache.kafka.clients.consumer.RangeAssignor]
	receive.buffer.bytes = 65536
	reconnect.backoff.max.ms = 1000
	reconnect.backoff.ms = 50
	request.timeout.ms = 30000
	retry.backoff.ms = 100
	sasl.client.callback.handler.class = null
	sasl.jaas.config = null
	sasl.kerberos.kinit.cmd = /usr/bin/kinit
	sasl.kerberos.min.time.before.relogin = 60000
	sasl.kerberos.service.name = null
	sasl.kerberos.ticket.renew.jitter = 0.05
	sasl.kerberos.ticket.renew.window.factor = 0.8
	sasl.login.callback.handler.class = null
	sasl.login.class = null
	sasl.login.refresh.buffer.seconds = 300
	sasl.login.refresh.min.period.seconds = 60
	sasl.login.refresh.window.factor = 0.8
	sasl.login.refresh.window.jitter = 0.05
	sasl.mechanism = GSSAPI
	security.protocol = PLAINTEXT
	send.buffer.bytes = 131072
	session.timeout.ms = 10000
	ssl.cipher.suites = null
	ssl.enabled.protocols = [TLSv1.2, TLSv1.1, TLSv1]
	ssl.endpoint.identification.algorithm = https
	ssl.key.password = null
	ssl.keymanager.algorithm = SunX509
	ssl.keystore.location = null
	ssl.keystore.password = null
	ssl.keystore.type = JKS
	ssl.protocol = TLS
	ssl.provider = null
	ssl.secure.random.implementation = null
	ssl.trustmanager.algorithm = PKIX
	ssl.truststore.location = null
	ssl.truststore.password = null
	ssl.truststore.type = JKS
	value.deserializer = class org.apache.kafka.common.serialization.StringDeserializer

2020-02-25 17:08:01,438 INFO [main] o.a.k.c.u.AppInfoParser [AppInfoParser.java:109] Kafka version : 2.0.1
2020-02-25 17:08:01,438 INFO [main] o.a.k.c.u.AppInfoParser [AppInfoParser.java:110] Kafka commitId : fa14705e51bd2ce5
2020-02-25 17:08:01,439 INFO [main] o.s.s.c.ThreadPoolTaskScheduler [ExecutorConfigurationSupport.java:171] Initializing ExecutorService
2020-02-25 17:08:01,447 INFO [org.springframework.kafka.KafkaListenerEndpointContainer#1-0-C-1] o.a.k.c.Metadata [Metadata.java:285] Cluster ID: 2-lcMegGRuqMVEJVM3Dr_w
2020-02-25 17:08:01,449 INFO [org.springframework.kafka.KafkaListenerEndpointContainer#1-0-C-1] o.a.k.c.c.i.AbstractCoordinator [AbstractCoordinator.java:677] [Consumer clientId=consumer-4, groupId=test-consumer-group] Discovered group coordinator DESKTOP-G9KOJV6:9092 (id: 2147483647 rack: null)
2020-02-25 17:08:01,454 INFO [main] c.n.c.MessageMapperTest [StartupInfoLogger.java:59] Started MessageMapperTest in 8.676 seconds (JVM running for 9.758)
2020-02-25 17:08:01,520 INFO [org.springframework.kafka.KafkaListenerEndpointContainer#0-0-C-1] o.a.k.c.c.i.AbstractCoordinator [AbstractCoordinator.java:473] [Consumer clientId=consumer-2, groupId=test-consumer-group] Successfully joined group with generation 4
2020-02-25 17:08:01,532 INFO [org.springframework.kafka.KafkaListenerEndpointContainer#1-0-C-1] o.a.k.c.c.i.ConsumerCoordinator [ConsumerCoordinator.java:472] [Consumer clientId=consumer-4, groupId=test-consumer-group] Revoking previously assigned partitions []
2020-02-25 17:08:01,532 INFO [org.springframework.kafka.KafkaListenerEndpointContainer#0-0-C-1] o.a.k.c.c.i.ConsumerCoordinator [ConsumerCoordinator.java:280] [Consumer clientId=consumer-2, groupId=test-consumer-group] Setting newly assigned partitions [test-0]
2020-02-25 17:08:01,533 INFO [org.springframework.kafka.KafkaListenerEndpointContainer#1-0-C-1] o.s.k.l.KafkaMessageListenerContainer [AbstractMessageListenerContainer.java:375] partitions revoked: []
2020-02-25 17:08:01,533 INFO [org.springframework.kafka.KafkaListenerEndpointContainer#1-0-C-1] o.a.k.c.c.i.AbstractCoordinator [AbstractCoordinator.java:509] [Consumer clientId=consumer-4, groupId=test-consumer-group] (Re-)joining group
2020-02-25 17:08:01,606 INFO [org.springframework.kafka.KafkaListenerEndpointContainer#0-0-C-1] o.s.k.l.KafkaMessageListenerContainer [AbstractMessageListenerContainer.java:380] partitions assigned: [test-0]
2020-02-25 17:08:02,100 INFO [main] c.z.h.HikariDataSource [HikariDataSource.java:110] HikariPool-1 - Starting...
2020-02-25 17:08:03,221 INFO [main] c.z.h.HikariDataSource [HikariDataSource.java:123] HikariPool-1 - Start completed.
2020-02-25 17:08:03,305 INFO [org.springframework.kafka.KafkaListenerEndpointContainer#1-0-C-1] o.s.s.c.ThreadPoolTaskScheduler [ExecutorConfigurationSupport.java:208] Shutting down ExecutorService
2020-02-25 17:08:03,306 INFO [org.springframework.kafka.KafkaListenerEndpointContainer#0-0-C-1] o.s.s.c.ThreadPoolTaskScheduler [ExecutorConfigurationSupport.java:208] Shutting down ExecutorService
2020-02-25 17:08:03,315 INFO [org.springframework.kafka.KafkaListenerEndpointContainer#1-0-C-1] o.s.k.l.KafkaMessageListenerContainer$ListenerConsumer [KafkaMessageListenerContainer.java:840] Consumer stopped
2020-02-25 17:08:03,316 INFO [org.springframework.kafka.KafkaListenerEndpointContainer#0-0-C-1] o.s.k.l.KafkaMessageListenerContainer$ListenerConsumer [KafkaMessageListenerContainer.java:840] Consumer stopped
2020-02-25 17:08:03,322 INFO [Thread-2] o.s.s.c.ThreadPoolTaskExecutor [ExecutorConfigurationSupport.java:208] Shutting down ExecutorService 'applicationTaskExecutor'
2020-02-25 17:08:03,349 INFO [Thread-2] c.z.h.HikariDataSource [HikariDataSource.java:350] HikariPool-1 - Shutdown initiated...
2020-02-25 17:08:03,418 INFO [Thread-2] c.z.h.HikariDataSource [HikariDataSource.java:352] HikariPool-1 - Shutdown completed.
2020-02-25 17:10:06,690 INFO [main] c.n.c.MessageMapperTest [StartupInfoLogger.java:50] Starting MessageMapperTest on DESKTOP-G9KOJV6 with PID 27660 (started by 59842 in F:\javaproject\community)
2020-02-25 17:10:06,693 INFO [main] c.n.c.MessageMapperTest [SpringApplication.java:675] No active profile set, falling back to default profiles: default
2020-02-25 17:10:08,573 INFO [main] o.s.d.r.c.RepositoryConfigurationDelegate [RepositoryConfigurationDelegate.java:244] Multiple Spring Data modules found, entering strict repository configuration mode!
2020-02-25 17:10:08,593 INFO [main] o.s.d.r.c.RepositoryConfigurationDelegate [RepositoryConfigurationDelegate.java:126] Bootstrapping Spring Data repositories in DEFAULT mode.
2020-02-25 17:10:08,678 INFO [main] o.s.d.r.c.RepositoryConfigurationDelegate [RepositoryConfigurationDelegate.java:182] Finished Spring Data repository scanning in 43ms. Found 0 repository interfaces.
2020-02-25 17:10:09,582 INFO [main] o.s.c.s.PostProcessorRegistrationDelegate$BeanPostProcessorChecker [PostProcessorRegistrationDelegate.java:330] Bean 'org.springframework.kafka.annotation.KafkaBootstrapConfiguration' of type [org.springframework.kafka.annotation.KafkaBootstrapConfiguration$$EnhancerBySpringCGLIB$$46fafe5f] is not eligible for getting processed by all BeanPostProcessors (for example: not eligible for auto-proxying)
2020-02-25 17:10:09,674 INFO [main] o.s.c.s.PostProcessorRegistrationDelegate$BeanPostProcessorChecker [PostProcessorRegistrationDelegate.java:330] Bean 'org.springframework.transaction.annotation.ProxyTransactionManagementConfiguration' of type [org.springframework.transaction.annotation.ProxyTransactionManagementConfiguration$$EnhancerBySpringCGLIB$$7348ecdc] is not eligible for getting processed by all BeanPostProcessors (for example: not eligible for auto-proxying)
2020-02-25 17:10:12,136 INFO [main] o.s.s.c.ThreadPoolTaskExecutor [ExecutorConfigurationSupport.java:171] Initializing ExecutorService 'applicationTaskExecutor'
2020-02-25 17:10:12,433 INFO [main] o.s.b.a.w.s.WelcomePageHandlerMapping [WelcomePageHandlerMapping.java:61] Adding welcome page template: index
2020-02-25 17:10:13,171 INFO [main] o.a.k.c.c.ConsumerConfig [AbstractConfig.java:279] ConsumerConfig values: 
	auto.commit.interval.ms = 5000
	auto.offset.reset = latest
	bootstrap.servers = [localhost:9092]
	check.crcs = true
	client.id = 
	connections.max.idle.ms = 540000
	default.api.timeout.ms = 60000
	enable.auto.commit = true
	exclude.internal.topics = true
	fetch.max.bytes = 52428800
	fetch.max.wait.ms = 500
	fetch.min.bytes = 1
	group.id = test-consumer-group
	heartbeat.interval.ms = 3000
	interceptor.classes = []
	internal.leave.group.on.close = true
	isolation.level = read_uncommitted
	key.deserializer = class org.apache.kafka.common.serialization.StringDeserializer
	max.partition.fetch.bytes = 1048576
	max.poll.interval.ms = 300000
	max.poll.records = 500
	metadata.max.age.ms = 300000
	metric.reporters = []
	metrics.num.samples = 2
	metrics.recording.level = INFO
	metrics.sample.window.ms = 30000
	partition.assignment.strategy = [class org.apache.kafka.clients.consumer.RangeAssignor]
	receive.buffer.bytes = 65536
	reconnect.backoff.max.ms = 1000
	reconnect.backoff.ms = 50
	request.timeout.ms = 30000
	retry.backoff.ms = 100
	sasl.client.callback.handler.class = null
	sasl.jaas.config = null
	sasl.kerberos.kinit.cmd = /usr/bin/kinit
	sasl.kerberos.min.time.before.relogin = 60000
	sasl.kerberos.service.name = null
	sasl.kerberos.ticket.renew.jitter = 0.05
	sasl.kerberos.ticket.renew.window.factor = 0.8
	sasl.login.callback.handler.class = null
	sasl.login.class = null
	sasl.login.refresh.buffer.seconds = 300
	sasl.login.refresh.min.period.seconds = 60
	sasl.login.refresh.window.factor = 0.8
	sasl.login.refresh.window.jitter = 0.05
	sasl.mechanism = GSSAPI
	security.protocol = PLAINTEXT
	send.buffer.bytes = 131072
	session.timeout.ms = 10000
	ssl.cipher.suites = null
	ssl.enabled.protocols = [TLSv1.2, TLSv1.1, TLSv1]
	ssl.endpoint.identification.algorithm = https
	ssl.key.password = null
	ssl.keymanager.algorithm = SunX509
	ssl.keystore.location = null
	ssl.keystore.password = null
	ssl.keystore.type = JKS
	ssl.protocol = TLS
	ssl.provider = null
	ssl.secure.random.implementation = null
	ssl.trustmanager.algorithm = PKIX
	ssl.truststore.location = null
	ssl.truststore.password = null
	ssl.truststore.type = JKS
	value.deserializer = class org.apache.kafka.common.serialization.StringDeserializer

2020-02-25 17:10:14,197 INFO [main] o.a.k.c.u.AppInfoParser [AppInfoParser.java:109] Kafka version : 2.0.1
2020-02-25 17:10:14,198 INFO [main] o.a.k.c.u.AppInfoParser [AppInfoParser.java:110] Kafka commitId : fa14705e51bd2ce5
2020-02-25 17:10:14,330 INFO [main] o.a.k.c.Metadata [Metadata.java:285] Cluster ID: 2-lcMegGRuqMVEJVM3Dr_w
2020-02-25 17:10:14,351 INFO [main] o.a.k.c.c.ConsumerConfig [AbstractConfig.java:279] ConsumerConfig values: 
	auto.commit.interval.ms = 5000
	auto.offset.reset = latest
	bootstrap.servers = [localhost:9092]
	check.crcs = true
	client.id = 
	connections.max.idle.ms = 540000
	default.api.timeout.ms = 60000
	enable.auto.commit = true
	exclude.internal.topics = true
	fetch.max.bytes = 52428800
	fetch.max.wait.ms = 500
	fetch.min.bytes = 1
	group.id = test-consumer-group
	heartbeat.interval.ms = 3000
	interceptor.classes = []
	internal.leave.group.on.close = true
	isolation.level = read_uncommitted
	key.deserializer = class org.apache.kafka.common.serialization.StringDeserializer
	max.partition.fetch.bytes = 1048576
	max.poll.interval.ms = 300000
	max.poll.records = 500
	metadata.max.age.ms = 300000
	metric.reporters = []
	metrics.num.samples = 2
	metrics.recording.level = INFO
	metrics.sample.window.ms = 30000
	partition.assignment.strategy = [class org.apache.kafka.clients.consumer.RangeAssignor]
	receive.buffer.bytes = 65536
	reconnect.backoff.max.ms = 1000
	reconnect.backoff.ms = 50
	request.timeout.ms = 30000
	retry.backoff.ms = 100
	sasl.client.callback.handler.class = null
	sasl.jaas.config = null
	sasl.kerberos.kinit.cmd = /usr/bin/kinit
	sasl.kerberos.min.time.before.relogin = 60000
	sasl.kerberos.service.name = null
	sasl.kerberos.ticket.renew.jitter = 0.05
	sasl.kerberos.ticket.renew.window.factor = 0.8
	sasl.login.callback.handler.class = null
	sasl.login.class = null
	sasl.login.refresh.buffer.seconds = 300
	sasl.login.refresh.min.period.seconds = 60
	sasl.login.refresh.window.factor = 0.8
	sasl.login.refresh.window.jitter = 0.05
	sasl.mechanism = GSSAPI
	security.protocol = PLAINTEXT
	send.buffer.bytes = 131072
	session.timeout.ms = 10000
	ssl.cipher.suites = null
	ssl.enabled.protocols = [TLSv1.2, TLSv1.1, TLSv1]
	ssl.endpoint.identification.algorithm = https
	ssl.key.password = null
	ssl.keymanager.algorithm = SunX509
	ssl.keystore.location = null
	ssl.keystore.password = null
	ssl.keystore.type = JKS
	ssl.protocol = TLS
	ssl.provider = null
	ssl.secure.random.implementation = null
	ssl.trustmanager.algorithm = PKIX
	ssl.truststore.location = null
	ssl.truststore.password = null
	ssl.truststore.type = JKS
	value.deserializer = class org.apache.kafka.common.serialization.StringDeserializer

2020-02-25 17:10:14,361 INFO [main] o.a.k.c.u.AppInfoParser [AppInfoParser.java:109] Kafka version : 2.0.1
2020-02-25 17:10:14,361 INFO [main] o.a.k.c.u.AppInfoParser [AppInfoParser.java:110] Kafka commitId : fa14705e51bd2ce5
2020-02-25 17:10:14,367 INFO [main] o.s.s.c.ThreadPoolTaskScheduler [ExecutorConfigurationSupport.java:171] Initializing ExecutorService
2020-02-25 17:10:14,376 INFO [main] o.a.k.c.c.ConsumerConfig [AbstractConfig.java:279] ConsumerConfig values: 
	auto.commit.interval.ms = 5000
	auto.offset.reset = latest
	bootstrap.servers = [localhost:9092]
	check.crcs = true
	client.id = 
	connections.max.idle.ms = 540000
	default.api.timeout.ms = 60000
	enable.auto.commit = true
	exclude.internal.topics = true
	fetch.max.bytes = 52428800
	fetch.max.wait.ms = 500
	fetch.min.bytes = 1
	group.id = test-consumer-group
	heartbeat.interval.ms = 3000
	interceptor.classes = []
	internal.leave.group.on.close = true
	isolation.level = read_uncommitted
	key.deserializer = class org.apache.kafka.common.serialization.StringDeserializer
	max.partition.fetch.bytes = 1048576
	max.poll.interval.ms = 300000
	max.poll.records = 500
	metadata.max.age.ms = 300000
	metric.reporters = []
	metrics.num.samples = 2
	metrics.recording.level = INFO
	metrics.sample.window.ms = 30000
	partition.assignment.strategy = [class org.apache.kafka.clients.consumer.RangeAssignor]
	receive.buffer.bytes = 65536
	reconnect.backoff.max.ms = 1000
	reconnect.backoff.ms = 50
	request.timeout.ms = 30000
	retry.backoff.ms = 100
	sasl.client.callback.handler.class = null
	sasl.jaas.config = null
	sasl.kerberos.kinit.cmd = /usr/bin/kinit
	sasl.kerberos.min.time.before.relogin = 60000
	sasl.kerberos.service.name = null
	sasl.kerberos.ticket.renew.jitter = 0.05
	sasl.kerberos.ticket.renew.window.factor = 0.8
	sasl.login.callback.handler.class = null
	sasl.login.class = null
	sasl.login.refresh.buffer.seconds = 300
	sasl.login.refresh.min.period.seconds = 60
	sasl.login.refresh.window.factor = 0.8
	sasl.login.refresh.window.jitter = 0.05
	sasl.mechanism = GSSAPI
	security.protocol = PLAINTEXT
	send.buffer.bytes = 131072
	session.timeout.ms = 10000
	ssl.cipher.suites = null
	ssl.enabled.protocols = [TLSv1.2, TLSv1.1, TLSv1]
	ssl.endpoint.identification.algorithm = https
	ssl.key.password = null
	ssl.keymanager.algorithm = SunX509
	ssl.keystore.location = null
	ssl.keystore.password = null
	ssl.keystore.type = JKS
	ssl.protocol = TLS
	ssl.provider = null
	ssl.secure.random.implementation = null
	ssl.trustmanager.algorithm = PKIX
	ssl.truststore.location = null
	ssl.truststore.password = null
	ssl.truststore.type = JKS
	value.deserializer = class org.apache.kafka.common.serialization.StringDeserializer

2020-02-25 17:10:14,387 INFO [org.springframework.kafka.KafkaListenerEndpointContainer#0-0-C-1] o.a.k.c.Metadata [Metadata.java:285] Cluster ID: 2-lcMegGRuqMVEJVM3Dr_w
2020-02-25 17:10:14,389 INFO [org.springframework.kafka.KafkaListenerEndpointContainer#0-0-C-1] o.a.k.c.c.i.AbstractCoordinator [AbstractCoordinator.java:677] [Consumer clientId=consumer-2, groupId=test-consumer-group] Discovered group coordinator DESKTOP-G9KOJV6:9092 (id: 2147483647 rack: null)
2020-02-25 17:10:14,390 INFO [main] o.a.k.c.u.AppInfoParser [AppInfoParser.java:109] Kafka version : 2.0.1
2020-02-25 17:10:14,390 INFO [main] o.a.k.c.u.AppInfoParser [AppInfoParser.java:110] Kafka commitId : fa14705e51bd2ce5
2020-02-25 17:10:14,395 INFO [org.springframework.kafka.KafkaListenerEndpointContainer#0-0-C-1] o.a.k.c.c.i.ConsumerCoordinator [ConsumerCoordinator.java:472] [Consumer clientId=consumer-2, groupId=test-consumer-group] Revoking previously assigned partitions []
2020-02-25 17:10:14,396 INFO [org.springframework.kafka.KafkaListenerEndpointContainer#0-0-C-1] o.s.k.l.KafkaMessageListenerContainer [AbstractMessageListenerContainer.java:375] partitions revoked: []
2020-02-25 17:10:14,396 INFO [org.springframework.kafka.KafkaListenerEndpointContainer#0-0-C-1] o.a.k.c.c.i.AbstractCoordinator [AbstractCoordinator.java:509] [Consumer clientId=consumer-2, groupId=test-consumer-group] (Re-)joining group
2020-02-25 17:10:14,402 INFO [main] o.a.k.c.Metadata [Metadata.java:285] Cluster ID: 2-lcMegGRuqMVEJVM3Dr_w
2020-02-25 17:10:14,427 INFO [main] o.a.k.c.c.ConsumerConfig [AbstractConfig.java:279] ConsumerConfig values: 
	auto.commit.interval.ms = 5000
	auto.offset.reset = latest
	bootstrap.servers = [localhost:9092]
	check.crcs = true
	client.id = 
	connections.max.idle.ms = 540000
	default.api.timeout.ms = 60000
	enable.auto.commit = true
	exclude.internal.topics = true
	fetch.max.bytes = 52428800
	fetch.max.wait.ms = 500
	fetch.min.bytes = 1
	group.id = test-consumer-group
	heartbeat.interval.ms = 3000
	interceptor.classes = []
	internal.leave.group.on.close = true
	isolation.level = read_uncommitted
	key.deserializer = class org.apache.kafka.common.serialization.StringDeserializer
	max.partition.fetch.bytes = 1048576
	max.poll.interval.ms = 300000
	max.poll.records = 500
	metadata.max.age.ms = 300000
	metric.reporters = []
	metrics.num.samples = 2
	metrics.recording.level = INFO
	metrics.sample.window.ms = 30000
	partition.assignment.strategy = [class org.apache.kafka.clients.consumer.RangeAssignor]
	receive.buffer.bytes = 65536
	reconnect.backoff.max.ms = 1000
	reconnect.backoff.ms = 50
	request.timeout.ms = 30000
	retry.backoff.ms = 100
	sasl.client.callback.handler.class = null
	sasl.jaas.config = null
	sasl.kerberos.kinit.cmd = /usr/bin/kinit
	sasl.kerberos.min.time.before.relogin = 60000
	sasl.kerberos.service.name = null
	sasl.kerberos.ticket.renew.jitter = 0.05
	sasl.kerberos.ticket.renew.window.factor = 0.8
	sasl.login.callback.handler.class = null
	sasl.login.class = null
	sasl.login.refresh.buffer.seconds = 300
	sasl.login.refresh.min.period.seconds = 60
	sasl.login.refresh.window.factor = 0.8
	sasl.login.refresh.window.jitter = 0.05
	sasl.mechanism = GSSAPI
	security.protocol = PLAINTEXT
	send.buffer.bytes = 131072
	session.timeout.ms = 10000
	ssl.cipher.suites = null
	ssl.enabled.protocols = [TLSv1.2, TLSv1.1, TLSv1]
	ssl.endpoint.identification.algorithm = https
	ssl.key.password = null
	ssl.keymanager.algorithm = SunX509
	ssl.keystore.location = null
	ssl.keystore.password = null
	ssl.keystore.type = JKS
	ssl.protocol = TLS
	ssl.provider = null
	ssl.secure.random.implementation = null
	ssl.trustmanager.algorithm = PKIX
	ssl.truststore.location = null
	ssl.truststore.password = null
	ssl.truststore.type = JKS
	value.deserializer = class org.apache.kafka.common.serialization.StringDeserializer

2020-02-25 17:10:14,437 INFO [org.springframework.kafka.KafkaListenerEndpointContainer#0-0-C-1] o.a.k.c.c.i.AbstractCoordinator [AbstractCoordinator.java:473] [Consumer clientId=consumer-2, groupId=test-consumer-group] Successfully joined group with generation 7
2020-02-25 17:10:14,442 INFO [org.springframework.kafka.KafkaListenerEndpointContainer#0-0-C-1] o.a.k.c.c.i.ConsumerCoordinator [ConsumerCoordinator.java:280] [Consumer clientId=consumer-2, groupId=test-consumer-group] Setting newly assigned partitions [test-0]
2020-02-25 17:10:14,447 INFO [main] o.a.k.c.u.AppInfoParser [AppInfoParser.java:109] Kafka version : 2.0.1
2020-02-25 17:10:14,448 INFO [main] o.a.k.c.u.AppInfoParser [AppInfoParser.java:110] Kafka commitId : fa14705e51bd2ce5
2020-02-25 17:10:14,450 INFO [org.springframework.kafka.KafkaListenerEndpointContainer#0-0-C-1] o.s.k.l.KafkaMessageListenerContainer [AbstractMessageListenerContainer.java:380] partitions assigned: [test-0]
2020-02-25 17:10:14,450 INFO [main] o.s.s.c.ThreadPoolTaskScheduler [ExecutorConfigurationSupport.java:171] Initializing ExecutorService
2020-02-25 17:10:14,491 INFO [main] c.n.c.MessageMapperTest [StartupInfoLogger.java:59] Started MessageMapperTest in 8.496 seconds (JVM running for 9.566)
2020-02-25 17:10:14,511 INFO [org.springframework.kafka.KafkaListenerEndpointContainer#1-0-C-1] o.a.k.c.Metadata [Metadata.java:285] Cluster ID: 2-lcMegGRuqMVEJVM3Dr_w
2020-02-25 17:10:14,513 INFO [org.springframework.kafka.KafkaListenerEndpointContainer#1-0-C-1] o.a.k.c.c.i.AbstractCoordinator [AbstractCoordinator.java:677] [Consumer clientId=consumer-4, groupId=test-consumer-group] Discovered group coordinator DESKTOP-G9KOJV6:9092 (id: 2147483647 rack: null)
2020-02-25 17:10:14,515 INFO [org.springframework.kafka.KafkaListenerEndpointContainer#1-0-C-1] o.a.k.c.c.i.ConsumerCoordinator [ConsumerCoordinator.java:472] [Consumer clientId=consumer-4, groupId=test-consumer-group] Revoking previously assigned partitions []
2020-02-25 17:10:14,516 INFO [org.springframework.kafka.KafkaListenerEndpointContainer#1-0-C-1] o.s.k.l.KafkaMessageListenerContainer [AbstractMessageListenerContainer.java:375] partitions revoked: []
2020-02-25 17:10:14,517 INFO [org.springframework.kafka.KafkaListenerEndpointContainer#1-0-C-1] o.a.k.c.c.i.AbstractCoordinator [AbstractCoordinator.java:509] [Consumer clientId=consumer-4, groupId=test-consumer-group] (Re-)joining group
2020-02-25 17:10:15,283 INFO [main] c.z.h.HikariDataSource [HikariDataSource.java:110] HikariPool-1 - Starting...
2020-02-25 17:10:15,564 INFO [main] c.z.h.HikariDataSource [HikariDataSource.java:123] HikariPool-1 - Start completed.
2020-02-25 17:10:16,102 INFO [org.springframework.kafka.KafkaListenerEndpointContainer#1-0-C-1] o.s.s.c.ThreadPoolTaskScheduler [ExecutorConfigurationSupport.java:208] Shutting down ExecutorService
2020-02-25 17:10:16,103 INFO [org.springframework.kafka.KafkaListenerEndpointContainer#0-0-C-1] o.s.s.c.ThreadPoolTaskScheduler [ExecutorConfigurationSupport.java:208] Shutting down ExecutorService
2020-02-25 17:10:16,113 INFO [org.springframework.kafka.KafkaListenerEndpointContainer#1-0-C-1] o.s.k.l.KafkaMessageListenerContainer$ListenerConsumer [KafkaMessageListenerContainer.java:840] Consumer stopped
2020-02-25 17:10:16,114 INFO [org.springframework.kafka.KafkaListenerEndpointContainer#0-0-C-1] o.s.k.l.KafkaMessageListenerContainer$ListenerConsumer [KafkaMessageListenerContainer.java:840] Consumer stopped
2020-02-25 17:10:16,118 INFO [Thread-2] o.s.s.c.ThreadPoolTaskExecutor [ExecutorConfigurationSupport.java:208] Shutting down ExecutorService 'applicationTaskExecutor'
2020-02-25 17:10:16,148 INFO [Thread-2] c.z.h.HikariDataSource [HikariDataSource.java:350] HikariPool-1 - Shutdown initiated...
2020-02-25 17:10:16,163 INFO [Thread-2] c.z.h.HikariDataSource [HikariDataSource.java:352] HikariPool-1 - Shutdown completed.
2020-02-25 17:10:53,757 INFO [main] c.n.c.MessageMapperTest [StartupInfoLogger.java:50] Starting MessageMapperTest on DESKTOP-G9KOJV6 with PID 29712 (started by 59842 in F:\javaproject\community)
2020-02-25 17:10:53,761 INFO [main] c.n.c.MessageMapperTest [SpringApplication.java:675] No active profile set, falling back to default profiles: default
2020-02-25 17:10:55,743 INFO [main] o.s.d.r.c.RepositoryConfigurationDelegate [RepositoryConfigurationDelegate.java:244] Multiple Spring Data modules found, entering strict repository configuration mode!
2020-02-25 17:10:55,752 INFO [main] o.s.d.r.c.RepositoryConfigurationDelegate [RepositoryConfigurationDelegate.java:126] Bootstrapping Spring Data repositories in DEFAULT mode.
2020-02-25 17:10:55,828 INFO [main] o.s.d.r.c.RepositoryConfigurationDelegate [RepositoryConfigurationDelegate.java:182] Finished Spring Data repository scanning in 40ms. Found 0 repository interfaces.
2020-02-25 17:10:56,555 INFO [main] o.s.c.s.PostProcessorRegistrationDelegate$BeanPostProcessorChecker [PostProcessorRegistrationDelegate.java:330] Bean 'org.springframework.kafka.annotation.KafkaBootstrapConfiguration' of type [org.springframework.kafka.annotation.KafkaBootstrapConfiguration$$EnhancerBySpringCGLIB$$9e403d9b] is not eligible for getting processed by all BeanPostProcessors (for example: not eligible for auto-proxying)
2020-02-25 17:10:56,645 INFO [main] o.s.c.s.PostProcessorRegistrationDelegate$BeanPostProcessorChecker [PostProcessorRegistrationDelegate.java:330] Bean 'org.springframework.transaction.annotation.ProxyTransactionManagementConfiguration' of type [org.springframework.transaction.annotation.ProxyTransactionManagementConfiguration$$EnhancerBySpringCGLIB$$ca8e2c18] is not eligible for getting processed by all BeanPostProcessors (for example: not eligible for auto-proxying)
2020-02-25 17:10:59,186 INFO [main] o.s.s.c.ThreadPoolTaskExecutor [ExecutorConfigurationSupport.java:171] Initializing ExecutorService 'applicationTaskExecutor'
2020-02-25 17:10:59,452 INFO [main] o.s.b.a.w.s.WelcomePageHandlerMapping [WelcomePageHandlerMapping.java:61] Adding welcome page template: index
2020-02-25 17:11:00,094 INFO [main] o.a.k.c.c.ConsumerConfig [AbstractConfig.java:279] ConsumerConfig values: 
	auto.commit.interval.ms = 5000
	auto.offset.reset = latest
	bootstrap.servers = [localhost:9092]
	check.crcs = true
	client.id = 
	connections.max.idle.ms = 540000
	default.api.timeout.ms = 60000
	enable.auto.commit = true
	exclude.internal.topics = true
	fetch.max.bytes = 52428800
	fetch.max.wait.ms = 500
	fetch.min.bytes = 1
	group.id = test-consumer-group
	heartbeat.interval.ms = 3000
	interceptor.classes = []
	internal.leave.group.on.close = true
	isolation.level = read_uncommitted
	key.deserializer = class org.apache.kafka.common.serialization.StringDeserializer
	max.partition.fetch.bytes = 1048576
	max.poll.interval.ms = 300000
	max.poll.records = 500
	metadata.max.age.ms = 300000
	metric.reporters = []
	metrics.num.samples = 2
	metrics.recording.level = INFO
	metrics.sample.window.ms = 30000
	partition.assignment.strategy = [class org.apache.kafka.clients.consumer.RangeAssignor]
	receive.buffer.bytes = 65536
	reconnect.backoff.max.ms = 1000
	reconnect.backoff.ms = 50
	request.timeout.ms = 30000
	retry.backoff.ms = 100
	sasl.client.callback.handler.class = null
	sasl.jaas.config = null
	sasl.kerberos.kinit.cmd = /usr/bin/kinit
	sasl.kerberos.min.time.before.relogin = 60000
	sasl.kerberos.service.name = null
	sasl.kerberos.ticket.renew.jitter = 0.05
	sasl.kerberos.ticket.renew.window.factor = 0.8
	sasl.login.callback.handler.class = null
	sasl.login.class = null
	sasl.login.refresh.buffer.seconds = 300
	sasl.login.refresh.min.period.seconds = 60
	sasl.login.refresh.window.factor = 0.8
	sasl.login.refresh.window.jitter = 0.05
	sasl.mechanism = GSSAPI
	security.protocol = PLAINTEXT
	send.buffer.bytes = 131072
	session.timeout.ms = 10000
	ssl.cipher.suites = null
	ssl.enabled.protocols = [TLSv1.2, TLSv1.1, TLSv1]
	ssl.endpoint.identification.algorithm = https
	ssl.key.password = null
	ssl.keymanager.algorithm = SunX509
	ssl.keystore.location = null
	ssl.keystore.password = null
	ssl.keystore.type = JKS
	ssl.protocol = TLS
	ssl.provider = null
	ssl.secure.random.implementation = null
	ssl.trustmanager.algorithm = PKIX
	ssl.truststore.location = null
	ssl.truststore.password = null
	ssl.truststore.type = JKS
	value.deserializer = class org.apache.kafka.common.serialization.StringDeserializer

2020-02-25 17:11:01,204 INFO [main] o.a.k.c.u.AppInfoParser [AppInfoParser.java:109] Kafka version : 2.0.1
2020-02-25 17:11:01,205 INFO [main] o.a.k.c.u.AppInfoParser [AppInfoParser.java:110] Kafka commitId : fa14705e51bd2ce5
2020-02-25 17:11:01,340 INFO [main] o.a.k.c.Metadata [Metadata.java:285] Cluster ID: 2-lcMegGRuqMVEJVM3Dr_w
2020-02-25 17:11:01,359 INFO [main] o.a.k.c.c.ConsumerConfig [AbstractConfig.java:279] ConsumerConfig values: 
	auto.commit.interval.ms = 5000
	auto.offset.reset = latest
	bootstrap.servers = [localhost:9092]
	check.crcs = true
	client.id = 
	connections.max.idle.ms = 540000
	default.api.timeout.ms = 60000
	enable.auto.commit = true
	exclude.internal.topics = true
	fetch.max.bytes = 52428800
	fetch.max.wait.ms = 500
	fetch.min.bytes = 1
	group.id = test-consumer-group
	heartbeat.interval.ms = 3000
	interceptor.classes = []
	internal.leave.group.on.close = true
	isolation.level = read_uncommitted
	key.deserializer = class org.apache.kafka.common.serialization.StringDeserializer
	max.partition.fetch.bytes = 1048576
	max.poll.interval.ms = 300000
	max.poll.records = 500
	metadata.max.age.ms = 300000
	metric.reporters = []
	metrics.num.samples = 2
	metrics.recording.level = INFO
	metrics.sample.window.ms = 30000
	partition.assignment.strategy = [class org.apache.kafka.clients.consumer.RangeAssignor]
	receive.buffer.bytes = 65536
	reconnect.backoff.max.ms = 1000
	reconnect.backoff.ms = 50
	request.timeout.ms = 30000
	retry.backoff.ms = 100
	sasl.client.callback.handler.class = null
	sasl.jaas.config = null
	sasl.kerberos.kinit.cmd = /usr/bin/kinit
	sasl.kerberos.min.time.before.relogin = 60000
	sasl.kerberos.service.name = null
	sasl.kerberos.ticket.renew.jitter = 0.05
	sasl.kerberos.ticket.renew.window.factor = 0.8
	sasl.login.callback.handler.class = null
	sasl.login.class = null
	sasl.login.refresh.buffer.seconds = 300
	sasl.login.refresh.min.period.seconds = 60
	sasl.login.refresh.window.factor = 0.8
	sasl.login.refresh.window.jitter = 0.05
	sasl.mechanism = GSSAPI
	security.protocol = PLAINTEXT
	send.buffer.bytes = 131072
	session.timeout.ms = 10000
	ssl.cipher.suites = null
	ssl.enabled.protocols = [TLSv1.2, TLSv1.1, TLSv1]
	ssl.endpoint.identification.algorithm = https
	ssl.key.password = null
	ssl.keymanager.algorithm = SunX509
	ssl.keystore.location = null
	ssl.keystore.password = null
	ssl.keystore.type = JKS
	ssl.protocol = TLS
	ssl.provider = null
	ssl.secure.random.implementation = null
	ssl.trustmanager.algorithm = PKIX
	ssl.truststore.location = null
	ssl.truststore.password = null
	ssl.truststore.type = JKS
	value.deserializer = class org.apache.kafka.common.serialization.StringDeserializer

2020-02-25 17:11:01,369 INFO [main] o.a.k.c.u.AppInfoParser [AppInfoParser.java:109] Kafka version : 2.0.1
2020-02-25 17:11:01,370 INFO [main] o.a.k.c.u.AppInfoParser [AppInfoParser.java:110] Kafka commitId : fa14705e51bd2ce5
2020-02-25 17:11:01,375 INFO [main] o.s.s.c.ThreadPoolTaskScheduler [ExecutorConfigurationSupport.java:171] Initializing ExecutorService
2020-02-25 17:11:01,385 INFO [main] o.a.k.c.c.ConsumerConfig [AbstractConfig.java:279] ConsumerConfig values: 
	auto.commit.interval.ms = 5000
	auto.offset.reset = latest
	bootstrap.servers = [localhost:9092]
	check.crcs = true
	client.id = 
	connections.max.idle.ms = 540000
	default.api.timeout.ms = 60000
	enable.auto.commit = true
	exclude.internal.topics = true
	fetch.max.bytes = 52428800
	fetch.max.wait.ms = 500
	fetch.min.bytes = 1
	group.id = test-consumer-group
	heartbeat.interval.ms = 3000
	interceptor.classes = []
	internal.leave.group.on.close = true
	isolation.level = read_uncommitted
	key.deserializer = class org.apache.kafka.common.serialization.StringDeserializer
	max.partition.fetch.bytes = 1048576
	max.poll.interval.ms = 300000
	max.poll.records = 500
	metadata.max.age.ms = 300000
	metric.reporters = []
	metrics.num.samples = 2
	metrics.recording.level = INFO
	metrics.sample.window.ms = 30000
	partition.assignment.strategy = [class org.apache.kafka.clients.consumer.RangeAssignor]
	receive.buffer.bytes = 65536
	reconnect.backoff.max.ms = 1000
	reconnect.backoff.ms = 50
	request.timeout.ms = 30000
	retry.backoff.ms = 100
	sasl.client.callback.handler.class = null
	sasl.jaas.config = null
	sasl.kerberos.kinit.cmd = /usr/bin/kinit
	sasl.kerberos.min.time.before.relogin = 60000
	sasl.kerberos.service.name = null
	sasl.kerberos.ticket.renew.jitter = 0.05
	sasl.kerberos.ticket.renew.window.factor = 0.8
	sasl.login.callback.handler.class = null
	sasl.login.class = null
	sasl.login.refresh.buffer.seconds = 300
	sasl.login.refresh.min.period.seconds = 60
	sasl.login.refresh.window.factor = 0.8
	sasl.login.refresh.window.jitter = 0.05
	sasl.mechanism = GSSAPI
	security.protocol = PLAINTEXT
	send.buffer.bytes = 131072
	session.timeout.ms = 10000
	ssl.cipher.suites = null
	ssl.enabled.protocols = [TLSv1.2, TLSv1.1, TLSv1]
	ssl.endpoint.identification.algorithm = https
	ssl.key.password = null
	ssl.keymanager.algorithm = SunX509
	ssl.keystore.location = null
	ssl.keystore.password = null
	ssl.keystore.type = JKS
	ssl.protocol = TLS
	ssl.provider = null
	ssl.secure.random.implementation = null
	ssl.trustmanager.algorithm = PKIX
	ssl.truststore.location = null
	ssl.truststore.password = null
	ssl.truststore.type = JKS
	value.deserializer = class org.apache.kafka.common.serialization.StringDeserializer

2020-02-25 17:11:01,395 INFO [org.springframework.kafka.KafkaListenerEndpointContainer#0-0-C-1] o.a.k.c.Metadata [Metadata.java:285] Cluster ID: 2-lcMegGRuqMVEJVM3Dr_w
2020-02-25 17:11:01,397 INFO [main] o.a.k.c.u.AppInfoParser [AppInfoParser.java:109] Kafka version : 2.0.1
2020-02-25 17:11:01,398 INFO [org.springframework.kafka.KafkaListenerEndpointContainer#0-0-C-1] o.a.k.c.c.i.AbstractCoordinator [AbstractCoordinator.java:677] [Consumer clientId=consumer-2, groupId=test-consumer-group] Discovered group coordinator DESKTOP-G9KOJV6:9092 (id: 2147483647 rack: null)
2020-02-25 17:11:01,398 INFO [main] o.a.k.c.u.AppInfoParser [AppInfoParser.java:110] Kafka commitId : fa14705e51bd2ce5
2020-02-25 17:11:01,403 INFO [org.springframework.kafka.KafkaListenerEndpointContainer#0-0-C-1] o.a.k.c.c.i.ConsumerCoordinator [ConsumerCoordinator.java:472] [Consumer clientId=consumer-2, groupId=test-consumer-group] Revoking previously assigned partitions []
2020-02-25 17:11:01,403 INFO [org.springframework.kafka.KafkaListenerEndpointContainer#0-0-C-1] o.s.k.l.KafkaMessageListenerContainer [AbstractMessageListenerContainer.java:375] partitions revoked: []
2020-02-25 17:11:01,404 INFO [org.springframework.kafka.KafkaListenerEndpointContainer#0-0-C-1] o.a.k.c.c.i.AbstractCoordinator [AbstractCoordinator.java:509] [Consumer clientId=consumer-2, groupId=test-consumer-group] (Re-)joining group
2020-02-25 17:11:01,407 INFO [main] o.a.k.c.Metadata [Metadata.java:285] Cluster ID: 2-lcMegGRuqMVEJVM3Dr_w
2020-02-25 17:11:01,453 INFO [org.springframework.kafka.KafkaListenerEndpointContainer#0-0-C-1] o.a.k.c.c.i.AbstractCoordinator [AbstractCoordinator.java:473] [Consumer clientId=consumer-2, groupId=test-consumer-group] Successfully joined group with generation 10
2020-02-25 17:11:01,466 INFO [org.springframework.kafka.KafkaListenerEndpointContainer#0-0-C-1] o.a.k.c.c.i.ConsumerCoordinator [ConsumerCoordinator.java:280] [Consumer clientId=consumer-2, groupId=test-consumer-group] Setting newly assigned partitions [test-0]
2020-02-25 17:11:01,471 INFO [org.springframework.kafka.KafkaListenerEndpointContainer#0-0-C-1] o.s.k.l.KafkaMessageListenerContainer [AbstractMessageListenerContainer.java:380] partitions assigned: [test-0]
2020-02-25 17:11:01,476 INFO [main] o.a.k.c.c.ConsumerConfig [AbstractConfig.java:279] ConsumerConfig values: 
	auto.commit.interval.ms = 5000
	auto.offset.reset = latest
	bootstrap.servers = [localhost:9092]
	check.crcs = true
	client.id = 
	connections.max.idle.ms = 540000
	default.api.timeout.ms = 60000
	enable.auto.commit = true
	exclude.internal.topics = true
	fetch.max.bytes = 52428800
	fetch.max.wait.ms = 500
	fetch.min.bytes = 1
	group.id = test-consumer-group
	heartbeat.interval.ms = 3000
	interceptor.classes = []
	internal.leave.group.on.close = true
	isolation.level = read_uncommitted
	key.deserializer = class org.apache.kafka.common.serialization.StringDeserializer
	max.partition.fetch.bytes = 1048576
	max.poll.interval.ms = 300000
	max.poll.records = 500
	metadata.max.age.ms = 300000
	metric.reporters = []
	metrics.num.samples = 2
	metrics.recording.level = INFO
	metrics.sample.window.ms = 30000
	partition.assignment.strategy = [class org.apache.kafka.clients.consumer.RangeAssignor]
	receive.buffer.bytes = 65536
	reconnect.backoff.max.ms = 1000
	reconnect.backoff.ms = 50
	request.timeout.ms = 30000
	retry.backoff.ms = 100
	sasl.client.callback.handler.class = null
	sasl.jaas.config = null
	sasl.kerberos.kinit.cmd = /usr/bin/kinit
	sasl.kerberos.min.time.before.relogin = 60000
	sasl.kerberos.service.name = null
	sasl.kerberos.ticket.renew.jitter = 0.05
	sasl.kerberos.ticket.renew.window.factor = 0.8
	sasl.login.callback.handler.class = null
	sasl.login.class = null
	sasl.login.refresh.buffer.seconds = 300
	sasl.login.refresh.min.period.seconds = 60
	sasl.login.refresh.window.factor = 0.8
	sasl.login.refresh.window.jitter = 0.05
	sasl.mechanism = GSSAPI
	security.protocol = PLAINTEXT
	send.buffer.bytes = 131072
	session.timeout.ms = 10000
	ssl.cipher.suites = null
	ssl.enabled.protocols = [TLSv1.2, TLSv1.1, TLSv1]
	ssl.endpoint.identification.algorithm = https
	ssl.key.password = null
	ssl.keymanager.algorithm = SunX509
	ssl.keystore.location = null
	ssl.keystore.password = null
	ssl.keystore.type = JKS
	ssl.protocol = TLS
	ssl.provider = null
	ssl.secure.random.implementation = null
	ssl.trustmanager.algorithm = PKIX
	ssl.truststore.location = null
	ssl.truststore.password = null
	ssl.truststore.type = JKS
	value.deserializer = class org.apache.kafka.common.serialization.StringDeserializer

2020-02-25 17:11:01,482 INFO [main] o.a.k.c.u.AppInfoParser [AppInfoParser.java:109] Kafka version : 2.0.1
2020-02-25 17:11:01,483 INFO [main] o.a.k.c.u.AppInfoParser [AppInfoParser.java:110] Kafka commitId : fa14705e51bd2ce5
2020-02-25 17:11:01,484 INFO [main] o.s.s.c.ThreadPoolTaskScheduler [ExecutorConfigurationSupport.java:171] Initializing ExecutorService
2020-02-25 17:11:01,498 INFO [org.springframework.kafka.KafkaListenerEndpointContainer#1-0-C-1] o.a.k.c.Metadata [Metadata.java:285] Cluster ID: 2-lcMegGRuqMVEJVM3Dr_w
2020-02-25 17:11:01,502 INFO [org.springframework.kafka.KafkaListenerEndpointContainer#1-0-C-1] o.a.k.c.c.i.AbstractCoordinator [AbstractCoordinator.java:677] [Consumer clientId=consumer-4, groupId=test-consumer-group] Discovered group coordinator DESKTOP-G9KOJV6:9092 (id: 2147483647 rack: null)
2020-02-25 17:11:01,504 INFO [org.springframework.kafka.KafkaListenerEndpointContainer#1-0-C-1] o.a.k.c.c.i.ConsumerCoordinator [ConsumerCoordinator.java:472] [Consumer clientId=consumer-4, groupId=test-consumer-group] Revoking previously assigned partitions []
2020-02-25 17:11:01,505 INFO [org.springframework.kafka.KafkaListenerEndpointContainer#1-0-C-1] o.s.k.l.KafkaMessageListenerContainer [AbstractMessageListenerContainer.java:375] partitions revoked: []
2020-02-25 17:11:01,505 INFO [org.springframework.kafka.KafkaListenerEndpointContainer#1-0-C-1] o.a.k.c.c.i.AbstractCoordinator [AbstractCoordinator.java:509] [Consumer clientId=consumer-4, groupId=test-consumer-group] (Re-)joining group
2020-02-25 17:11:01,511 INFO [main] c.n.c.MessageMapperTest [StartupInfoLogger.java:59] Started MessageMapperTest in 8.389 seconds (JVM running for 9.446)
2020-02-25 17:11:02,057 INFO [main] c.z.h.HikariDataSource [HikariDataSource.java:110] HikariPool-1 - Starting...
2020-02-25 17:11:02,308 INFO [main] c.z.h.HikariDataSource [HikariDataSource.java:123] HikariPool-1 - Start completed.
2020-02-25 17:11:02,758 INFO [org.springframework.kafka.KafkaListenerEndpointContainer#1-0-C-1] o.s.s.c.ThreadPoolTaskScheduler [ExecutorConfigurationSupport.java:208] Shutting down ExecutorService
2020-02-25 17:11:02,759 INFO [org.springframework.kafka.KafkaListenerEndpointContainer#0-0-C-1] o.s.s.c.ThreadPoolTaskScheduler [ExecutorConfigurationSupport.java:208] Shutting down ExecutorService
2020-02-25 17:11:02,767 INFO [org.springframework.kafka.KafkaListenerEndpointContainer#1-0-C-1] o.s.k.l.KafkaMessageListenerContainer$ListenerConsumer [KafkaMessageListenerContainer.java:840] Consumer stopped
2020-02-25 17:11:02,768 INFO [org.springframework.kafka.KafkaListenerEndpointContainer#0-0-C-1] o.s.k.l.KafkaMessageListenerContainer$ListenerConsumer [KafkaMessageListenerContainer.java:840] Consumer stopped
2020-02-25 17:11:02,772 INFO [Thread-2] o.s.s.c.ThreadPoolTaskExecutor [ExecutorConfigurationSupport.java:208] Shutting down ExecutorService 'applicationTaskExecutor'
2020-02-25 17:11:02,793 INFO [Thread-2] c.z.h.HikariDataSource [HikariDataSource.java:350] HikariPool-1 - Shutdown initiated...
2020-02-25 17:11:02,820 INFO [Thread-2] c.z.h.HikariDataSource [HikariDataSource.java:352] HikariPool-1 - Shutdown completed.
