2020-02-16 09:38:22,265 INFO [restartedMain] c.n.c.CommunityApplication [StartupInfoLogger.java:50] Starting CommunityApplication on DESKTOP-G9KOJV6 with PID 12112 (F:\javaproject\community\target\classes started by 59842 in F:\javaproject\community)
2020-02-16 09:38:22,270 INFO [restartedMain] c.n.c.CommunityApplication [SpringApplication.java:675] No active profile set, falling back to default profiles: default
2020-02-16 09:38:22,514 INFO [restartedMain] o.s.b.d.e.DevToolsPropertyDefaultsPostProcessor [DeferredLog.java:227] Devtools property defaults active! Set 'spring.devtools.add-properties' to 'false' to disable
2020-02-16 09:38:22,514 INFO [restartedMain] o.s.b.d.e.DevToolsPropertyDefaultsPostProcessor [DeferredLog.java:227] For additional web related logging consider setting the 'logging.level.web' property to 'DEBUG'
2020-02-16 09:38:24,592 INFO [restartedMain] o.s.d.r.c.RepositoryConfigurationDelegate [RepositoryConfigurationDelegate.java:244] Multiple Spring Data modules found, entering strict repository configuration mode!
2020-02-16 09:38:24,595 INFO [restartedMain] o.s.d.r.c.RepositoryConfigurationDelegate [RepositoryConfigurationDelegate.java:126] Bootstrapping Spring Data repositories in DEFAULT mode.
2020-02-16 09:38:24,635 INFO [restartedMain] o.s.d.r.c.RepositoryConfigurationDelegate [RepositoryConfigurationDelegate.java:182] Finished Spring Data repository scanning in 11ms. Found 0 repository interfaces.
2020-02-16 09:38:25,330 INFO [restartedMain] o.s.c.s.PostProcessorRegistrationDelegate$BeanPostProcessorChecker [PostProcessorRegistrationDelegate.java:330] Bean 'org.springframework.transaction.annotation.ProxyTransactionManagementConfiguration' of type [org.springframework.transaction.annotation.ProxyTransactionManagementConfiguration$$EnhancerBySpringCGLIB$$68700307] is not eligible for getting processed by all BeanPostProcessors (for example: not eligible for auto-proxying)
2020-02-16 09:38:25,817 INFO [restartedMain] o.s.b.w.e.t.TomcatWebServer [TomcatWebServer.java:90] Tomcat initialized with port(s): 8080 (http)
2020-02-16 09:38:25,848 INFO [restartedMain] o.a.c.h.Http11NioProtocol [DirectJDKLog.java:173] Initializing ProtocolHandler ["http-nio-8080"]
2020-02-16 09:38:25,892 INFO [restartedMain] o.a.c.c.StandardService [DirectJDKLog.java:173] Starting service [Tomcat]
2020-02-16 09:38:25,893 INFO [restartedMain] o.a.c.c.StandardEngine [DirectJDKLog.java:173] Starting Servlet engine: [Apache Tomcat/9.0.19]
2020-02-16 09:38:26,026 INFO [restartedMain] o.a.c.c.C.[.[.[/community] [DirectJDKLog.java:173] Initializing Spring embedded WebApplicationContext
2020-02-16 09:38:26,027 INFO [restartedMain] o.s.w.c.ContextLoader [ServletWebServerApplicationContext.java:296] Root WebApplicationContext: initialization completed in 3512 ms
2020-02-16 09:38:27,427 INFO [restartedMain] o.s.s.c.ThreadPoolTaskExecutor [ExecutorConfigurationSupport.java:171] Initializing ExecutorService 'applicationTaskExecutor'
2020-02-16 09:38:27,527 INFO [restartedMain] o.s.b.a.w.s.WelcomePageHandlerMapping [WelcomePageHandlerMapping.java:61] Adding welcome page template: index
2020-02-16 09:38:27,862 INFO [restartedMain] o.s.b.d.a.OptionalLiveReloadServer [OptionalLiveReloadServer.java:57] LiveReload server is running on port 35729
2020-02-16 09:38:27,897 INFO [restartedMain] o.a.c.h.Http11NioProtocol [DirectJDKLog.java:173] Starting ProtocolHandler ["http-nio-8080"]
2020-02-16 09:38:27,942 INFO [restartedMain] o.s.b.w.e.t.TomcatWebServer [TomcatWebServer.java:204] Tomcat started on port(s): 8080 (http) with context path '/community'
2020-02-16 09:38:27,946 INFO [restartedMain] c.n.c.CommunityApplication [StartupInfoLogger.java:59] Started CommunityApplication in 6.78 seconds (JVM running for 9.273)
2020-02-16 09:38:45,791 INFO [http-nio-8080-exec-1] o.a.c.c.C.[.[.[/community] [DirectJDKLog.java:173] Initializing Spring DispatcherServlet 'dispatcherServlet'
2020-02-16 09:38:45,792 INFO [http-nio-8080-exec-1] o.s.w.s.DispatcherServlet [FrameworkServlet.java:524] Initializing Servlet 'dispatcherServlet'
2020-02-16 09:38:45,816 INFO [http-nio-8080-exec-1] o.s.w.s.DispatcherServlet [FrameworkServlet.java:546] Completed initialization in 24 ms
2020-02-16 09:38:45,926 INFO [http-nio-8080-exec-1] c.z.h.HikariDataSource [HikariDataSource.java:110] HikariPool-1 - Starting...
2020-02-16 09:38:46,199 INFO [http-nio-8080-exec-1] c.z.h.HikariDataSource [HikariDataSource.java:123] HikariPool-1 - Start completed.
2020-02-16 09:38:46,618 INFO [http-nio-8080-exec-1] i.l.c.EpollProvider [EpollProvider.java:68] Starting without optional epoll library
2020-02-16 09:38:46,620 INFO [http-nio-8080-exec-1] i.l.c.KqueueProvider [KqueueProvider.java:70] Starting without optional kqueue library
2020-02-16 10:03:50,754 INFO [restartedMain] c.n.c.CommunityApplication [StartupInfoLogger.java:50] Starting CommunityApplication on DESKTOP-G9KOJV6 with PID 6664 (F:\javaproject\community\target\classes started by 59842 in F:\javaproject\community)
2020-02-16 10:03:50,756 INFO [restartedMain] c.n.c.CommunityApplication [SpringApplication.java:675] No active profile set, falling back to default profiles: default
2020-02-16 10:03:50,845 INFO [restartedMain] o.s.b.d.e.DevToolsPropertyDefaultsPostProcessor [DeferredLog.java:227] Devtools property defaults active! Set 'spring.devtools.add-properties' to 'false' to disable
2020-02-16 10:03:50,846 INFO [restartedMain] o.s.b.d.e.DevToolsPropertyDefaultsPostProcessor [DeferredLog.java:227] For additional web related logging consider setting the 'logging.level.web' property to 'DEBUG'
2020-02-16 10:03:52,064 INFO [restartedMain] o.s.d.r.c.RepositoryConfigurationDelegate [RepositoryConfigurationDelegate.java:244] Multiple Spring Data modules found, entering strict repository configuration mode!
2020-02-16 10:03:52,066 INFO [restartedMain] o.s.d.r.c.RepositoryConfigurationDelegate [RepositoryConfigurationDelegate.java:126] Bootstrapping Spring Data repositories in DEFAULT mode.
2020-02-16 10:03:52,114 INFO [restartedMain] o.s.d.r.c.RepositoryConfigurationDelegate [RepositoryConfigurationDelegate.java:182] Finished Spring Data repository scanning in 10ms. Found 0 repository interfaces.
2020-02-16 10:03:52,453 INFO [restartedMain] o.s.c.s.PostProcessorRegistrationDelegate$BeanPostProcessorChecker [PostProcessorRegistrationDelegate.java:330] Bean 'org.springframework.transaction.annotation.ProxyTransactionManagementConfiguration' of type [org.springframework.transaction.annotation.ProxyTransactionManagementConfiguration$$EnhancerBySpringCGLIB$$678796fd] is not eligible for getting processed by all BeanPostProcessors (for example: not eligible for auto-proxying)
2020-02-16 10:03:52,824 INFO [restartedMain] o.s.b.w.e.t.TomcatWebServer [TomcatWebServer.java:90] Tomcat initialized with port(s): 8080 (http)
2020-02-16 10:03:52,862 INFO [restartedMain] o.a.c.h.Http11NioProtocol [DirectJDKLog.java:173] Initializing ProtocolHandler ["http-nio-8080"]
2020-02-16 10:03:52,874 INFO [restartedMain] o.a.c.c.StandardService [DirectJDKLog.java:173] Starting service [Tomcat]
2020-02-16 10:03:52,874 INFO [restartedMain] o.a.c.c.StandardEngine [DirectJDKLog.java:173] Starting Servlet engine: [Apache Tomcat/9.0.19]
2020-02-16 10:03:52,968 INFO [restartedMain] o.a.c.c.C.[.[.[/community] [DirectJDKLog.java:173] Initializing Spring embedded WebApplicationContext
2020-02-16 10:03:52,969 INFO [restartedMain] o.s.w.c.ContextLoader [ServletWebServerApplicationContext.java:296] Root WebApplicationContext: initialization completed in 2123 ms
2020-02-16 10:03:54,002 INFO [restartedMain] o.s.s.c.ThreadPoolTaskExecutor [ExecutorConfigurationSupport.java:171] Initializing ExecutorService 'applicationTaskExecutor'
2020-02-16 10:03:54,086 INFO [restartedMain] o.s.b.a.w.s.WelcomePageHandlerMapping [WelcomePageHandlerMapping.java:61] Adding welcome page template: index
2020-02-16 10:03:54,304 INFO [restartedMain] o.s.b.d.a.OptionalLiveReloadServer [OptionalLiveReloadServer.java:57] LiveReload server is running on port 35729
2020-02-16 10:03:54,331 INFO [restartedMain] o.a.c.h.Http11NioProtocol [DirectJDKLog.java:173] Starting ProtocolHandler ["http-nio-8080"]
2020-02-16 10:03:54,351 INFO [restartedMain] o.s.b.w.e.t.TomcatWebServer [TomcatWebServer.java:204] Tomcat started on port(s): 8080 (http) with context path '/community'
2020-02-16 10:03:54,355 INFO [restartedMain] c.n.c.CommunityApplication [StartupInfoLogger.java:59] Started CommunityApplication in 4.32 seconds (JVM running for 6.292)
2020-02-16 10:04:04,865 INFO [http-nio-8080-exec-1] o.a.c.c.C.[.[.[/community] [DirectJDKLog.java:173] Initializing Spring DispatcherServlet 'dispatcherServlet'
2020-02-16 10:04:04,867 INFO [http-nio-8080-exec-1] o.s.w.s.DispatcherServlet [FrameworkServlet.java:524] Initializing Servlet 'dispatcherServlet'
2020-02-16 10:04:04,876 INFO [http-nio-8080-exec-1] o.s.w.s.DispatcherServlet [FrameworkServlet.java:546] Completed initialization in 9 ms
2020-02-16 10:04:04,924 INFO [http-nio-8080-exec-1] c.z.h.HikariDataSource [HikariDataSource.java:110] HikariPool-1 - Starting...
2020-02-16 10:04:05,051 INFO [http-nio-8080-exec-1] c.z.h.HikariDataSource [HikariDataSource.java:123] HikariPool-1 - Start completed.
2020-02-16 10:04:05,276 INFO [http-nio-8080-exec-1] i.l.c.EpollProvider [EpollProvider.java:68] Starting without optional epoll library
2020-02-16 10:04:05,277 INFO [http-nio-8080-exec-1] i.l.c.KqueueProvider [KqueueProvider.java:70] Starting without optional kqueue library
2020-02-16 10:18:52,756 INFO [restartedMain] c.n.c.CommunityApplication [StartupInfoLogger.java:50] Starting CommunityApplication on DESKTOP-G9KOJV6 with PID 8920 (F:\javaproject\community\target\classes started by 59842 in F:\javaproject\community)
2020-02-16 10:18:52,759 INFO [restartedMain] c.n.c.CommunityApplication [SpringApplication.java:675] No active profile set, falling back to default profiles: default
2020-02-16 10:18:52,803 INFO [restartedMain] o.s.b.d.e.DevToolsPropertyDefaultsPostProcessor [DeferredLog.java:227] Devtools property defaults active! Set 'spring.devtools.add-properties' to 'false' to disable
2020-02-16 10:18:52,803 INFO [restartedMain] o.s.b.d.e.DevToolsPropertyDefaultsPostProcessor [DeferredLog.java:227] For additional web related logging consider setting the 'logging.level.web' property to 'DEBUG'
2020-02-16 10:18:53,685 INFO [restartedMain] o.s.d.r.c.RepositoryConfigurationDelegate [RepositoryConfigurationDelegate.java:244] Multiple Spring Data modules found, entering strict repository configuration mode!
2020-02-16 10:18:53,687 INFO [restartedMain] o.s.d.r.c.RepositoryConfigurationDelegate [RepositoryConfigurationDelegate.java:126] Bootstrapping Spring Data repositories in DEFAULT mode.
2020-02-16 10:18:53,707 INFO [restartedMain] o.s.d.r.c.RepositoryConfigurationDelegate [RepositoryConfigurationDelegate.java:182] Finished Spring Data repository scanning in 10ms. Found 0 repository interfaces.
2020-02-16 10:18:54,047 INFO [restartedMain] o.s.c.s.PostProcessorRegistrationDelegate$BeanPostProcessorChecker [PostProcessorRegistrationDelegate.java:330] Bean 'org.springframework.transaction.annotation.ProxyTransactionManagementConfiguration' of type [org.springframework.transaction.annotation.ProxyTransactionManagementConfiguration$$EnhancerBySpringCGLIB$$b1a9a615] is not eligible for getting processed by all BeanPostProcessors (for example: not eligible for auto-proxying)
2020-02-16 10:18:54,335 INFO [restartedMain] o.s.b.w.e.t.TomcatWebServer [TomcatWebServer.java:90] Tomcat initialized with port(s): 8080 (http)
2020-02-16 10:18:54,374 INFO [restartedMain] o.a.c.h.Http11NioProtocol [DirectJDKLog.java:173] Initializing ProtocolHandler ["http-nio-8080"]
2020-02-16 10:18:54,394 INFO [restartedMain] o.a.c.c.StandardService [DirectJDKLog.java:173] Starting service [Tomcat]
2020-02-16 10:18:54,395 INFO [restartedMain] o.a.c.c.StandardEngine [DirectJDKLog.java:173] Starting Servlet engine: [Apache Tomcat/9.0.19]
2020-02-16 10:18:54,568 INFO [restartedMain] o.a.c.c.C.[.[.[/community] [DirectJDKLog.java:173] Initializing Spring embedded WebApplicationContext
2020-02-16 10:18:54,570 INFO [restartedMain] o.s.w.c.ContextLoader [ServletWebServerApplicationContext.java:296] Root WebApplicationContext: initialization completed in 1766 ms
2020-02-16 10:18:55,467 INFO [restartedMain] o.s.s.c.ThreadPoolTaskExecutor [ExecutorConfigurationSupport.java:171] Initializing ExecutorService 'applicationTaskExecutor'
2020-02-16 10:18:55,560 INFO [restartedMain] o.s.b.a.w.s.WelcomePageHandlerMapping [WelcomePageHandlerMapping.java:61] Adding welcome page template: index
2020-02-16 10:18:55,752 INFO [restartedMain] o.s.b.d.a.OptionalLiveReloadServer [OptionalLiveReloadServer.java:57] LiveReload server is running on port 35729
2020-02-16 10:18:55,780 INFO [restartedMain] o.a.c.h.Http11NioProtocol [DirectJDKLog.java:173] Starting ProtocolHandler ["http-nio-8080"]
2020-02-16 10:18:55,800 INFO [restartedMain] o.s.b.w.e.t.TomcatWebServer [TomcatWebServer.java:204] Tomcat started on port(s): 8080 (http) with context path '/community'
2020-02-16 10:18:55,803 INFO [restartedMain] c.n.c.CommunityApplication [StartupInfoLogger.java:59] Started CommunityApplication in 3.468 seconds (JVM running for 5.1)
2020-02-16 10:19:00,507 INFO [http-nio-8080-exec-1] o.a.c.c.C.[.[.[/community] [DirectJDKLog.java:173] Initializing Spring DispatcherServlet 'dispatcherServlet'
2020-02-16 10:19:00,507 INFO [http-nio-8080-exec-1] o.s.w.s.DispatcherServlet [FrameworkServlet.java:524] Initializing Servlet 'dispatcherServlet'
2020-02-16 10:19:00,518 INFO [http-nio-8080-exec-1] o.s.w.s.DispatcherServlet [FrameworkServlet.java:546] Completed initialization in 10 ms
2020-02-16 10:19:00,554 INFO [http-nio-8080-exec-1] c.z.h.HikariDataSource [HikariDataSource.java:110] HikariPool-1 - Starting...
2020-02-16 10:19:00,660 INFO [http-nio-8080-exec-1] c.z.h.HikariDataSource [HikariDataSource.java:123] HikariPool-1 - Start completed.
2020-02-16 10:19:00,910 INFO [http-nio-8080-exec-1] i.l.c.EpollProvider [EpollProvider.java:68] Starting without optional epoll library
2020-02-16 10:19:00,911 INFO [http-nio-8080-exec-1] i.l.c.KqueueProvider [KqueueProvider.java:70] Starting without optional kqueue library
2020-02-16 10:29:13,922 INFO [restartedMain] c.n.c.CommunityApplication [StartupInfoLogger.java:50] Starting CommunityApplication on DESKTOP-G9KOJV6 with PID 9028 (F:\javaproject\community\target\classes started by 59842 in F:\javaproject\community)
2020-02-16 10:29:13,927 INFO [restartedMain] c.n.c.CommunityApplication [SpringApplication.java:675] No active profile set, falling back to default profiles: default
2020-02-16 10:29:13,992 INFO [restartedMain] o.s.b.d.e.DevToolsPropertyDefaultsPostProcessor [DeferredLog.java:227] Devtools property defaults active! Set 'spring.devtools.add-properties' to 'false' to disable
2020-02-16 10:29:13,993 INFO [restartedMain] o.s.b.d.e.DevToolsPropertyDefaultsPostProcessor [DeferredLog.java:227] For additional web related logging consider setting the 'logging.level.web' property to 'DEBUG'
2020-02-16 10:29:14,869 INFO [restartedMain] o.s.d.r.c.RepositoryConfigurationDelegate [RepositoryConfigurationDelegate.java:244] Multiple Spring Data modules found, entering strict repository configuration mode!
2020-02-16 10:29:14,872 INFO [restartedMain] o.s.d.r.c.RepositoryConfigurationDelegate [RepositoryConfigurationDelegate.java:126] Bootstrapping Spring Data repositories in DEFAULT mode.
2020-02-16 10:29:14,899 INFO [restartedMain] o.s.d.r.c.RepositoryConfigurationDelegate [RepositoryConfigurationDelegate.java:182] Finished Spring Data repository scanning in 17ms. Found 0 repository interfaces.
2020-02-16 10:29:15,222 INFO [restartedMain] o.s.c.s.PostProcessorRegistrationDelegate$BeanPostProcessorChecker [PostProcessorRegistrationDelegate.java:330] Bean 'org.springframework.transaction.annotation.ProxyTransactionManagementConfiguration' of type [org.springframework.transaction.annotation.ProxyTransactionManagementConfiguration$$EnhancerBySpringCGLIB$$a9ad97c0] is not eligible for getting processed by all BeanPostProcessors (for example: not eligible for auto-proxying)
2020-02-16 10:29:15,484 INFO [restartedMain] o.s.b.w.e.t.TomcatWebServer [TomcatWebServer.java:90] Tomcat initialized with port(s): 8080 (http)
2020-02-16 10:29:15,504 INFO [restartedMain] o.a.c.h.Http11NioProtocol [DirectJDKLog.java:173] Initializing ProtocolHandler ["http-nio-8080"]
2020-02-16 10:29:15,513 INFO [restartedMain] o.a.c.c.StandardService [DirectJDKLog.java:173] Starting service [Tomcat]
2020-02-16 10:29:15,514 INFO [restartedMain] o.a.c.c.StandardEngine [DirectJDKLog.java:173] Starting Servlet engine: [Apache Tomcat/9.0.19]
2020-02-16 10:29:15,592 INFO [restartedMain] o.a.c.c.C.[.[.[/community] [DirectJDKLog.java:173] Initializing Spring embedded WebApplicationContext
2020-02-16 10:29:15,592 INFO [restartedMain] o.s.w.c.ContextLoader [ServletWebServerApplicationContext.java:296] Root WebApplicationContext: initialization completed in 1598 ms
2020-02-16 10:29:16,257 INFO [restartedMain] o.s.s.c.ThreadPoolTaskExecutor [ExecutorConfigurationSupport.java:171] Initializing ExecutorService 'applicationTaskExecutor'
2020-02-16 10:29:16,345 INFO [restartedMain] o.s.b.a.w.s.WelcomePageHandlerMapping [WelcomePageHandlerMapping.java:61] Adding welcome page template: index
2020-02-16 10:29:16,521 INFO [restartedMain] o.s.b.d.a.OptionalLiveReloadServer [OptionalLiveReloadServer.java:57] LiveReload server is running on port 35729
2020-02-16 10:29:16,546 INFO [restartedMain] o.a.c.h.Http11NioProtocol [DirectJDKLog.java:173] Starting ProtocolHandler ["http-nio-8080"]
2020-02-16 10:29:16,565 INFO [restartedMain] o.s.b.w.e.t.TomcatWebServer [TomcatWebServer.java:204] Tomcat started on port(s): 8080 (http) with context path '/community'
2020-02-16 10:29:16,568 INFO [restartedMain] c.n.c.CommunityApplication [StartupInfoLogger.java:59] Started CommunityApplication in 3.165 seconds (JVM running for 5.036)
2020-02-16 10:29:22,124 INFO [http-nio-8080-exec-1] o.a.c.c.C.[.[.[/community] [DirectJDKLog.java:173] Initializing Spring DispatcherServlet 'dispatcherServlet'
2020-02-16 10:29:22,126 INFO [http-nio-8080-exec-1] o.s.w.s.DispatcherServlet [FrameworkServlet.java:524] Initializing Servlet 'dispatcherServlet'
2020-02-16 10:29:22,133 INFO [http-nio-8080-exec-1] o.s.w.s.DispatcherServlet [FrameworkServlet.java:546] Completed initialization in 7 ms
2020-02-16 10:29:22,159 INFO [http-nio-8080-exec-1] c.z.h.HikariDataSource [HikariDataSource.java:110] HikariPool-1 - Starting...
2020-02-16 10:29:22,255 INFO [http-nio-8080-exec-1] c.z.h.HikariDataSource [HikariDataSource.java:123] HikariPool-1 - Start completed.
2020-02-16 10:29:22,472 INFO [http-nio-8080-exec-1] i.l.c.EpollProvider [EpollProvider.java:68] Starting without optional epoll library
2020-02-16 10:29:22,473 INFO [http-nio-8080-exec-1] i.l.c.KqueueProvider [KqueueProvider.java:70] Starting without optional kqueue library
2020-02-16 10:42:58,725 INFO [restartedMain] c.n.c.CommunityApplication [StartupInfoLogger.java:50] Starting CommunityApplication on DESKTOP-G9KOJV6 with PID 18036 (F:\javaproject\community\target\classes started by 59842 in F:\javaproject\community)
2020-02-16 10:42:58,730 INFO [restartedMain] c.n.c.CommunityApplication [SpringApplication.java:675] No active profile set, falling back to default profiles: default
2020-02-16 10:42:58,781 INFO [restartedMain] o.s.b.d.e.DevToolsPropertyDefaultsPostProcessor [DeferredLog.java:227] Devtools property defaults active! Set 'spring.devtools.add-properties' to 'false' to disable
2020-02-16 10:42:58,781 INFO [restartedMain] o.s.b.d.e.DevToolsPropertyDefaultsPostProcessor [DeferredLog.java:227] For additional web related logging consider setting the 'logging.level.web' property to 'DEBUG'
2020-02-16 10:42:59,754 INFO [restartedMain] o.s.d.r.c.RepositoryConfigurationDelegate [RepositoryConfigurationDelegate.java:244] Multiple Spring Data modules found, entering strict repository configuration mode!
2020-02-16 10:42:59,756 INFO [restartedMain] o.s.d.r.c.RepositoryConfigurationDelegate [RepositoryConfigurationDelegate.java:126] Bootstrapping Spring Data repositories in DEFAULT mode.
2020-02-16 10:42:59,778 INFO [restartedMain] o.s.d.r.c.RepositoryConfigurationDelegate [RepositoryConfigurationDelegate.java:182] Finished Spring Data repository scanning in 10ms. Found 0 repository interfaces.
2020-02-16 10:43:00,098 INFO [restartedMain] o.s.c.s.PostProcessorRegistrationDelegate$BeanPostProcessorChecker [PostProcessorRegistrationDelegate.java:330] Bean 'org.springframework.transaction.annotation.ProxyTransactionManagementConfiguration' of type [org.springframework.transaction.annotation.ProxyTransactionManagementConfiguration$$EnhancerBySpringCGLIB$$4fb8e91c] is not eligible for getting processed by all BeanPostProcessors (for example: not eligible for auto-proxying)
2020-02-16 10:43:00,356 INFO [restartedMain] o.s.b.w.e.t.TomcatWebServer [TomcatWebServer.java:90] Tomcat initialized with port(s): 8080 (http)
2020-02-16 10:43:00,376 INFO [restartedMain] o.a.c.h.Http11NioProtocol [DirectJDKLog.java:173] Initializing ProtocolHandler ["http-nio-8080"]
2020-02-16 10:43:00,385 INFO [restartedMain] o.a.c.c.StandardService [DirectJDKLog.java:173] Starting service [Tomcat]
2020-02-16 10:43:00,385 INFO [restartedMain] o.a.c.c.StandardEngine [DirectJDKLog.java:173] Starting Servlet engine: [Apache Tomcat/9.0.19]
2020-02-16 10:43:00,464 INFO [restartedMain] o.a.c.c.C.[.[.[/community] [DirectJDKLog.java:173] Initializing Spring embedded WebApplicationContext
2020-02-16 10:43:00,464 INFO [restartedMain] o.s.w.c.ContextLoader [ServletWebServerApplicationContext.java:296] Root WebApplicationContext: initialization completed in 1682 ms
2020-02-16 10:43:01,142 INFO [restartedMain] o.s.s.c.ThreadPoolTaskExecutor [ExecutorConfigurationSupport.java:171] Initializing ExecutorService 'applicationTaskExecutor'
2020-02-16 10:43:01,222 INFO [restartedMain] o.s.b.a.w.s.WelcomePageHandlerMapping [WelcomePageHandlerMapping.java:61] Adding welcome page template: index
2020-02-16 10:43:01,395 INFO [restartedMain] o.s.b.d.a.OptionalLiveReloadServer [OptionalLiveReloadServer.java:57] LiveReload server is running on port 35729
2020-02-16 10:43:01,420 INFO [restartedMain] o.a.c.h.Http11NioProtocol [DirectJDKLog.java:173] Starting ProtocolHandler ["http-nio-8080"]
2020-02-16 10:43:01,439 INFO [restartedMain] o.s.b.w.e.t.TomcatWebServer [TomcatWebServer.java:204] Tomcat started on port(s): 8080 (http) with context path '/community'
2020-02-16 10:43:01,443 INFO [restartedMain] c.n.c.CommunityApplication [StartupInfoLogger.java:59] Started CommunityApplication in 3.091 seconds (JVM running for 4.529)
2020-02-16 10:43:08,426 INFO [http-nio-8080-exec-3] o.a.c.c.C.[.[.[/community] [DirectJDKLog.java:173] Initializing Spring DispatcherServlet 'dispatcherServlet'
2020-02-16 10:43:08,429 INFO [http-nio-8080-exec-3] o.s.w.s.DispatcherServlet [FrameworkServlet.java:524] Initializing Servlet 'dispatcherServlet'
2020-02-16 10:43:08,437 INFO [http-nio-8080-exec-3] o.s.w.s.DispatcherServlet [FrameworkServlet.java:546] Completed initialization in 8 ms
2020-02-16 10:43:10,163 INFO [http-nio-8080-exec-5] c.z.h.HikariDataSource [HikariDataSource.java:110] HikariPool-1 - Starting...
2020-02-16 10:43:10,284 INFO [http-nio-8080-exec-5] c.z.h.HikariDataSource [HikariDataSource.java:123] HikariPool-1 - Start completed.
2020-02-16 10:43:10,511 INFO [http-nio-8080-exec-5] i.l.c.EpollProvider [EpollProvider.java:68] Starting without optional epoll library
2020-02-16 10:43:10,514 INFO [http-nio-8080-exec-5] i.l.c.KqueueProvider [KqueueProvider.java:70] Starting without optional kqueue library
2020-02-16 11:38:16,623 INFO [restartedMain] c.n.c.CommunityApplication [StartupInfoLogger.java:50] Starting CommunityApplication on DESKTOP-G9KOJV6 with PID 1232 (F:\javaproject\community\target\classes started by 59842 in F:\javaproject\community)
2020-02-16 11:38:16,627 INFO [restartedMain] c.n.c.CommunityApplication [SpringApplication.java:675] No active profile set, falling back to default profiles: default
2020-02-16 11:38:16,678 INFO [restartedMain] o.s.b.d.e.DevToolsPropertyDefaultsPostProcessor [DeferredLog.java:227] Devtools property defaults active! Set 'spring.devtools.add-properties' to 'false' to disable
2020-02-16 11:38:16,678 INFO [restartedMain] o.s.b.d.e.DevToolsPropertyDefaultsPostProcessor [DeferredLog.java:227] For additional web related logging consider setting the 'logging.level.web' property to 'DEBUG'
2020-02-16 11:38:17,743 INFO [restartedMain] o.s.d.r.c.RepositoryConfigurationDelegate [RepositoryConfigurationDelegate.java:244] Multiple Spring Data modules found, entering strict repository configuration mode!
2020-02-16 11:38:17,744 INFO [restartedMain] o.s.d.r.c.RepositoryConfigurationDelegate [RepositoryConfigurationDelegate.java:126] Bootstrapping Spring Data repositories in DEFAULT mode.
2020-02-16 11:38:17,766 INFO [restartedMain] o.s.d.r.c.RepositoryConfigurationDelegate [RepositoryConfigurationDelegate.java:182] Finished Spring Data repository scanning in 9ms. Found 0 repository interfaces.
2020-02-16 11:38:18,090 INFO [restartedMain] o.s.c.s.PostProcessorRegistrationDelegate$BeanPostProcessorChecker [PostProcessorRegistrationDelegate.java:330] Bean 'org.springframework.transaction.annotation.ProxyTransactionManagementConfiguration' of type [org.springframework.transaction.annotation.ProxyTransactionManagementConfiguration$$EnhancerBySpringCGLIB$$7ca9a309] is not eligible for getting processed by all BeanPostProcessors (for example: not eligible for auto-proxying)
2020-02-16 11:38:18,392 INFO [restartedMain] o.s.b.w.e.t.TomcatWebServer [TomcatWebServer.java:90] Tomcat initialized with port(s): 8080 (http)
2020-02-16 11:38:18,406 INFO [restartedMain] o.a.c.h.Http11NioProtocol [DirectJDKLog.java:173] Initializing ProtocolHandler ["http-nio-8080"]
2020-02-16 11:38:18,417 INFO [restartedMain] o.a.c.c.StandardService [DirectJDKLog.java:173] Starting service [Tomcat]
2020-02-16 11:38:18,419 INFO [restartedMain] o.a.c.c.StandardEngine [DirectJDKLog.java:173] Starting Servlet engine: [Apache Tomcat/9.0.19]
2020-02-16 11:38:18,497 INFO [restartedMain] o.a.c.c.C.[.[.[/community] [DirectJDKLog.java:173] Initializing Spring embedded WebApplicationContext
2020-02-16 11:38:18,497 INFO [restartedMain] o.s.w.c.ContextLoader [ServletWebServerApplicationContext.java:296] Root WebApplicationContext: initialization completed in 1818 ms
2020-02-16 11:38:19,187 INFO [restartedMain] o.s.s.c.ThreadPoolTaskExecutor [ExecutorConfigurationSupport.java:171] Initializing ExecutorService 'applicationTaskExecutor'
2020-02-16 11:38:19,272 INFO [restartedMain] o.s.b.a.w.s.WelcomePageHandlerMapping [WelcomePageHandlerMapping.java:61] Adding welcome page template: index
2020-02-16 11:38:19,441 INFO [restartedMain] o.s.b.d.a.OptionalLiveReloadServer [OptionalLiveReloadServer.java:57] LiveReload server is running on port 35729
2020-02-16 11:38:19,469 INFO [restartedMain] o.a.c.h.Http11NioProtocol [DirectJDKLog.java:173] Starting ProtocolHandler ["http-nio-8080"]
2020-02-16 11:38:19,488 INFO [restartedMain] o.s.b.w.e.t.TomcatWebServer [TomcatWebServer.java:204] Tomcat started on port(s): 8080 (http) with context path '/community'
2020-02-16 11:38:19,497 INFO [restartedMain] c.n.c.CommunityApplication [StartupInfoLogger.java:59] Started CommunityApplication in 3.349 seconds (JVM running for 4.763)
2020-02-16 11:38:24,780 INFO [http-nio-8080-exec-1] o.a.c.c.C.[.[.[/community] [DirectJDKLog.java:173] Initializing Spring DispatcherServlet 'dispatcherServlet'
2020-02-16 11:38:24,781 INFO [http-nio-8080-exec-1] o.s.w.s.DispatcherServlet [FrameworkServlet.java:524] Initializing Servlet 'dispatcherServlet'
2020-02-16 11:38:24,795 INFO [http-nio-8080-exec-1] o.s.w.s.DispatcherServlet [FrameworkServlet.java:546] Completed initialization in 13 ms
2020-02-16 11:38:24,833 INFO [http-nio-8080-exec-1] c.z.h.HikariDataSource [HikariDataSource.java:110] HikariPool-1 - Starting...
2020-02-16 11:38:24,971 INFO [http-nio-8080-exec-1] c.z.h.HikariDataSource [HikariDataSource.java:123] HikariPool-1 - Start completed.
2020-02-16 11:38:25,260 INFO [http-nio-8080-exec-1] i.l.c.EpollProvider [EpollProvider.java:68] Starting without optional epoll library
2020-02-16 11:38:25,262 INFO [http-nio-8080-exec-1] i.l.c.KqueueProvider [KqueueProvider.java:70] Starting without optional kqueue library
2020-02-16 12:41:47,531 INFO [restartedMain] c.n.c.CommunityApplication [StartupInfoLogger.java:50] Starting CommunityApplication on DESKTOP-G9KOJV6 with PID 4756 (F:\javaproject\community\target\classes started by 59842 in F:\javaproject\community)
2020-02-16 12:41:47,535 INFO [restartedMain] c.n.c.CommunityApplication [SpringApplication.java:675] No active profile set, falling back to default profiles: default
2020-02-16 12:41:47,587 INFO [restartedMain] o.s.b.d.e.DevToolsPropertyDefaultsPostProcessor [DeferredLog.java:227] Devtools property defaults active! Set 'spring.devtools.add-properties' to 'false' to disable
2020-02-16 12:41:47,587 INFO [restartedMain] o.s.b.d.e.DevToolsPropertyDefaultsPostProcessor [DeferredLog.java:227] For additional web related logging consider setting the 'logging.level.web' property to 'DEBUG'
2020-02-16 12:41:48,457 INFO [restartedMain] o.s.d.r.c.RepositoryConfigurationDelegate [RepositoryConfigurationDelegate.java:244] Multiple Spring Data modules found, entering strict repository configuration mode!
2020-02-16 12:41:48,459 INFO [restartedMain] o.s.d.r.c.RepositoryConfigurationDelegate [RepositoryConfigurationDelegate.java:126] Bootstrapping Spring Data repositories in DEFAULT mode.
2020-02-16 12:41:48,483 INFO [restartedMain] o.s.d.r.c.RepositoryConfigurationDelegate [RepositoryConfigurationDelegate.java:182] Finished Spring Data repository scanning in 12ms. Found 0 repository interfaces.
2020-02-16 12:41:48,813 INFO [restartedMain] o.s.c.s.PostProcessorRegistrationDelegate$BeanPostProcessorChecker [PostProcessorRegistrationDelegate.java:330] Bean 'org.springframework.transaction.annotation.ProxyTransactionManagementConfiguration' of type [org.springframework.transaction.annotation.ProxyTransactionManagementConfiguration$$EnhancerBySpringCGLIB$$629f12b9] is not eligible for getting processed by all BeanPostProcessors (for example: not eligible for auto-proxying)
2020-02-16 12:41:49,080 INFO [restartedMain] o.s.b.w.e.t.TomcatWebServer [TomcatWebServer.java:90] Tomcat initialized with port(s): 8080 (http)
2020-02-16 12:41:49,099 INFO [restartedMain] o.a.c.h.Http11NioProtocol [DirectJDKLog.java:173] Initializing ProtocolHandler ["http-nio-8080"]
2020-02-16 12:41:49,111 INFO [restartedMain] o.a.c.c.StandardService [DirectJDKLog.java:173] Starting service [Tomcat]
2020-02-16 12:41:49,111 INFO [restartedMain] o.a.c.c.StandardEngine [DirectJDKLog.java:173] Starting Servlet engine: [Apache Tomcat/9.0.19]
2020-02-16 12:41:49,185 INFO [restartedMain] o.a.c.c.C.[.[.[/community] [DirectJDKLog.java:173] Initializing Spring embedded WebApplicationContext
2020-02-16 12:41:49,186 INFO [restartedMain] o.s.w.c.ContextLoader [ServletWebServerApplicationContext.java:296] Root WebApplicationContext: initialization completed in 1598 ms
2020-02-16 12:41:49,869 INFO [restartedMain] o.s.s.c.ThreadPoolTaskExecutor [ExecutorConfigurationSupport.java:171] Initializing ExecutorService 'applicationTaskExecutor'
2020-02-16 12:41:50,002 INFO [restartedMain] o.s.b.a.w.s.WelcomePageHandlerMapping [WelcomePageHandlerMapping.java:61] Adding welcome page template: index
2020-02-16 12:41:50,232 INFO [restartedMain] o.s.b.d.a.OptionalLiveReloadServer [OptionalLiveReloadServer.java:57] LiveReload server is running on port 35729
2020-02-16 12:41:50,260 INFO [restartedMain] o.a.c.h.Http11NioProtocol [DirectJDKLog.java:173] Starting ProtocolHandler ["http-nio-8080"]
2020-02-16 12:41:50,280 INFO [restartedMain] o.s.b.w.e.t.TomcatWebServer [TomcatWebServer.java:204] Tomcat started on port(s): 8080 (http) with context path '/community'
2020-02-16 12:41:50,283 INFO [restartedMain] c.n.c.CommunityApplication [StartupInfoLogger.java:59] Started CommunityApplication in 3.136 seconds (JVM running for 4.721)
2020-02-16 12:42:06,846 INFO [http-nio-8080-exec-1] o.a.c.c.C.[.[.[/community] [DirectJDKLog.java:173] Initializing Spring DispatcherServlet 'dispatcherServlet'
2020-02-16 12:42:06,849 INFO [http-nio-8080-exec-1] o.s.w.s.DispatcherServlet [FrameworkServlet.java:524] Initializing Servlet 'dispatcherServlet'
2020-02-16 12:42:06,859 INFO [http-nio-8080-exec-1] o.s.w.s.DispatcherServlet [FrameworkServlet.java:546] Completed initialization in 10 ms
2020-02-16 12:42:06,893 INFO [http-nio-8080-exec-1] c.z.h.HikariDataSource [HikariDataSource.java:110] HikariPool-1 - Starting...
2020-02-16 12:42:07,006 INFO [http-nio-8080-exec-1] c.z.h.HikariDataSource [HikariDataSource.java:123] HikariPool-1 - Start completed.
2020-02-16 12:42:07,223 INFO [http-nio-8080-exec-1] i.l.c.EpollProvider [EpollProvider.java:68] Starting without optional epoll library
2020-02-16 12:42:07,224 INFO [http-nio-8080-exec-1] i.l.c.KqueueProvider [KqueueProvider.java:70] Starting without optional kqueue library
2020-02-16 12:51:50,961 INFO [restartedMain] c.n.c.CommunityApplication [StartupInfoLogger.java:50] Starting CommunityApplication on DESKTOP-G9KOJV6 with PID 19432 (F:\javaproject\community\target\classes started by 59842 in F:\javaproject\community)
2020-02-16 12:51:50,965 INFO [restartedMain] c.n.c.CommunityApplication [SpringApplication.java:675] No active profile set, falling back to default profiles: default
2020-02-16 12:51:51,006 INFO [restartedMain] o.s.b.d.e.DevToolsPropertyDefaultsPostProcessor [DeferredLog.java:227] Devtools property defaults active! Set 'spring.devtools.add-properties' to 'false' to disable
2020-02-16 12:51:51,007 INFO [restartedMain] o.s.b.d.e.DevToolsPropertyDefaultsPostProcessor [DeferredLog.java:227] For additional web related logging consider setting the 'logging.level.web' property to 'DEBUG'
2020-02-16 12:51:51,832 INFO [restartedMain] o.s.d.r.c.RepositoryConfigurationDelegate [RepositoryConfigurationDelegate.java:244] Multiple Spring Data modules found, entering strict repository configuration mode!
2020-02-16 12:51:51,834 INFO [restartedMain] o.s.d.r.c.RepositoryConfigurationDelegate [RepositoryConfigurationDelegate.java:126] Bootstrapping Spring Data repositories in DEFAULT mode.
2020-02-16 12:51:51,853 INFO [restartedMain] o.s.d.r.c.RepositoryConfigurationDelegate [RepositoryConfigurationDelegate.java:182] Finished Spring Data repository scanning in 9ms. Found 0 repository interfaces.
2020-02-16 12:51:52,146 INFO [restartedMain] o.s.c.s.PostProcessorRegistrationDelegate$BeanPostProcessorChecker [PostProcessorRegistrationDelegate.java:330] Bean 'org.springframework.transaction.annotation.ProxyTransactionManagementConfiguration' of type [org.springframework.transaction.annotation.ProxyTransactionManagementConfiguration$$EnhancerBySpringCGLIB$$38235611] is not eligible for getting processed by all BeanPostProcessors (for example: not eligible for auto-proxying)
2020-02-16 12:51:52,409 INFO [restartedMain] o.s.b.w.e.t.TomcatWebServer [TomcatWebServer.java:90] Tomcat initialized with port(s): 8080 (http)
2020-02-16 12:51:52,427 INFO [restartedMain] o.a.c.h.Http11NioProtocol [DirectJDKLog.java:173] Initializing ProtocolHandler ["http-nio-8080"]
2020-02-16 12:51:52,436 INFO [restartedMain] o.a.c.c.StandardService [DirectJDKLog.java:173] Starting service [Tomcat]
2020-02-16 12:51:52,437 INFO [restartedMain] o.a.c.c.StandardEngine [DirectJDKLog.java:173] Starting Servlet engine: [Apache Tomcat/9.0.19]
2020-02-16 12:51:52,510 INFO [restartedMain] o.a.c.c.C.[.[.[/community] [DirectJDKLog.java:173] Initializing Spring embedded WebApplicationContext
2020-02-16 12:51:52,511 INFO [restartedMain] o.s.w.c.ContextLoader [ServletWebServerApplicationContext.java:296] Root WebApplicationContext: initialization completed in 1503 ms
2020-02-16 12:51:53,166 INFO [restartedMain] o.s.s.c.ThreadPoolTaskExecutor [ExecutorConfigurationSupport.java:171] Initializing ExecutorService 'applicationTaskExecutor'
2020-02-16 12:51:53,245 INFO [restartedMain] o.s.b.a.w.s.WelcomePageHandlerMapping [WelcomePageHandlerMapping.java:61] Adding welcome page template: index
2020-02-16 12:51:53,407 INFO [restartedMain] o.s.b.d.a.OptionalLiveReloadServer [OptionalLiveReloadServer.java:57] LiveReload server is running on port 35729
2020-02-16 12:51:53,431 INFO [restartedMain] o.a.c.h.Http11NioProtocol [DirectJDKLog.java:173] Starting ProtocolHandler ["http-nio-8080"]
2020-02-16 12:51:53,450 INFO [restartedMain] o.s.b.w.e.t.TomcatWebServer [TomcatWebServer.java:204] Tomcat started on port(s): 8080 (http) with context path '/community'
2020-02-16 12:51:53,453 INFO [restartedMain] c.n.c.CommunityApplication [StartupInfoLogger.java:59] Started CommunityApplication in 2.872 seconds (JVM running for 4.328)
2020-02-16 12:53:29,182 INFO [restartedMain] c.n.c.CommunityApplication [StartupInfoLogger.java:50] Starting CommunityApplication on DESKTOP-G9KOJV6 with PID 19088 (F:\javaproject\community\target\classes started by 59842 in F:\javaproject\community)
2020-02-16 12:53:29,187 INFO [restartedMain] c.n.c.CommunityApplication [SpringApplication.java:675] No active profile set, falling back to default profiles: default
2020-02-16 12:53:29,266 INFO [restartedMain] o.s.b.d.e.DevToolsPropertyDefaultsPostProcessor [DeferredLog.java:227] Devtools property defaults active! Set 'spring.devtools.add-properties' to 'false' to disable
2020-02-16 12:53:29,267 INFO [restartedMain] o.s.b.d.e.DevToolsPropertyDefaultsPostProcessor [DeferredLog.java:227] For additional web related logging consider setting the 'logging.level.web' property to 'DEBUG'
2020-02-16 12:53:30,354 INFO [restartedMain] o.s.d.r.c.RepositoryConfigurationDelegate [RepositoryConfigurationDelegate.java:244] Multiple Spring Data modules found, entering strict repository configuration mode!
2020-02-16 12:53:30,356 INFO [restartedMain] o.s.d.r.c.RepositoryConfigurationDelegate [RepositoryConfigurationDelegate.java:126] Bootstrapping Spring Data repositories in DEFAULT mode.
2020-02-16 12:53:30,375 INFO [restartedMain] o.s.d.r.c.RepositoryConfigurationDelegate [RepositoryConfigurationDelegate.java:182] Finished Spring Data repository scanning in 9ms. Found 0 repository interfaces.
2020-02-16 12:53:30,673 INFO [restartedMain] o.s.c.s.PostProcessorRegistrationDelegate$BeanPostProcessorChecker [PostProcessorRegistrationDelegate.java:330] Bean 'org.springframework.transaction.annotation.ProxyTransactionManagementConfiguration' of type [org.springframework.transaction.annotation.ProxyTransactionManagementConfiguration$$EnhancerBySpringCGLIB$$b766177e] is not eligible for getting processed by all BeanPostProcessors (for example: not eligible for auto-proxying)
2020-02-16 12:53:30,942 INFO [restartedMain] o.s.b.w.e.t.TomcatWebServer [TomcatWebServer.java:90] Tomcat initialized with port(s): 8080 (http)
2020-02-16 12:53:30,955 INFO [restartedMain] o.a.c.h.Http11NioProtocol [DirectJDKLog.java:173] Initializing ProtocolHandler ["http-nio-8080"]
2020-02-16 12:53:30,964 INFO [restartedMain] o.a.c.c.StandardService [DirectJDKLog.java:173] Starting service [Tomcat]
2020-02-16 12:53:30,964 INFO [restartedMain] o.a.c.c.StandardEngine [DirectJDKLog.java:173] Starting Servlet engine: [Apache Tomcat/9.0.19]
2020-02-16 12:53:31,055 INFO [restartedMain] o.a.c.c.C.[.[.[/community] [DirectJDKLog.java:173] Initializing Spring embedded WebApplicationContext
2020-02-16 12:53:31,055 INFO [restartedMain] o.s.w.c.ContextLoader [ServletWebServerApplicationContext.java:296] Root WebApplicationContext: initialization completed in 1787 ms
2020-02-16 12:53:31,681 INFO [restartedMain] o.s.s.c.ThreadPoolTaskExecutor [ExecutorConfigurationSupport.java:171] Initializing ExecutorService 'applicationTaskExecutor'
2020-02-16 12:53:31,761 INFO [restartedMain] o.s.b.a.w.s.WelcomePageHandlerMapping [WelcomePageHandlerMapping.java:61] Adding welcome page template: index
2020-02-16 12:53:31,927 INFO [restartedMain] o.s.b.d.a.OptionalLiveReloadServer [OptionalLiveReloadServer.java:57] LiveReload server is running on port 35729
2020-02-16 12:53:31,954 INFO [restartedMain] o.a.c.h.Http11NioProtocol [DirectJDKLog.java:173] Starting ProtocolHandler ["http-nio-8080"]
2020-02-16 12:53:31,973 INFO [restartedMain] o.s.b.w.e.t.TomcatWebServer [TomcatWebServer.java:204] Tomcat started on port(s): 8080 (http) with context path '/community'
2020-02-16 12:53:31,976 INFO [restartedMain] c.n.c.CommunityApplication [StartupInfoLogger.java:59] Started CommunityApplication in 3.393 seconds (JVM running for 5.067)
2020-02-16 12:53:43,169 INFO [http-nio-8080-exec-1] o.a.c.c.C.[.[.[/community] [DirectJDKLog.java:173] Initializing Spring DispatcherServlet 'dispatcherServlet'
2020-02-16 12:53:43,171 INFO [http-nio-8080-exec-1] o.s.w.s.DispatcherServlet [FrameworkServlet.java:524] Initializing Servlet 'dispatcherServlet'
2020-02-16 12:53:43,177 INFO [http-nio-8080-exec-1] o.s.w.s.DispatcherServlet [FrameworkServlet.java:546] Completed initialization in 6 ms
2020-02-16 12:53:43,207 INFO [http-nio-8080-exec-1] c.z.h.HikariDataSource [HikariDataSource.java:110] HikariPool-1 - Starting...
2020-02-16 12:53:43,327 INFO [http-nio-8080-exec-1] c.z.h.HikariDataSource [HikariDataSource.java:123] HikariPool-1 - Start completed.
2020-02-16 12:53:43,540 INFO [http-nio-8080-exec-1] i.l.c.EpollProvider [EpollProvider.java:68] Starting without optional epoll library
2020-02-16 12:53:43,542 INFO [http-nio-8080-exec-1] i.l.c.KqueueProvider [KqueueProvider.java:70] Starting without optional kqueue library
2020-02-16 13:01:10,284 INFO [restartedMain] c.n.c.CommunityApplication [StartupInfoLogger.java:50] Starting CommunityApplication on DESKTOP-G9KOJV6 with PID 20396 (F:\javaproject\community\target\classes started by 59842 in F:\javaproject\community)
2020-02-16 13:01:10,287 INFO [restartedMain] c.n.c.CommunityApplication [SpringApplication.java:675] No active profile set, falling back to default profiles: default
2020-02-16 13:01:10,339 INFO [restartedMain] o.s.b.d.e.DevToolsPropertyDefaultsPostProcessor [DeferredLog.java:227] Devtools property defaults active! Set 'spring.devtools.add-properties' to 'false' to disable
2020-02-16 13:01:10,340 INFO [restartedMain] o.s.b.d.e.DevToolsPropertyDefaultsPostProcessor [DeferredLog.java:227] For additional web related logging consider setting the 'logging.level.web' property to 'DEBUG'
2020-02-16 13:01:11,337 INFO [restartedMain] o.s.d.r.c.RepositoryConfigurationDelegate [RepositoryConfigurationDelegate.java:244] Multiple Spring Data modules found, entering strict repository configuration mode!
2020-02-16 13:01:11,339 INFO [restartedMain] o.s.d.r.c.RepositoryConfigurationDelegate [RepositoryConfigurationDelegate.java:126] Bootstrapping Spring Data repositories in DEFAULT mode.
2020-02-16 13:01:11,365 INFO [restartedMain] o.s.d.r.c.RepositoryConfigurationDelegate [RepositoryConfigurationDelegate.java:182] Finished Spring Data repository scanning in 13ms. Found 0 repository interfaces.
2020-02-16 13:01:11,763 INFO [restartedMain] o.s.c.s.PostProcessorRegistrationDelegate$BeanPostProcessorChecker [PostProcessorRegistrationDelegate.java:330] Bean 'org.springframework.transaction.annotation.ProxyTransactionManagementConfiguration' of type [org.springframework.transaction.annotation.ProxyTransactionManagementConfiguration$$EnhancerBySpringCGLIB$$d51a3472] is not eligible for getting processed by all BeanPostProcessors (for example: not eligible for auto-proxying)
2020-02-16 13:01:12,194 INFO [restartedMain] o.s.b.w.e.t.TomcatWebServer [TomcatWebServer.java:90] Tomcat initialized with port(s): 8080 (http)
2020-02-16 13:01:12,209 INFO [restartedMain] o.a.c.h.Http11NioProtocol [DirectJDKLog.java:173] Initializing ProtocolHandler ["http-nio-8080"]
2020-02-16 13:01:12,222 INFO [restartedMain] o.a.c.c.StandardService [DirectJDKLog.java:173] Starting service [Tomcat]
2020-02-16 13:01:12,223 INFO [restartedMain] o.a.c.c.StandardEngine [DirectJDKLog.java:173] Starting Servlet engine: [Apache Tomcat/9.0.19]
2020-02-16 13:01:12,319 INFO [restartedMain] o.a.c.c.C.[.[.[/community] [DirectJDKLog.java:173] Initializing Spring embedded WebApplicationContext
2020-02-16 13:01:12,319 INFO [restartedMain] o.s.w.c.ContextLoader [ServletWebServerApplicationContext.java:296] Root WebApplicationContext: initialization completed in 1979 ms
2020-02-16 13:01:13,055 INFO [restartedMain] o.s.s.c.ThreadPoolTaskExecutor [ExecutorConfigurationSupport.java:171] Initializing ExecutorService 'applicationTaskExecutor'
2020-02-16 13:01:13,153 INFO [restartedMain] o.s.b.a.w.s.WelcomePageHandlerMapping [WelcomePageHandlerMapping.java:61] Adding welcome page template: index
2020-02-16 13:01:13,350 INFO [restartedMain] o.s.b.d.a.OptionalLiveReloadServer [OptionalLiveReloadServer.java:57] LiveReload server is running on port 35729
2020-02-16 13:01:13,377 INFO [restartedMain] o.a.c.h.Http11NioProtocol [DirectJDKLog.java:173] Starting ProtocolHandler ["http-nio-8080"]
2020-02-16 13:01:13,398 INFO [restartedMain] o.s.b.w.e.t.TomcatWebServer [TomcatWebServer.java:204] Tomcat started on port(s): 8080 (http) with context path '/community'
2020-02-16 13:01:13,402 INFO [restartedMain] c.n.c.CommunityApplication [StartupInfoLogger.java:59] Started CommunityApplication in 3.542 seconds (JVM running for 5.018)
2020-02-16 13:01:18,417 INFO [http-nio-8080-exec-1] o.a.c.c.C.[.[.[/community] [DirectJDKLog.java:173] Initializing Spring DispatcherServlet 'dispatcherServlet'
2020-02-16 13:01:18,418 INFO [http-nio-8080-exec-1] o.s.w.s.DispatcherServlet [FrameworkServlet.java:524] Initializing Servlet 'dispatcherServlet'
2020-02-16 13:01:18,427 INFO [http-nio-8080-exec-1] o.s.w.s.DispatcherServlet [FrameworkServlet.java:546] Completed initialization in 8 ms
2020-02-16 13:01:18,455 INFO [http-nio-8080-exec-1] c.z.h.HikariDataSource [HikariDataSource.java:110] HikariPool-1 - Starting...
2020-02-16 13:01:18,560 INFO [http-nio-8080-exec-1] c.z.h.HikariDataSource [HikariDataSource.java:123] HikariPool-1 - Start completed.
2020-02-16 13:01:18,778 INFO [http-nio-8080-exec-1] i.l.c.EpollProvider [EpollProvider.java:68] Starting without optional epoll library
2020-02-16 13:01:18,780 INFO [http-nio-8080-exec-1] i.l.c.KqueueProvider [KqueueProvider.java:70] Starting without optional kqueue library
2020-02-16 14:03:03,751 INFO [restartedMain] c.n.c.CommunityApplication [StartupInfoLogger.java:50] Starting CommunityApplication on DESKTOP-G9KOJV6 with PID 17164 (F:\javaproject\community\target\classes started by 59842 in F:\javaproject\community)
2020-02-16 14:03:03,755 INFO [restartedMain] c.n.c.CommunityApplication [SpringApplication.java:675] No active profile set, falling back to default profiles: default
2020-02-16 14:03:03,806 INFO [restartedMain] o.s.b.d.e.DevToolsPropertyDefaultsPostProcessor [DeferredLog.java:227] Devtools property defaults active! Set 'spring.devtools.add-properties' to 'false' to disable
2020-02-16 14:03:03,807 INFO [restartedMain] o.s.b.d.e.DevToolsPropertyDefaultsPostProcessor [DeferredLog.java:227] For additional web related logging consider setting the 'logging.level.web' property to 'DEBUG'
2020-02-16 14:03:04,838 INFO [restartedMain] o.s.d.r.c.RepositoryConfigurationDelegate [RepositoryConfigurationDelegate.java:244] Multiple Spring Data modules found, entering strict repository configuration mode!
2020-02-16 14:03:04,840 INFO [restartedMain] o.s.d.r.c.RepositoryConfigurationDelegate [RepositoryConfigurationDelegate.java:126] Bootstrapping Spring Data repositories in DEFAULT mode.
2020-02-16 14:03:04,861 INFO [restartedMain] o.s.d.r.c.RepositoryConfigurationDelegate [RepositoryConfigurationDelegate.java:182] Finished Spring Data repository scanning in 9ms. Found 0 repository interfaces.
2020-02-16 14:03:05,206 INFO [restartedMain] o.s.c.s.PostProcessorRegistrationDelegate$BeanPostProcessorChecker [PostProcessorRegistrationDelegate.java:330] Bean 'org.springframework.transaction.annotation.ProxyTransactionManagementConfiguration' of type [org.springframework.transaction.annotation.ProxyTransactionManagementConfiguration$$EnhancerBySpringCGLIB$$2b38b000] is not eligible for getting processed by all BeanPostProcessors (for example: not eligible for auto-proxying)
2020-02-16 14:03:05,516 INFO [restartedMain] o.s.b.w.e.t.TomcatWebServer [TomcatWebServer.java:90] Tomcat initialized with port(s): 8080 (http)
2020-02-16 14:03:05,529 INFO [restartedMain] o.a.c.h.Http11NioProtocol [DirectJDKLog.java:173] Initializing ProtocolHandler ["http-nio-8080"]
2020-02-16 14:03:05,539 INFO [restartedMain] o.a.c.c.StandardService [DirectJDKLog.java:173] Starting service [Tomcat]
2020-02-16 14:03:05,540 INFO [restartedMain] o.a.c.c.StandardEngine [DirectJDKLog.java:173] Starting Servlet engine: [Apache Tomcat/9.0.19]
2020-02-16 14:03:05,624 INFO [restartedMain] o.a.c.c.C.[.[.[/community] [DirectJDKLog.java:173] Initializing Spring embedded WebApplicationContext
2020-02-16 14:03:05,625 INFO [restartedMain] o.s.w.c.ContextLoader [ServletWebServerApplicationContext.java:296] Root WebApplicationContext: initialization completed in 1818 ms
2020-02-16 14:03:06,404 INFO [restartedMain] o.s.s.c.ThreadPoolTaskExecutor [ExecutorConfigurationSupport.java:171] Initializing ExecutorService 'applicationTaskExecutor'
2020-02-16 14:03:06,495 INFO [restartedMain] o.s.b.a.w.s.WelcomePageHandlerMapping [WelcomePageHandlerMapping.java:61] Adding welcome page template: index
2020-02-16 14:03:06,689 INFO [restartedMain] o.s.b.d.a.OptionalLiveReloadServer [OptionalLiveReloadServer.java:57] LiveReload server is running on port 35729
2020-02-16 14:03:06,716 INFO [restartedMain] o.a.c.h.Http11NioProtocol [DirectJDKLog.java:173] Starting ProtocolHandler ["http-nio-8080"]
2020-02-16 14:03:06,737 INFO [restartedMain] o.s.b.w.e.t.TomcatWebServer [TomcatWebServer.java:204] Tomcat started on port(s): 8080 (http) with context path '/community'
2020-02-16 14:03:06,740 INFO [restartedMain] c.n.c.CommunityApplication [StartupInfoLogger.java:59] Started CommunityApplication in 3.431 seconds (JVM running for 5.046)
2020-02-16 14:03:13,791 INFO [http-nio-8080-exec-1] o.a.c.c.C.[.[.[/community] [DirectJDKLog.java:173] Initializing Spring DispatcherServlet 'dispatcherServlet'
2020-02-16 14:03:13,792 INFO [http-nio-8080-exec-1] o.s.w.s.DispatcherServlet [FrameworkServlet.java:524] Initializing Servlet 'dispatcherServlet'
2020-02-16 14:03:13,805 INFO [http-nio-8080-exec-1] o.s.w.s.DispatcherServlet [FrameworkServlet.java:546] Completed initialization in 12 ms
2020-02-16 14:03:13,845 INFO [http-nio-8080-exec-1] c.z.h.HikariDataSource [HikariDataSource.java:110] HikariPool-1 - Starting...
2020-02-16 14:03:13,970 INFO [http-nio-8080-exec-1] c.z.h.HikariDataSource [HikariDataSource.java:123] HikariPool-1 - Start completed.
2020-02-16 14:03:14,255 INFO [http-nio-8080-exec-1] i.l.c.EpollProvider [EpollProvider.java:68] Starting without optional epoll library
2020-02-16 14:03:14,256 INFO [http-nio-8080-exec-1] i.l.c.KqueueProvider [KqueueProvider.java:70] Starting without optional kqueue library
2020-02-16 18:56:14,447 INFO [restartedMain] c.n.c.CommunityApplication [StartupInfoLogger.java:50] Starting CommunityApplication on DESKTOP-G9KOJV6 with PID 5564 (F:\javaproject\community\target\classes started by 59842 in F:\javaproject\community)
2020-02-16 18:56:14,452 INFO [restartedMain] c.n.c.CommunityApplication [SpringApplication.java:675] No active profile set, falling back to default profiles: default
2020-02-16 18:56:14,588 INFO [restartedMain] o.s.b.d.e.DevToolsPropertyDefaultsPostProcessor [DeferredLog.java:227] Devtools property defaults active! Set 'spring.devtools.add-properties' to 'false' to disable
2020-02-16 18:56:14,588 INFO [restartedMain] o.s.b.d.e.DevToolsPropertyDefaultsPostProcessor [DeferredLog.java:227] For additional web related logging consider setting the 'logging.level.web' property to 'DEBUG'
2020-02-16 18:56:16,552 INFO [restartedMain] o.s.d.r.c.RepositoryConfigurationDelegate [RepositoryConfigurationDelegate.java:244] Multiple Spring Data modules found, entering strict repository configuration mode!
2020-02-16 18:56:16,554 INFO [restartedMain] o.s.d.r.c.RepositoryConfigurationDelegate [RepositoryConfigurationDelegate.java:126] Bootstrapping Spring Data repositories in DEFAULT mode.
2020-02-16 18:56:16,600 INFO [restartedMain] o.s.d.r.c.RepositoryConfigurationDelegate [RepositoryConfigurationDelegate.java:182] Finished Spring Data repository scanning in 13ms. Found 0 repository interfaces.
2020-02-16 18:56:17,071 INFO [restartedMain] o.s.c.s.PostProcessorRegistrationDelegate$BeanPostProcessorChecker [PostProcessorRegistrationDelegate.java:330] Bean 'org.springframework.transaction.annotation.ProxyTransactionManagementConfiguration' of type [org.springframework.transaction.annotation.ProxyTransactionManagementConfiguration$$EnhancerBySpringCGLIB$$de24da12] is not eligible for getting processed by all BeanPostProcessors (for example: not eligible for auto-proxying)
2020-02-16 18:56:17,482 INFO [restartedMain] o.s.b.w.e.t.TomcatWebServer [TomcatWebServer.java:90] Tomcat initialized with port(s): 8080 (http)
2020-02-16 18:56:17,531 INFO [restartedMain] o.a.c.h.Http11NioProtocol [DirectJDKLog.java:173] Initializing ProtocolHandler ["http-nio-8080"]
2020-02-16 18:56:17,567 INFO [restartedMain] o.a.c.c.StandardService [DirectJDKLog.java:173] Starting service [Tomcat]
2020-02-16 18:56:17,568 INFO [restartedMain] o.a.c.c.StandardEngine [DirectJDKLog.java:173] Starting Servlet engine: [Apache Tomcat/9.0.19]
2020-02-16 18:56:17,665 INFO [restartedMain] o.a.c.c.C.[.[.[/community] [DirectJDKLog.java:173] Initializing Spring embedded WebApplicationContext
2020-02-16 18:56:17,665 INFO [restartedMain] o.s.w.c.ContextLoader [ServletWebServerApplicationContext.java:296] Root WebApplicationContext: initialization completed in 3076 ms
2020-02-16 18:56:18,829 INFO [restartedMain] o.s.s.c.ThreadPoolTaskExecutor [ExecutorConfigurationSupport.java:171] Initializing ExecutorService 'applicationTaskExecutor'
2020-02-16 18:56:18,923 INFO [restartedMain] o.s.b.a.w.s.WelcomePageHandlerMapping [WelcomePageHandlerMapping.java:61] Adding welcome page template: index
2020-02-16 18:56:19,135 INFO [restartedMain] o.s.b.d.a.OptionalLiveReloadServer [OptionalLiveReloadServer.java:57] LiveReload server is running on port 35729
2020-02-16 18:56:19,174 INFO [restartedMain] o.a.c.h.Http11NioProtocol [DirectJDKLog.java:173] Starting ProtocolHandler ["http-nio-8080"]
2020-02-16 18:56:19,201 INFO [restartedMain] o.s.b.w.e.t.TomcatWebServer [TomcatWebServer.java:204] Tomcat started on port(s): 8080 (http) with context path '/community'
2020-02-16 18:56:19,205 INFO [restartedMain] c.n.c.CommunityApplication [StartupInfoLogger.java:59] Started CommunityApplication in 6.44 seconds (JVM running for 8.682)
2020-02-16 18:56:38,059 INFO [http-nio-8080-exec-1] o.a.c.c.C.[.[.[/community] [DirectJDKLog.java:173] Initializing Spring DispatcherServlet 'dispatcherServlet'
2020-02-16 18:56:38,063 INFO [http-nio-8080-exec-1] o.s.w.s.DispatcherServlet [FrameworkServlet.java:524] Initializing Servlet 'dispatcherServlet'
2020-02-16 18:56:38,073 INFO [http-nio-8080-exec-1] o.s.w.s.DispatcherServlet [FrameworkServlet.java:546] Completed initialization in 9 ms
2020-02-16 18:56:38,138 INFO [http-nio-8080-exec-1] c.z.h.HikariDataSource [HikariDataSource.java:110] HikariPool-1 - Starting...
2020-02-16 18:56:38,453 INFO [http-nio-8080-exec-1] c.z.h.HikariDataSource [HikariDataSource.java:123] HikariPool-1 - Start completed.
2020-02-16 18:56:38,872 INFO [http-nio-8080-exec-1] i.l.c.EpollProvider [EpollProvider.java:68] Starting without optional epoll library
2020-02-16 18:56:38,873 INFO [http-nio-8080-exec-1] i.l.c.KqueueProvider [KqueueProvider.java:70] Starting without optional kqueue library
2020-02-16 19:19:08,920 INFO [restartedMain] c.n.c.CommunityApplication [StartupInfoLogger.java:50] Starting CommunityApplication on DESKTOP-G9KOJV6 with PID 14768 (F:\javaproject\community\target\classes started by 59842 in F:\javaproject\community)
2020-02-16 19:19:08,923 INFO [restartedMain] c.n.c.CommunityApplication [SpringApplication.java:675] No active profile set, falling back to default profiles: default
2020-02-16 19:19:08,957 INFO [restartedMain] o.s.b.d.e.DevToolsPropertyDefaultsPostProcessor [DeferredLog.java:227] Devtools property defaults active! Set 'spring.devtools.add-properties' to 'false' to disable
2020-02-16 19:19:08,958 INFO [restartedMain] o.s.b.d.e.DevToolsPropertyDefaultsPostProcessor [DeferredLog.java:227] For additional web related logging consider setting the 'logging.level.web' property to 'DEBUG'
2020-02-16 19:19:25,091 INFO [restartedMain] c.n.c.CommunityApplication [StartupInfoLogger.java:50] Starting CommunityApplication on DESKTOP-G9KOJV6 with PID 3804 (F:\javaproject\community\target\classes started by 59842 in F:\javaproject\community)
2020-02-16 19:19:25,116 INFO [restartedMain] c.n.c.CommunityApplication [SpringApplication.java:675] No active profile set, falling back to default profiles: default
2020-02-16 19:19:25,156 INFO [restartedMain] o.s.b.d.e.DevToolsPropertyDefaultsPostProcessor [DeferredLog.java:227] Devtools property defaults active! Set 'spring.devtools.add-properties' to 'false' to disable
2020-02-16 19:19:25,157 INFO [restartedMain] o.s.b.d.e.DevToolsPropertyDefaultsPostProcessor [DeferredLog.java:227] For additional web related logging consider setting the 'logging.level.web' property to 'DEBUG'
2020-02-16 19:19:26,534 INFO [restartedMain] o.s.d.r.c.RepositoryConfigurationDelegate [RepositoryConfigurationDelegate.java:244] Multiple Spring Data modules found, entering strict repository configuration mode!
2020-02-16 19:19:26,536 INFO [restartedMain] o.s.d.r.c.RepositoryConfigurationDelegate [RepositoryConfigurationDelegate.java:126] Bootstrapping Spring Data repositories in DEFAULT mode.
2020-02-16 19:19:26,698 INFO [restartedMain] o.s.d.r.c.RepositoryConfigurationDelegate [RepositoryConfigurationDelegate.java:182] Finished Spring Data repository scanning in 38ms. Found 0 repository interfaces.
2020-02-16 19:19:28,424 INFO [restartedMain] o.s.c.s.PostProcessorRegistrationDelegate$BeanPostProcessorChecker [PostProcessorRegistrationDelegate.java:330] Bean 'org.springframework.transaction.annotation.ProxyTransactionManagementConfiguration' of type [org.springframework.transaction.annotation.ProxyTransactionManagementConfiguration$$EnhancerBySpringCGLIB$$d4c4f14f] is not eligible for getting processed by all BeanPostProcessors (for example: not eligible for auto-proxying)
2020-02-16 19:19:28,926 INFO [restartedMain] o.s.b.w.e.t.TomcatWebServer [TomcatWebServer.java:90] Tomcat initialized with port(s): 8080 (http)
2020-02-16 19:19:28,974 INFO [restartedMain] o.a.c.h.Http11NioProtocol [DirectJDKLog.java:173] Initializing ProtocolHandler ["http-nio-8080"]
2020-02-16 19:19:28,988 INFO [restartedMain] o.a.c.c.StandardService [DirectJDKLog.java:173] Starting service [Tomcat]
2020-02-16 19:19:28,988 INFO [restartedMain] o.a.c.c.StandardEngine [DirectJDKLog.java:173] Starting Servlet engine: [Apache Tomcat/9.0.19]
2020-02-16 19:19:29,093 INFO [restartedMain] o.a.c.c.C.[.[.[/community] [DirectJDKLog.java:173] Initializing Spring embedded WebApplicationContext
2020-02-16 19:19:29,094 INFO [restartedMain] o.s.w.c.ContextLoader [ServletWebServerApplicationContext.java:296] Root WebApplicationContext: initialization completed in 3937 ms
2020-02-16 19:19:31,318 INFO [restartedMain] o.s.s.c.ThreadPoolTaskExecutor [ExecutorConfigurationSupport.java:171] Initializing ExecutorService 'applicationTaskExecutor'
2020-02-16 19:19:31,592 INFO [restartedMain] o.s.b.a.w.s.WelcomePageHandlerMapping [WelcomePageHandlerMapping.java:61] Adding welcome page template: index
2020-02-16 19:19:31,959 INFO [restartedMain] o.s.b.d.a.OptionalLiveReloadServer [OptionalLiveReloadServer.java:57] LiveReload server is running on port 35729
2020-02-16 19:19:32,025 INFO [restartedMain] o.a.c.h.Http11NioProtocol [DirectJDKLog.java:173] Starting ProtocolHandler ["http-nio-8080"]
2020-02-16 19:19:32,051 INFO [restartedMain] o.s.b.w.e.t.TomcatWebServer [TomcatWebServer.java:204] Tomcat started on port(s): 8080 (http) with context path '/community'
2020-02-16 19:19:32,055 INFO [restartedMain] c.n.c.CommunityApplication [StartupInfoLogger.java:59] Started CommunityApplication in 7.457 seconds (JVM running for 17.512)
2020-02-16 19:19:55,817 INFO [http-nio-8080-exec-1] o.a.c.c.C.[.[.[/community] [DirectJDKLog.java:173] Initializing Spring DispatcherServlet 'dispatcherServlet'
2020-02-16 19:19:55,819 INFO [http-nio-8080-exec-1] o.s.w.s.DispatcherServlet [FrameworkServlet.java:524] Initializing Servlet 'dispatcherServlet'
2020-02-16 19:19:55,828 INFO [http-nio-8080-exec-1] o.s.w.s.DispatcherServlet [FrameworkServlet.java:546] Completed initialization in 9 ms
2020-02-16 19:19:55,867 INFO [http-nio-8080-exec-1] c.z.h.HikariDataSource [HikariDataSource.java:110] HikariPool-1 - Starting...
2020-02-16 19:19:56,077 INFO [http-nio-8080-exec-1] c.z.h.HikariDataSource [HikariDataSource.java:123] HikariPool-1 - Start completed.
2020-02-16 19:19:56,571 INFO [http-nio-8080-exec-1] i.l.c.EpollProvider [EpollProvider.java:68] Starting without optional epoll library
2020-02-16 19:19:56,573 INFO [http-nio-8080-exec-1] i.l.c.KqueueProvider [KqueueProvider.java:70] Starting without optional kqueue library
2020-02-16 19:21:23,700 INFO [restartedMain] c.n.c.CommunityApplication [StartupInfoLogger.java:50] Starting CommunityApplication on DESKTOP-G9KOJV6 with PID 4400 (F:\javaproject\community\target\classes started by 59842 in F:\javaproject\community)
2020-02-16 19:21:23,704 INFO [restartedMain] c.n.c.CommunityApplication [SpringApplication.java:675] No active profile set, falling back to default profiles: default
2020-02-16 19:21:23,753 INFO [restartedMain] o.s.b.d.e.DevToolsPropertyDefaultsPostProcessor [DeferredLog.java:227] Devtools property defaults active! Set 'spring.devtools.add-properties' to 'false' to disable
2020-02-16 19:21:23,753 INFO [restartedMain] o.s.b.d.e.DevToolsPropertyDefaultsPostProcessor [DeferredLog.java:227] For additional web related logging consider setting the 'logging.level.web' property to 'DEBUG'
2020-02-16 19:21:24,671 INFO [restartedMain] o.s.d.r.c.RepositoryConfigurationDelegate [RepositoryConfigurationDelegate.java:244] Multiple Spring Data modules found, entering strict repository configuration mode!
2020-02-16 19:21:24,675 INFO [restartedMain] o.s.d.r.c.RepositoryConfigurationDelegate [RepositoryConfigurationDelegate.java:126] Bootstrapping Spring Data repositories in DEFAULT mode.
2020-02-16 19:21:24,698 INFO [restartedMain] o.s.d.r.c.RepositoryConfigurationDelegate [RepositoryConfigurationDelegate.java:182] Finished Spring Data repository scanning in 11ms. Found 0 repository interfaces.
2020-02-16 19:21:25,112 INFO [restartedMain] o.s.c.s.PostProcessorRegistrationDelegate$BeanPostProcessorChecker [PostProcessorRegistrationDelegate.java:330] Bean 'org.springframework.transaction.annotation.ProxyTransactionManagementConfiguration' of type [org.springframework.transaction.annotation.ProxyTransactionManagementConfiguration$$EnhancerBySpringCGLIB$$5e1efebe] is not eligible for getting processed by all BeanPostProcessors (for example: not eligible for auto-proxying)
2020-02-16 19:21:25,510 INFO [restartedMain] o.s.b.w.e.t.TomcatWebServer [TomcatWebServer.java:90] Tomcat initialized with port(s): 8080 (http)
2020-02-16 19:21:25,524 INFO [restartedMain] o.a.c.h.Http11NioProtocol [DirectJDKLog.java:173] Initializing ProtocolHandler ["http-nio-8080"]
2020-02-16 19:21:25,533 INFO [restartedMain] o.a.c.c.StandardService [DirectJDKLog.java:173] Starting service [Tomcat]
2020-02-16 19:21:25,534 INFO [restartedMain] o.a.c.c.StandardEngine [DirectJDKLog.java:173] Starting Servlet engine: [Apache Tomcat/9.0.19]
2020-02-16 19:21:25,611 INFO [restartedMain] o.a.c.c.C.[.[.[/community] [DirectJDKLog.java:173] Initializing Spring embedded WebApplicationContext
2020-02-16 19:21:25,611 INFO [restartedMain] o.s.w.c.ContextLoader [ServletWebServerApplicationContext.java:296] Root WebApplicationContext: initialization completed in 1858 ms
2020-02-16 19:21:26,339 INFO [restartedMain] o.s.s.c.ThreadPoolTaskExecutor [ExecutorConfigurationSupport.java:171] Initializing ExecutorService 'applicationTaskExecutor'
2020-02-16 19:21:26,446 INFO [restartedMain] o.s.b.a.w.s.WelcomePageHandlerMapping [WelcomePageHandlerMapping.java:61] Adding welcome page template: index
2020-02-16 19:21:26,637 INFO [restartedMain] o.s.b.d.a.OptionalLiveReloadServer [OptionalLiveReloadServer.java:57] LiveReload server is running on port 35729
2020-02-16 19:21:26,671 INFO [restartedMain] o.a.c.h.Http11NioProtocol [DirectJDKLog.java:173] Starting ProtocolHandler ["http-nio-8080"]
2020-02-16 19:21:26,695 INFO [restartedMain] o.s.b.w.e.t.TomcatWebServer [TomcatWebServer.java:204] Tomcat started on port(s): 8080 (http) with context path '/community'
2020-02-16 19:21:26,700 INFO [restartedMain] c.n.c.CommunityApplication [StartupInfoLogger.java:59] Started CommunityApplication in 3.448 seconds (JVM running for 5.052)
2020-02-16 19:21:32,482 INFO [http-nio-8080-exec-2] o.a.c.c.C.[.[.[/community] [DirectJDKLog.java:173] Initializing Spring DispatcherServlet 'dispatcherServlet'
2020-02-16 19:21:32,484 INFO [http-nio-8080-exec-2] o.s.w.s.DispatcherServlet [FrameworkServlet.java:524] Initializing Servlet 'dispatcherServlet'
2020-02-16 19:21:32,491 INFO [http-nio-8080-exec-2] o.s.w.s.DispatcherServlet [FrameworkServlet.java:546] Completed initialization in 6 ms
2020-02-16 19:21:35,417 INFO [http-nio-8080-exec-4] c.z.h.HikariDataSource [HikariDataSource.java:110] HikariPool-1 - Starting...
2020-02-16 19:21:35,520 INFO [http-nio-8080-exec-4] c.z.h.HikariDataSource [HikariDataSource.java:123] HikariPool-1 - Start completed.
2020-02-16 19:21:35,801 INFO [http-nio-8080-exec-4] i.l.c.EpollProvider [EpollProvider.java:68] Starting without optional epoll library
2020-02-16 19:21:35,803 INFO [http-nio-8080-exec-4] i.l.c.KqueueProvider [KqueueProvider.java:70] Starting without optional kqueue library
2020-02-16 19:27:55,038 INFO [restartedMain] c.n.c.CommunityApplication [StartupInfoLogger.java:50] Starting CommunityApplication on DESKTOP-G9KOJV6 with PID 18512 (F:\javaproject\community\target\classes started by 59842 in F:\javaproject\community)
2020-02-16 19:27:55,043 INFO [restartedMain] c.n.c.CommunityApplication [SpringApplication.java:675] No active profile set, falling back to default profiles: default
2020-02-16 19:27:55,098 INFO [restartedMain] o.s.b.d.e.DevToolsPropertyDefaultsPostProcessor [DeferredLog.java:227] Devtools property defaults active! Set 'spring.devtools.add-properties' to 'false' to disable
2020-02-16 19:27:55,099 INFO [restartedMain] o.s.b.d.e.DevToolsPropertyDefaultsPostProcessor [DeferredLog.java:227] For additional web related logging consider setting the 'logging.level.web' property to 'DEBUG'
2020-02-16 19:27:56,032 INFO [restartedMain] o.s.d.r.c.RepositoryConfigurationDelegate [RepositoryConfigurationDelegate.java:244] Multiple Spring Data modules found, entering strict repository configuration mode!
2020-02-16 19:27:56,034 INFO [restartedMain] o.s.d.r.c.RepositoryConfigurationDelegate [RepositoryConfigurationDelegate.java:126] Bootstrapping Spring Data repositories in DEFAULT mode.
2020-02-16 19:27:56,055 INFO [restartedMain] o.s.d.r.c.RepositoryConfigurationDelegate [RepositoryConfigurationDelegate.java:182] Finished Spring Data repository scanning in 11ms. Found 0 repository interfaces.
2020-02-16 19:27:56,421 INFO [restartedMain] o.s.c.s.PostProcessorRegistrationDelegate$BeanPostProcessorChecker [PostProcessorRegistrationDelegate.java:330] Bean 'org.springframework.transaction.annotation.ProxyTransactionManagementConfiguration' of type [org.springframework.transaction.annotation.ProxyTransactionManagementConfiguration$$EnhancerBySpringCGLIB$$c582e858] is not eligible for getting processed by all BeanPostProcessors (for example: not eligible for auto-proxying)
2020-02-16 19:27:56,817 INFO [restartedMain] o.s.b.w.e.t.TomcatWebServer [TomcatWebServer.java:90] Tomcat initialized with port(s): 8080 (http)
2020-02-16 19:27:56,838 INFO [restartedMain] o.a.c.h.Http11NioProtocol [DirectJDKLog.java:173] Initializing ProtocolHandler ["http-nio-8080"]
2020-02-16 19:27:56,850 INFO [restartedMain] o.a.c.c.StandardService [DirectJDKLog.java:173] Starting service [Tomcat]
2020-02-16 19:27:56,851 INFO [restartedMain] o.a.c.c.StandardEngine [DirectJDKLog.java:173] Starting Servlet engine: [Apache Tomcat/9.0.19]
2020-02-16 19:27:56,935 INFO [restartedMain] o.a.c.c.C.[.[.[/community] [DirectJDKLog.java:173] Initializing Spring embedded WebApplicationContext
2020-02-16 19:27:56,936 INFO [restartedMain] o.s.w.c.ContextLoader [ServletWebServerApplicationContext.java:296] Root WebApplicationContext: initialization completed in 1836 ms
2020-02-16 19:27:57,919 INFO [restartedMain] o.s.s.c.ThreadPoolTaskExecutor [ExecutorConfigurationSupport.java:171] Initializing ExecutorService 'applicationTaskExecutor'
2020-02-16 19:27:58,046 INFO [restartedMain] o.s.b.a.w.s.WelcomePageHandlerMapping [WelcomePageHandlerMapping.java:61] Adding welcome page template: index
2020-02-16 19:27:58,265 INFO [restartedMain] o.s.b.d.a.OptionalLiveReloadServer [OptionalLiveReloadServer.java:57] LiveReload server is running on port 35729
2020-02-16 19:27:58,297 INFO [restartedMain] o.a.c.h.Http11NioProtocol [DirectJDKLog.java:173] Starting ProtocolHandler ["http-nio-8080"]
2020-02-16 19:27:58,321 INFO [restartedMain] o.s.b.w.e.t.TomcatWebServer [TomcatWebServer.java:204] Tomcat started on port(s): 8080 (http) with context path '/community'
2020-02-16 19:27:58,326 INFO [restartedMain] c.n.c.CommunityApplication [StartupInfoLogger.java:59] Started CommunityApplication in 3.713 seconds (JVM running for 5.375)
2020-02-16 19:28:59,205 INFO [http-nio-8080-exec-1] o.a.c.c.C.[.[.[/community] [DirectJDKLog.java:173] Initializing Spring DispatcherServlet 'dispatcherServlet'
2020-02-16 19:28:59,206 INFO [http-nio-8080-exec-1] o.s.w.s.DispatcherServlet [FrameworkServlet.java:524] Initializing Servlet 'dispatcherServlet'
2020-02-16 19:28:59,215 INFO [http-nio-8080-exec-1] o.s.w.s.DispatcherServlet [FrameworkServlet.java:546] Completed initialization in 8 ms
2020-02-16 19:28:59,242 INFO [http-nio-8080-exec-1] c.z.h.HikariDataSource [HikariDataSource.java:110] HikariPool-1 - Starting...
2020-02-16 19:28:59,381 INFO [http-nio-8080-exec-1] c.z.h.HikariDataSource [HikariDataSource.java:123] HikariPool-1 - Start completed.
2020-02-16 19:28:59,687 INFO [http-nio-8080-exec-1] i.l.c.EpollProvider [EpollProvider.java:68] Starting without optional epoll library
2020-02-16 19:28:59,689 INFO [http-nio-8080-exec-1] i.l.c.KqueueProvider [KqueueProvider.java:70] Starting without optional kqueue library
2020-02-16 20:18:29,079 INFO [restartedMain] c.n.c.CommunityApplication [StartupInfoLogger.java:50] Starting CommunityApplication on DESKTOP-G9KOJV6 with PID 18060 (F:\javaproject\community\target\classes started by 59842 in F:\javaproject\community)
2020-02-16 20:18:29,081 INFO [restartedMain] c.n.c.CommunityApplication [SpringApplication.java:675] No active profile set, falling back to default profiles: default
2020-02-16 20:18:29,232 INFO [restartedMain] o.s.b.d.e.DevToolsPropertyDefaultsPostProcessor [DeferredLog.java:227] Devtools property defaults active! Set 'spring.devtools.add-properties' to 'false' to disable
2020-02-16 20:18:29,233 INFO [restartedMain] o.s.b.d.e.DevToolsPropertyDefaultsPostProcessor [DeferredLog.java:227] For additional web related logging consider setting the 'logging.level.web' property to 'DEBUG'
2020-02-16 20:18:31,103 INFO [restartedMain] o.s.d.r.c.RepositoryConfigurationDelegate [RepositoryConfigurationDelegate.java:244] Multiple Spring Data modules found, entering strict repository configuration mode!
2020-02-16 20:18:31,105 INFO [restartedMain] o.s.d.r.c.RepositoryConfigurationDelegate [RepositoryConfigurationDelegate.java:126] Bootstrapping Spring Data repositories in DEFAULT mode.
2020-02-16 20:18:31,153 INFO [restartedMain] o.s.d.r.c.RepositoryConfigurationDelegate [RepositoryConfigurationDelegate.java:182] Finished Spring Data repository scanning in 16ms. Found 0 repository interfaces.
2020-02-16 20:18:31,780 INFO [restartedMain] o.s.c.s.PostProcessorRegistrationDelegate$BeanPostProcessorChecker [PostProcessorRegistrationDelegate.java:330] Bean 'org.springframework.transaction.annotation.ProxyTransactionManagementConfiguration' of type [org.springframework.transaction.annotation.ProxyTransactionManagementConfiguration$$EnhancerBySpringCGLIB$$2fc9c165] is not eligible for getting processed by all BeanPostProcessors (for example: not eligible for auto-proxying)
2020-02-16 20:18:32,319 INFO [restartedMain] o.s.b.w.e.t.TomcatWebServer [TomcatWebServer.java:90] Tomcat initialized with port(s): 8080 (http)
2020-02-16 20:18:32,350 INFO [restartedMain] o.a.c.h.Http11NioProtocol [DirectJDKLog.java:173] Initializing ProtocolHandler ["http-nio-8080"]
2020-02-16 20:18:32,396 INFO [restartedMain] o.a.c.c.StandardService [DirectJDKLog.java:173] Starting service [Tomcat]
2020-02-16 20:18:32,397 INFO [restartedMain] o.a.c.c.StandardEngine [DirectJDKLog.java:173] Starting Servlet engine: [Apache Tomcat/9.0.19]
2020-02-16 20:18:32,543 INFO [restartedMain] o.a.c.c.C.[.[.[/community] [DirectJDKLog.java:173] Initializing Spring embedded WebApplicationContext
2020-02-16 20:18:32,543 INFO [restartedMain] o.s.w.c.ContextLoader [ServletWebServerApplicationContext.java:296] Root WebApplicationContext: initialization completed in 3310 ms
2020-02-16 20:18:33,917 INFO [restartedMain] o.s.s.c.ThreadPoolTaskExecutor [ExecutorConfigurationSupport.java:171] Initializing ExecutorService 'applicationTaskExecutor'
2020-02-16 20:18:34,017 INFO [restartedMain] o.s.b.a.w.s.WelcomePageHandlerMapping [WelcomePageHandlerMapping.java:61] Adding welcome page template: index
2020-02-16 20:18:34,272 INFO [restartedMain] o.s.b.d.a.OptionalLiveReloadServer [OptionalLiveReloadServer.java:57] LiveReload server is running on port 35729
2020-02-16 20:18:34,329 INFO [restartedMain] o.a.c.h.Http11NioProtocol [DirectJDKLog.java:173] Starting ProtocolHandler ["http-nio-8080"]
2020-02-16 20:18:34,352 INFO [restartedMain] o.s.b.w.e.t.TomcatWebServer [TomcatWebServer.java:204] Tomcat started on port(s): 8080 (http) with context path '/community'
2020-02-16 20:18:34,356 INFO [restartedMain] c.n.c.CommunityApplication [StartupInfoLogger.java:59] Started CommunityApplication in 6.403 seconds (JVM running for 12.133)
2020-02-16 20:19:09,814 INFO [http-nio-8080-exec-1] o.a.c.c.C.[.[.[/community] [DirectJDKLog.java:173] Initializing Spring DispatcherServlet 'dispatcherServlet'
2020-02-16 20:19:09,815 INFO [http-nio-8080-exec-1] o.s.w.s.DispatcherServlet [FrameworkServlet.java:524] Initializing Servlet 'dispatcherServlet'
2020-02-16 20:19:09,826 INFO [http-nio-8080-exec-1] o.s.w.s.DispatcherServlet [FrameworkServlet.java:546] Completed initialization in 10 ms
2020-02-16 20:19:09,901 INFO [http-nio-8080-exec-1] c.z.h.HikariDataSource [HikariDataSource.java:110] HikariPool-1 - Starting...
2020-02-16 20:19:10,299 INFO [http-nio-8080-exec-1] c.z.h.HikariDataSource [HikariDataSource.java:123] HikariPool-1 - Start completed.
2020-02-16 20:19:10,856 INFO [http-nio-8080-exec-1] i.l.c.EpollProvider [EpollProvider.java:68] Starting without optional epoll library
2020-02-16 20:19:10,858 INFO [http-nio-8080-exec-1] i.l.c.KqueueProvider [KqueueProvider.java:70] Starting without optional kqueue library
